#
# A fatal error has been detected by the Java Runtime Environment:
#
#  EXCEPTION_ACCESS_VIOLATION (0xc0000005) at pc=0x000007fefe7e3370, pid=8148, tid=7324
#
# JRE version: Java(TM) SE Runtime Environment (8.0_45-b15) (build 1.8.0_45-b15)
# Java VM: Java HotSpot(TM) 64-Bit Server VM (25.45-b02 mixed mode windows-amd64 compressed oops)
# Problematic frame:
# C  [SHELL32.dll+0x53370]
#
# Failed to write core dump. Minidumps are not enabled by default on client versions of Windows
#
# If you would like to submit a bug report, please visit:
#   http://bugreport.java.com/bugreport/crash.jsp
# The crash happened outside the Java Virtual Machine in native code.
# See problematic frame for where to report the bug.
#

---------------  T H R E A D  ---------------

Current thread (0x0000000057a8f800):  JavaThread "JavaFX Application Thread" [_thread_in_native, id=7324, stack(0x0000000059340000,0x0000000059440000)]

siginfo: ExceptionCode=0xc0000005, writing address 0x000000000000000b

Registers:
RAX=0x000000000000000b, RBX=0x000000005df77cc0, RCX=0x000000005df7a1e0, RDX=0xfffffffffb647980
RSP=0x000000005943b428, RBP=0x000000005df7a1e0, RSI=0x000000005df78d80, RDI=0x0000000000000000
R8 =0x0000000000000000, R9 =0x0000000000000000, R10=0x35722eaa9b92c99f, R11=0x000000005ddf3b00
R12=0x0000000000000000, R13=0x000000000000000b, R14=0x000000005e556630, R15=0x0000000000000000
RIP=0x000007fefe7e3370, EFLAGS=0x0000000000010246

Top of Stack: (sp=0x000000005943b428)
0x000000005943b428:   000007fefe7b5d89 000000005df77cc0
0x000000005943b438:   0000000000000064 0000000000000064
0x000000005943b448:   0000000000000003 000000005943b468
0x000000005943b458:   0000000000000030 000000005df78d80
0x000000005943b468:   ffffff8700000003 000000005f9b8010
0x000000005943b478:   0000000000000001 000000005ddf0db0
0x000000005943b488:   47f292f008244ee6 35722eaa9b92c99f
0x000000005943b498:   ffffffffffffff87 00000000ffffffff
0x000000005943b4a8:   0057005c003a0043 006f0064006e0069
0x000000005943b4b8:   0073005c00730077 0065007400730079
0x000000005943b4c8:   005c00320033006d 006800730074006e
0x000000005943b4d8:   002e006900750072 0000006c006c0064
0x000000005943b4e8:   0000000000000000 0000000000000000
0x000000005943b4f8:   0000000000000000 0000000000000000
0x000000005943b508:   0000000000000000 0000000000000000
0x000000005943b518:   0000000000000000 0000000000000000 

Instructions: (pc=0x000007fefe7e3370)
0x000007fefe7e3350:   00 00 00 00 00 00 00 00 00 00 00 00 00 00 00 00
0x000007fefe7e3360:   00 00 00 00 00 00 00 00 00 00 00 00 00 00 00 00
0x000007fefe7e3370:   00 00 00 00 00 00 00 00 00 00 00 00 00 00 00 00
0x000007fefe7e3380:   00 00 00 00 00 00 00 00 00 00 00 00 00 00 00 00 


Register to memory mapping:

RAX=0x000000000000000b is an unknown value
RBX=0x000000005df77cc0 is an unknown value
RCX=0x000000005df7a1e0 is an unknown value
RDX=0xfffffffffb647980 is an unknown value
RSP=0x000000005943b428 is pointing into the stack for thread: 0x0000000057a8f800
RBP=0x000000005df7a1e0 is an unknown value
RSI=0x000000005df78d80 is an unknown value
RDI=0x0000000000000000 is an unknown value
R8 =0x0000000000000000 is an unknown value
R9 =0x0000000000000000 is an unknown value
R10=0x35722eaa9b92c99f is an unknown value
R11=0x000000005ddf3b00 is an unknown value
R12=0x0000000000000000 is an unknown value
R13=0x000000000000000b is an unknown value
R14=0x000000005e556630 is an unknown value
R15=0x0000000000000000 is an unknown value


Stack: [0x0000000059340000,0x0000000059440000],  sp=0x000000005943b428,  free space=1005k
Native frames: (J=compiled Java code, j=interpreted, Vv=VM code, C=native code)
C  [SHELL32.dll+0x53370]

Java frames: (J=compiled Java code, j=interpreted, Vv=VM code)
j  com.sun.glass.ui.win.WinWindow._createWindow(JJI)J+0
j  com.sun.glass.ui.Window.<init>(Lcom/sun/glass/ui/Window;Lcom/sun/glass/ui/Screen;I)V+357
j  com.sun.glass.ui.win.WinWindow.<init>(Lcom/sun/glass/ui/Window;Lcom/sun/glass/ui/Screen;I)V+4
j  com.sun.glass.ui.win.WinApplication.createWindow(Lcom/sun/glass/ui/Window;Lcom/sun/glass/ui/Screen;I)Lcom/sun/glass/ui/Window;+7
j  com.sun.javafx.tk.quantum.WindowStage.initPlatformWindow()V+250
j  com.sun.javafx.tk.quantum.WindowStage.init(Lcom/sun/javafx/tk/quantum/GlassSystemMenu;)Lcom/sun/javafx/tk/quantum/WindowStage;+1
j  com.sun.javafx.tk.quantum.QuantumToolkit.createTKStage(Ljavafx/stage/Window;ZLjavafx/stage/StageStyle;ZLjavafx/stage/Modality;Lcom/sun/javafx/tk/TKStage;ZLjava/security/AccessControlContext;)Lcom/sun/javafx/tk/TKStage;+50
j  javafx.stage.Stage.impl_visibleChanging(Z)V+139
j  javafx.stage.Window$9.invalidated()V+80
J 1177 C1 javafx.beans.property.BooleanPropertyBase.set(Z)V (110 bytes) @ 0x0000000002ba8884 [0x0000000002ba81a0+0x6e4]
j  javafx.stage.Window.setShowing(Z)V+11
j  javafx.stage.Window.show()V+2
j  javafx.stage.Stage.show()V+1
j  cl.main.Main.start(Ljavafx/stage/Stage;)V+149
j  com.sun.javafx.application.LauncherImpl.lambda$launchApplication1$159(Ljava/util/concurrent/atomic/AtomicBoolean;Ljavafx/application/Application;)V+20
j  com.sun.javafx.application.LauncherImpl$$Lambda$53.run()V+8
j  com.sun.javafx.application.PlatformImpl.lambda$runAndWait$172(Ljava/lang/Runnable;Ljava/util/concurrent/CountDownLatch;)V+1
j  com.sun.javafx.application.PlatformImpl$$Lambda$45.run()V+8
j  com.sun.javafx.application.PlatformImpl.lambda$null$170(Ljava/lang/Runnable;)Ljava/lang/Void;+1
j  com.sun.javafx.application.PlatformImpl$$Lambda$48.run()Ljava/lang/Object;+4
v  ~StubRoutines::call_stub
j  java.security.AccessController.doPrivileged(Ljava/security/PrivilegedAction;Ljava/security/AccessControlContext;)Ljava/lang/Object;+0
j  com.sun.javafx.application.PlatformImpl.lambda$runLater$171(Ljava/lang/Runnable;Ljava/security/AccessControlContext;)V+7
j  com.sun.javafx.application.PlatformImpl$$Lambda$47.run()V+8
j  com.sun.glass.ui.InvokeLaterDispatcher$Future.run()V+4
v  ~StubRoutines::call_stub
j  com.sun.glass.ui.win.WinApplication._runLoop(Ljava/lang/Runnable;)V+0
j  com.sun.glass.ui.win.WinApplication.lambda$null$145(Ljava/lang/Runnable;)V+7
j  com.sun.glass.ui.win.WinApplication$$Lambda$36.run()V+8
j  java.lang.Thread.run()V+11
v  ~StubRoutines::call_stub

---------------  P R O C E S S  ---------------

Java Threads: ( => current thread )
  0x00000000589d3800 JavaThread "Thread-5" [_thread_in_native, id=4992, stack(0x000000005d710000,0x000000005d810000)]
  0x000000005b79a800 JavaThread "memoryManagementThread" daemon [_thread_blocked, id=7808, stack(0x000000005d4f0000,0x000000005d5f0000)]
  0x00000000586a3800 JavaThread "Thread-3" daemon [_thread_in_native, id=4900, stack(0x000000005aa80000,0x000000005ab80000)]
  0x0000000058690800 JavaThread "JavaFX-Launcher" [_thread_blocked, id=7952, stack(0x000000005ad60000,0x000000005ae60000)]
=>0x0000000057a8f800 JavaThread "JavaFX Application Thread" [_thread_in_native, id=7324, stack(0x0000000059340000,0x0000000059440000)]
  0x0000000057a8b800 JavaThread "Thread-1" daemon [_thread_blocked, id=7548, stack(0x0000000059140000,0x0000000059240000)]
  0x0000000057a81000 JavaThread "QuantumRenderer-0" daemon [_thread_blocked, id=7604, stack(0x0000000058570000,0x0000000058670000)]
  0x0000000057768800 JavaThread "Service Thread" daemon [_thread_blocked, id=6432, stack(0x0000000058190000,0x0000000058290000)]
  0x00000000576db800 JavaThread "C1 CompilerThread2" daemon [_thread_blocked, id=2952, stack(0x0000000057390000,0x0000000057490000)]
  0x00000000576c4000 JavaThread "C2 CompilerThread1" daemon [_thread_blocked, id=5824, stack(0x0000000057fa0000,0x00000000580a0000)]
  0x000000005634e000 JavaThread "C2 CompilerThread0" daemon [_thread_blocked, id=4600, stack(0x0000000057e20000,0x0000000057f20000)]
  0x00000000576bb800 JavaThread "Attach Listener" daemon [_thread_blocked, id=5776, stack(0x0000000057c50000,0x0000000057d50000)]
  0x00000000576ba800 JavaThread "Signal Dispatcher" daemon [_thread_blocked, id=452, stack(0x0000000057b10000,0x0000000057c10000)]
  0x00000000562e8000 JavaThread "Finalizer" daemon [_thread_blocked, id=7820, stack(0x00000000575b0000,0x00000000576b0000)]
  0x00000000562e1000 JavaThread "Reference Handler" daemon [_thread_blocked, id=7084, stack(0x00000000574b0000,0x00000000575b0000)]
  0x000000000256e000 JavaThread "main" [_thread_blocked, id=7828, stack(0x00000000025b0000,0x00000000026b0000)]

Other Threads:
  0x00000000562db800 VMThread [stack: 0x0000000057270000,0x0000000057370000] [id=5136]
  0x000000005770f800 WatcherThread [stack: 0x0000000058390000,0x0000000058490000] [id=6320]

VM state:not at safepoint (normal execution)

VM Mutex/Monitor currently owned by a thread: None

Heap:
 PSYoungGen      total 337920K, used 193503K [0x00000000e0c00000, 0x0000000100000000, 0x0000000100000000)
  eden space 171008K, 15% used [0x00000000e0c00000,0x00000000e25fb338,0x00000000eb300000)
  from space 166912K, 99% used [0x00000000f5d00000,0x00000000ffffcc10,0x0000000100000000)
  to   space 170496K, 0% used [0x00000000eb300000,0x00000000eb300000,0x00000000f5980000)
 ParOldGen       total 1024000K, used 767212K [0x00000000a2400000, 0x00000000e0c00000, 0x00000000e0c00000)
  object space 1024000K, 74% used [0x00000000a2400000,0x00000000d113b170,0x00000000e0c00000)
 Metaspace       used 16614K, capacity 17378K, committed 17536K, reserved 1064960K
  class space    used 2452K, capacity 2652K, committed 2688K, reserved 1048576K

Card table byte_map: [0x0000000011b30000,0x0000000011e20000] byte_map_base: 0x000000001161e000

Marking Bits: (ParMarkBitMap*) 0x000000006f214040
 Begin Bits: [0x0000000012780000, 0x0000000013ef0000)
 End Bits:   [0x0000000013ef0000, 0x0000000015660000)

Polling page: 0x0000000000440000

CodeCache: size=245760Kb used=5058Kb max_used=5058Kb free=240702Kb
 bounds [0x0000000002770000, 0x0000000002c70000, 0x0000000011770000]
 total_blobs=2023 nmethods=1440 adapters=495
 compilation: enabled

Compilation events (10 events):
Event: 26.458 Thread 0x00000000576db800 1438       1       java.util.zip.ZipFile::access$400 (5 bytes)
Event: 26.458 Thread 0x00000000576db800 nmethod 1438 0x0000000002c5a790 code [0x0000000002c5a8e0, 0x0000000002c5a9d0]
Event: 26.458 Thread 0x00000000576db800 1437       3       java.util.zip.ZipFile::access$200 (5 bytes)
Event: 26.458 Thread 0x00000000576db800 nmethod 1437 0x0000000002c5a410 code [0x0000000002c5a580, 0x0000000002c5a6e8]
Event: 26.458 Thread 0x00000000576db800 1436       1       java.util.zip.ZipEntry::getName (5 bytes)
Event: 26.459 Thread 0x00000000576db800 nmethod 1436 0x0000000002c5a150 code [0x0000000002c5a2a0, 0x0000000002c5a3b0]
Event: 26.459 Thread 0x00000000576db800 1439       3       java.nio.charset.CharsetDecoder::implReset (1 bytes)
Event: 26.459 Thread 0x00000000576db800 nmethod 1439 0x0000000002c59e50 code [0x0000000002c59fa0, 0x0000000002c5a0f0]
Event: 26.459 Thread 0x00000000576db800 1440       3       java.util.jar.JarFile$JarEntryIterator::hasMoreElements (5 bytes)
Event: 26.459 Thread 0x00000000576db800 nmethod 1440 0x0000000002c59950 code [0x0000000002c59ac0, 0x0000000002c59d48]

GC Heap History (10 events):
Event: 21.914 GC heap before
{Heap before GC invocations=34 (full 7):
 PSYoungGen      total 340480K, used 276380K [0x00000000e0c00000, 0x0000000100000000, 0x0000000100000000)
  eden space 171008K, 100% used [0x00000000e0c00000,0x00000000eb300000,0x00000000eb300000)
  from space 169472K, 62% used [0x00000000f5a80000,0x00000000fc167360,0x0000000100000000)
  to   space 170496K, 0% used [0x00000000eb300000,0x00000000eb300000,0x00000000f5980000)
 ParOldGen       total 826880K, used 610911K [0x00000000a2400000, 0x00000000d4b80000, 0x00000000e0c00000)
  object space 826880K, 73% used [0x00000000a2400000,0x00000000c7897c80,0x00000000d4b80000)
 Metaspace       used 16227K, capacity 16952K, committed 17280K, reserved 1064960K
  class space    used 2394K, capacity 2567K, committed 2688K, reserved 1048576K
Event: 22.239 GC heap after
Heap after GC invocations=34 (full 7):
 PSYoungGen      total 220160K, used 48800K [0x00000000e0c00000, 0x00000000ffa00000, 0x0000000100000000)
  eden space 171008K, 0% used [0x00000000e0c00000,0x00000000e0c00000,0x00000000eb300000)
  from space 49152K, 99% used [0x00000000eb300000,0x00000000ee2a8000,0x00000000ee300000)
  to   space 166912K, 0% used [0x00000000f5700000,0x00000000f5700000,0x00000000ffa00000)
 ParOldGen       total 826880K, used 716682K [0x00000000a2400000, 0x00000000d4b80000, 0x00000000e0c00000)
  object space 826880K, 86% used [0x00000000a2400000,0x00000000cdfe2890,0x00000000d4b80000)
 Metaspace       used 16227K, capacity 16952K, committed 17280K, reserved 1064960K
  class space    used 2394K, capacity 2567K, committed 2688K, reserved 1048576K
}
Event: 22.239 GC heap before
{Heap before GC invocations=35 (full 8):
 PSYoungGen      total 220160K, used 48800K [0x00000000e0c00000, 0x00000000ffa00000, 0x0000000100000000)
  eden space 171008K, 0% used [0x00000000e0c00000,0x00000000e0c00000,0x00000000eb300000)
  from space 49152K, 99% used [0x00000000eb300000,0x00000000ee2a8000,0x00000000ee300000)
  to   space 166912K, 0% used [0x00000000f5700000,0x00000000f5700000,0x00000000ffa00000)
 ParOldGen       total 826880K, used 716682K [0x00000000a2400000, 0x00000000d4b80000, 0x00000000e0c00000)
  object space 826880K, 86% used [0x00000000a2400000,0x00000000cdfe2890,0x00000000d4b80000)
 Metaspace       used 16227K, capacity 16952K, committed 17280K, reserved 1064960K
  class space    used 2394K, capacity 2567K, committed 2688K, reserved 1048576K
Event: 25.422 GC heap after
Heap after GC invocations=35 (full 8):
 PSYoungGen      total 220160K, used 0K [0x00000000e0c00000, 0x00000000ffa00000, 0x0000000100000000)
  eden space 171008K, 0% used [0x00000000e0c00000,0x00000000e0c00000,0x00000000eb300000)
  from space 49152K, 0% used [0x00000000eb300000,0x00000000eb300000,0x00000000ee300000)
  to   space 166912K, 0% used [0x00000000f5700000,0x00000000f5700000,0x00000000ffa00000)
 ParOldGen       total 1024000K, used 764964K [0x00000000a2400000, 0x00000000e0c00000, 0x00000000e0c00000)
  object space 1024000K, 74% used [0x00000000a2400000,0x00000000d0f09170,0x00000000e0c00000)
 Metaspace       used 16227K, capacity 16952K, committed 17280K, reserved 1064960K
  class space    used 2394K, capacity 2567K, committed 2688K, reserved 1048576K
}
Event: 25.578 GC heap before
{Heap before GC invocations=36 (full 8):
 PSYoungGen      total 220160K, used 171008K [0x00000000e0c00000, 0x00000000ffa00000, 0x0000000100000000)
  eden space 171008K, 100% used [0x00000000e0c00000,0x00000000eb300000,0x00000000eb300000)
  from space 49152K, 0% used [0x00000000eb300000,0x00000000eb300000,0x00000000ee300000)
  to   space 166912K, 0% used [0x00000000f5700000,0x00000000f5700000,0x00000000ffa00000)
 ParOldGen       total 1024000K, used 764964K [0x00000000a2400000, 0x00000000e0c00000, 0x00000000e0c00000)
  object space 1024000K, 74% used [0x00000000a2400000,0x00000000d0f09170,0x00000000e0c00000)
 Metaspace       used 16227K, capacity 16952K, committed 17280K, reserved 1064960K
  class space    used 2394K, capacity 2567K, committed 2688K, reserved 1048576K
Event: 25.691 GC heap after
Heap after GC invocations=36 (full 8):
 PSYoungGen      total 345600K, used 53779K [0x00000000e0c00000, 0x0000000100000000, 0x0000000100000000)
  eden space 178688K, 0% used [0x00000000e0c00000,0x00000000e0c00000,0x00000000eba80000)
  from space 166912K, 32% used [0x00000000f5700000,0x00000000f8b84c10,0x00000000ffa00000)
  to   space 160256K, 0% used [0x00000000eba80000,0x00000000eba80000,0x00000000f5700000)
 ParOldGen       total 1024000K, used 764964K [0x00000000a2400000, 0x00000000e0c00000, 0x00000000e0c00000)
  object space 1024000K, 74% used [0x00000000a2400000,0x00000000d0f09170,0x00000000e0c00000)
 Metaspace       used 16227K, capacity 16952K, committed 17280K, reserved 1064960K
  class space    used 2394K, capacity 2567K, committed 2688K, reserved 1048576K
}
Event: 25.772 GC heap before
{Heap before GC invocations=37 (full 8):
 PSYoungGen      total 345600K, used 232467K [0x00000000e0c00000, 0x0000000100000000, 0x0000000100000000)
  eden space 178688K, 100% used [0x00000000e0c00000,0x00000000eba80000,0x00000000eba80000)
  from space 166912K, 32% used [0x00000000f5700000,0x00000000f8b84c10,0x00000000ffa00000)
  to   space 160256K, 0% used [0x00000000eba80000,0x00000000eba80000,0x00000000f5700000)
 ParOldGen       total 1024000K, used 764964K [0x00000000a2400000, 0x00000000e0c00000, 0x00000000e0c00000)
  object space 1024000K, 74% used [0x00000000a2400000,0x00000000d0f09170,0x00000000e0c00000)
 Metaspace       used 16227K, capacity 16952K, committed 17280K, reserved 1064960K
  class space    used 2394K, capacity 2567K, committed 2688K, reserved 1048576K
Event: 25.946 GC heap after
Heap after GC invocations=37 (full 8):
 PSYoungGen      total 338944K, used 111475K [0x00000000e0c00000, 0x0000000100000000, 0x0000000100000000)
  eden space 178688K, 0% used [0x00000000e0c00000,0x00000000e0c00000,0x00000000eba80000)
  from space 160256K, 69% used [0x00000000eba80000,0x00000000f275cc10,0x00000000f5700000)
  to   space 166912K, 0% used [0x00000000f5d00000,0x00000000f5d00000,0x0000000100000000)
 ParOldGen       total 1024000K, used 764964K [0x00000000a2400000, 0x00000000e0c00000, 0x00000000e0c00000)
  object space 1024000K, 74% used [0x00000000a2400000,0x00000000d0f09170,0x00000000e0c00000)
 Metaspace       used 16227K, capacity 16952K, committed 17280K, reserved 1064960K
  class space    used 2394K, capacity 2567K, committed 2688K, reserved 1048576K
}
Event: 26.036 GC heap before
{Heap before GC invocations=38 (full 8):
 PSYoungGen      total 338944K, used 290163K [0x00000000e0c00000, 0x0000000100000000, 0x0000000100000000)
  eden space 178688K, 100% used [0x00000000e0c00000,0x00000000eba80000,0x00000000eba80000)
  from space 160256K, 69% used [0x00000000eba80000,0x00000000f275cc10,0x00000000f5700000)
  to   space 166912K, 0% used [0x00000000f5d00000,0x00000000f5d00000,0x0000000100000000)
 ParOldGen       total 1024000K, used 764964K [0x00000000a2400000, 0x00000000e0c00000, 0x00000000e0c00000)
  object space 1024000K, 74% used [0x00000000a2400000,0x00000000d0f09170,0x00000000e0c00000)
 Metaspace       used 16227K, capacity 16952K, committed 17280K, reserved 1064960K
  class space    used 2394K, capacity 2567K, committed 2688K, reserved 1048576K
Event: 26.330 GC heap after
Heap after GC invocations=38 (full 8):
 PSYoungGen      total 337920K, used 166899K [0x00000000e0c00000, 0x0000000100000000, 0x0000000100000000)
  eden space 171008K, 0% used [0x00000000e0c00000,0x00000000e0c00000,0x00000000eb300000)
  from space 166912K, 99% used [0x00000000f5d00000,0x00000000ffffcc10,0x0000000100000000)
  to   space 170496K, 0% used [0x00000000eb300000,0x00000000eb300000,0x00000000f5980000)
 ParOldGen       total 1024000K, used 767212K [0x00000000a2400000, 0x00000000e0c00000, 0x00000000e0c00000)
  object space 1024000K, 74% used [0x00000000a2400000,0x00000000d113b170,0x00000000e0c00000)
 Metaspace       used 16227K, capacity 16952K, committed 17280K, reserved 1064960K
  class space    used 2394K, capacity 2567K, committed 2688K, reserved 1048576K
}

Deoptimization events (10 events):
Event: 2.962 Thread 0x0000000057a8f800 Uncommon trap: reason=array_check action=maybe_recompile pc=0x0000000002bf6acc method=wrapper.core.CBufferFactory.allocStruct(Ljava/lang/String;Lwrapper/core/CContext;Ljava/lang/Class;IJ)Lwrapper/core/buffer/CStructBuffer; @ 44
Event: 2.962 Thread 0x0000000057a8f800 Uncommon trap: reason=array_check action=maybe_recompile pc=0x0000000002bf6acc method=wrapper.core.CBufferFactory.allocStruct(Ljava/lang/String;Lwrapper/core/CContext;Ljava/lang/Class;IJ)Lwrapper/core/buffer/CStructBuffer; @ 44
Event: 5.473 Thread 0x0000000057a8f800 Uncommon trap: reason=unstable_if action=reinterpret pc=0x0000000002bf8308 method=wrapper.core.CBufferFactory.allocStruct(Ljava/lang/String;Lwrapper/core/CContext;Ljava/lang/Class;IJ)Lwrapper/core/buffer/CStructBuffer; @ 30
Event: 5.505 Thread 0x0000000057a8f800 Uncommon trap: reason=unstable_if action=reinterpret pc=0x0000000002bdf614 method=java.lang.Class.newInstance()Ljava/lang/Object; @ 19
Event: 5.505 Thread 0x0000000057a8f800 Uncommon trap: reason=unstable_if action=reinterpret pc=0x0000000002be0460 method=java.lang.reflect.Field.getFieldAccessor(Ljava/lang/Object;)Lsun/reflect/FieldAccessor; @ 22
Event: 10.493 Thread 0x0000000057a8f800 Uncommon trap: reason=null_check action=make_not_entrant pc=0x0000000002c0eb38 method=java.lang.reflect.Array.newInstance(Ljava/lang/Class;I)Ljava/lang/Object; @ 2
Event: 15.956 Thread 0x0000000057a8f800 Uncommon trap: reason=unstable_if action=reinterpret pc=0x0000000002c0a888 method=org.jocl.struct.Struct.initFields()V @ 84
Event: 15.957 Thread 0x0000000057a8f800 Uncommon trap: reason=unstable_if action=reinterpret pc=0x0000000002c06408 method=org.jocl.struct.Struct.initFields()V @ 84
Event: 26.373 Thread 0x0000000057a8f800 Uncommon trap: reason=unstable_if action=reinterpret pc=0x0000000002be18bc method=java.lang.Class.getConstructor0([Ljava/lang/Class;I)Ljava/lang/reflect/Constructor; @ 48
Event: 26.446 Thread 0x0000000057a8f800 Uncommon trap: reason=unstable_if action=reinterpret pc=0x0000000002a7f9e4 method=sun.misc.URLClassPath$JarLoader.getResource(Ljava/lang/String;Z)Lsun/misc/Resource; @ 62

Internal exceptions (10 events):
Event: 0.764 Thread 0x0000000057a8f800 Exception <a 'java/lang/ArrayIndexOutOfBoundsException'> (0x00000000e0d69d80) thrown at [C:\re\workspace\8-2-build-windows-amd64-cygwin\jdk8u45\3627\hotspot\src\share\vm\runtime\sharedRuntime.cpp, line 605]
Event: 0.764 Thread 0x0000000057a8f800 Exception <a 'java/lang/ArrayIndexOutOfBoundsException'> (0x00000000e0d6aa00) thrown at [C:\re\workspace\8-2-build-windows-amd64-cygwin\jdk8u45\3627\hotspot\src\share\vm\runtime\sharedRuntime.cpp, line 605]
Event: 0.765 Thread 0x0000000057a8f800 Exception <a 'java/lang/ArrayIndexOutOfBoundsException'> (0x00000000e0d6bcf8) thrown at [C:\re\workspace\8-2-build-windows-amd64-cygwin\jdk8u45\3627\hotspot\src\share\vm\runtime\sharedRuntime.cpp, line 605]
Event: 0.766 Thread 0x0000000057a8f800 Exception <a 'java/lang/ArrayIndexOutOfBoundsException'> (0x00000000e0d6df58) thrown at [C:\re\workspace\8-2-build-windows-amd64-cygwin\jdk8u45\3627\hotspot\src\share\vm\runtime\sharedRuntime.cpp, line 605]
Event: 0.766 Thread 0x0000000057a8f800 Exception <a 'java/lang/ArrayIndexOutOfBoundsException'> (0x00000000e0d6ef28) thrown at [C:\re\workspace\8-2-build-windows-amd64-cygwin\jdk8u45\3627\hotspot\src\share\vm\runtime\sharedRuntime.cpp, line 605]
Event: 0.801 Thread 0x0000000057a8f800 Exception <a 'java/lang/ArrayIndexOutOfBoundsException'> (0x00000000e0e7ef70) thrown at [C:\re\workspace\8-2-build-windows-amd64-cygwin\jdk8u45\3627\hotspot\src\share\vm\runtime\sharedRuntime.cpp, line 605]
Event: 0.927 Thread 0x0000000057a8f800 Exception <a 'java/lang/ArrayIndexOutOfBoundsException'> (0x00000000e1252ba8) thrown at [C:\re\workspace\8-2-build-windows-amd64-cygwin\jdk8u45\3627\hotspot\src\share\vm\runtime\sharedRuntime.cpp, line 605]
Event: 0.949 Thread 0x0000000057a8f800 Exception <a 'java/lang/ArrayIndexOutOfBoundsException'> (0x00000000e12d3220) thrown at [C:\re\workspace\8-2-build-windows-amd64-cygwin\jdk8u45\3627\hotspot\src\share\vm\runtime\sharedRuntime.cpp, line 605]
Event: 0.952 Thread 0x0000000057a8f800 Exception <a 'java/lang/ArrayIndexOutOfBoundsException'> (0x00000000e12e5278) thrown at [C:\re\workspace\8-2-build-windows-amd64-cygwin\jdk8u45\3627\hotspot\src\share\vm\runtime\sharedRuntime.cpp, line 605]
Event: 5.505 Thread 0x0000000057a8f800 Implicit null exception at 0x0000000002be01f3 to 0x0000000002be0445

Events (10 events):
Event: 26.448 loading class java/util/PropertyResourceBundle
Event: 26.448 loading class java/util/PropertyResourceBundle done
Event: 26.449 loading class com/sun/javafx/tk/quantum/QuantumMessagesBundle_en
Event: 26.449 loading class com/sun/javafx/tk/quantum/QuantumMessagesBundle_en done
Event: 26.451 loading class com/sun/javafx/tk/quantum/QuantumMessagesBundle_en_US
Event: 26.451 loading class com/sun/javafx/tk/quantum/QuantumMessagesBundle_en_US done
Event: 26.456 loading class com/sun/javafx/tk/quantum/WindowStage$1
Event: 26.456 loading class com/sun/javafx/tk/quantum/WindowStage$1 done
Event: 26.457 loading class com/sun/javafx/tk/FocusCause
Event: 26.457 loading class com/sun/javafx/tk/FocusCause done


Dynamic libraries:
0x000000013fc90000 - 0x000000013fcc7000 	C:\Program Files\Java\jdk1.8.0_45\bin\java.exe
0x0000000077300000 - 0x00000000774a9000 	C:\Windows\SYSTEM32\ntdll.dll
0x00000000770e0000 - 0x00000000771ff000 	C:\Windows\system32\kernel32.dll
0x000007fefd120000 - 0x000007fefd18b000 	C:\Windows\system32\KERNELBASE.dll
0x000007fefd8d0000 - 0x000007fefd9ab000 	C:\Windows\system32\ADVAPI32.dll
0x000007fefe6f0000 - 0x000007fefe78f000 	C:\Windows\system32\msvcrt.dll
0x000007fefdc20000 - 0x000007fefdc3f000 	C:\Windows\SYSTEM32\sechost.dll
0x000007fefdc90000 - 0x000007fefddbd000 	C:\Windows\system32\RPCRT4.dll
0x0000000077200000 - 0x00000000772fa000 	C:\Windows\system32\USER32.dll
0x000007fefe1b0000 - 0x000007fefe217000 	C:\Windows\system32\GDI32.dll
0x000007fefe380000 - 0x000007fefe38e000 	C:\Windows\system32\LPK.dll
0x000007fefe620000 - 0x000007fefe6e9000 	C:\Windows\system32\USP10.dll
0x000007fefb5d0000 - 0x000007fefb7c4000 	C:\Windows\WinSxS\amd64_microsoft.windows.common-controls_6595b64144ccf1df_6.0.7601.17514_none_fa396087175ac9ac\COMCTL32.dll
0x000007fefe220000 - 0x000007fefe291000 	C:\Windows\system32\SHLWAPI.dll
0x000007fefdc60000 - 0x000007fefdc8e000 	C:\Windows\system32\IMM32.DLL
0x000007fefe390000 - 0x000007fefe499000 	C:\Windows\system32\MSCTF.dll
0x00000000730a0000 - 0x0000000073172000 	C:\Program Files\Java\jdk1.8.0_45\jre\bin\msvcr100.dll
0x000000006ea10000 - 0x000000006f293000 	C:\Program Files\Java\jdk1.8.0_45\jre\bin\server\jvm.dll
0x000007fef82c0000 - 0x000007fef82c9000 	C:\Windows\system32\WSOCK32.dll
0x000007feff520000 - 0x000007feff56d000 	C:\Windows\system32\WS2_32.dll
0x000007fefdc10000 - 0x000007fefdc18000 	C:\Windows\system32\NSI.dll
0x000007fef8f00000 - 0x000007fef8f3b000 	C:\Windows\system32\WINMM.dll
0x000007fefc1a0000 - 0x000007fefc1ac000 	C:\Windows\system32\VERSION.dll
0x00000000774c0000 - 0x00000000774c7000 	C:\Windows\system32\PSAPI.DLL
0x0000000074560000 - 0x000000007456f000 	C:\Program Files\Java\jdk1.8.0_45\jre\bin\verify.dll
0x0000000074110000 - 0x0000000074139000 	C:\Program Files\Java\jdk1.8.0_45\jre\bin\java.dll
0x0000000074280000 - 0x0000000074296000 	C:\Program Files\Java\jdk1.8.0_45\jre\bin\zip.dll
0x000007fefe790000 - 0x000007feff518000 	C:\Windows\system32\SHELL32.dll
0x000007fefddc0000 - 0x000007fefdfc3000 	C:\Windows\system32\ole32.dll
0x000007fefd0b0000 - 0x000007fefd0bf000 	C:\Windows\system32\profapi.dll
0x0000000073cb0000 - 0x0000000073cdc000 	C:\Program Files\Java\jdk1.8.0_45\jre\bin\prism_d3d.dll
0x000007fedcf90000 - 0x000007fedd18f000 	C:\Windows\system32\d3d9.dll
0x000007fee6af0000 - 0x000007fee6af7000 	C:\Windows\system32\d3d8thk.dll
0x000007fef9870000 - 0x000007fef9888000 	C:\Windows\system32\dwmapi.dll
0x000007fefa640000 - 0x000007fefa696000 	C:\Windows\system32\uxtheme.dll
0x000007fecf330000 - 0x000007fed0a59000 	C:\Windows\system32\igdumdim64.dll
0x0000000073870000 - 0x00000000738b1000 	C:\Program Files\Java\jdk1.8.0_45\jre\bin\glass.dll
0x000007feff570000 - 0x000007feff607000 	C:\Windows\system32\COMDLG32.dll
0x000007fefe2a0000 - 0x000007fefe377000 	C:\Windows\system32\OLEAUT32.dll
0x000007fefcf50000 - 0x000007fefcf5f000 	C:\Windows\system32\CRYPTBASE.dll
0x000007feebfe0000 - 0x000007feec97f000 	C:\Windows\system32\igdusc64.dll
0x00000000733f0000 - 0x0000000073405000 	C:\Program Files\Java\jdk1.8.0_45\jre\bin\javafx_font.dll
0x000007fedcb80000 - 0x000007fedcd16000 	C:\Windows\system32\dwrite.dll
0x0000000073bd0000 - 0x0000000073bea000 	C:\Program Files\Java\jdk1.8.0_45\jre\bin\net.dll
0x000007fefc890000 - 0x000007fefc8e5000 	C:\Windows\system32\mswsock.dll
0x000007fefc880000 - 0x000007fefc887000 	C:\Windows\System32\wship6.dll
0x0000000073b90000 - 0x0000000073ba1000 	C:\Program Files\Java\jdk1.8.0_45\jre\bin\nio.dll
0x000007fee75d0000 - 0x000007fee760d000 	C:\Users\user\AppData\Local\Temp\JOCL_2_0_0-windows-x86_64.dll
0x000007feee9b0000 - 0x000007feee9b3000 	C:\Windows\system32\api-ms-win-core-synch-l1-2-0.DLL
0x000007fef8e40000 - 0x000007fef8e5a000 	C:\Windows\system32\OpenCL.dll
0x000007fee7340000 - 0x000007fee73a1000 	C:\Windows\system32\IntelOpenCL64.dll
0x000007fedaff0000 - 0x000007fedb17e000 	C:\Program Files (x86)\Common Files\Intel\OpenCL\bin\x64\intelocl64.dll
0x000007fee6be0000 - 0x000007fee6c68000 	C:\Program Files (x86)\Common Files\Intel\OpenCL\bin\x64\task_executor64.dll
0x000007fee73e0000 - 0x000007fee74fd000 	C:\Windows\system32\OPENGL32.dll
0x000007fee7660000 - 0x000007fee768d000 	C:\Windows\system32\GLU32.dll
0x000007fee69e0000 - 0x000007fee6ad1000 	C:\Windows\system32\DDRAW.dll
0x000007fee7650000 - 0x000007fee7658000 	C:\Windows\system32\DCIMAN32.dll
0x000007fefdfd0000 - 0x000007fefe1a7000 	C:\Windows\system32\SETUPAPI.dll
0x000007fefd1b0000 - 0x000007fefd1e6000 	C:\Windows\system32\CFGMGR32.dll
0x000007fefd440000 - 0x000007fefd45a000 	C:\Windows\system32\DEVOBJ.dll
0x000007fee6b00000 - 0x000007fee6bd6000 	C:\Program Files (x86)\Common Files\Intel\OpenCL\bin\x64\cpu_device64.dll
0x000007fed9fc0000 - 0x000007feda7a0000 	C:\Windows\system32\igdrcl64.dll
0x000007feedc10000 - 0x000007feedc6d000 	C:\Windows\system32\dxgi.dll
0x000007fecdc40000 - 0x000007fecf32b000 	C:\Windows\system32\igdfcl64.dll
0x000007feee880000 - 0x000007feee9a5000 	C:\Windows\system32\dbghelp.dll
0x000007fede510000 - 0x000007fede578000 	C:\Windows\system32\igdbcl64.dll
0x000007fefe4a0000 - 0x000007fefe539000 	C:\Windows\system32\CLBCatQ.DLL
0x000007fefcef0000 - 0x000007fefcf47000 	C:\Windows\system32\apphelp.dll
0x000007feed760000 - 0x000007feed795000 	C:\Windows\system32\EhStorShell.dll
0x000007fefbda0000 - 0x000007fefbecc000 	C:\Windows\system32\PROPSYS.dll
0x000007feeaa80000 - 0x000007feeb0f1000 	C:\PROGRA~1\MICROS~1\Office14\GROOVEEX.DLL
0x00000000747c0000 - 0x000000007485d000 	C:\Windows\WinSxS\amd64_microsoft.vc90.crt_1fc8b3b9a1e18e3b_9.0.30729.4940_none_08e4299fa83d7e3c\MSVCR90.dll
0x0000000074860000 - 0x0000000074933000 	C:\Windows\WinSxS\amd64_microsoft.vc90.crt_1fc8b3b9a1e18e3b_9.0.30729.4940_none_08e4299fa83d7e3c\MSVCP90.dll
0x0000000074d70000 - 0x0000000074d9f000 	C:\Windows\WinSxS\amd64_microsoft.vc90.atl_1fc8b3b9a1e18e3b_9.0.30729.4148_none_0a1d2fcba76b3f00\ATL90.DLL
0x000007feed2f0000 - 0x000007feed6ff000 	C:\PROGRA~1\COMMON~1\MICROS~1\OFFICE14\Cultures\office.odf
0x000007feea210000 - 0x000007feeaa74000 	C:\PROGRA~1\MICROS~1\Office14\1033\GrooveIntlResource.dll
0x000007feed270000 - 0x000007feed2ee000 	C:\Windows\System32\cscui.dll
0x000007feed260000 - 0x000007feed26c000 	C:\Windows\System32\CSCDLL.dll
0x000007fef4170000 - 0x000007fef417f000 	C:\Windows\system32\CSCAPI.dll
0x000007feed1e0000 - 0x000007feed260000 	C:\Windows\system32\ntshrui.dll
0x000007fefcb90000 - 0x000007fefcbb3000 	C:\Windows\system32\srvcli.dll
0x000007fefb810000 - 0x000007fefb81b000 	C:\Windows\system32\slc.dll

VM Arguments:
jvm_args: -Dfile.encoding=UTF-8 -Xmx1500m 
java_command: cl.main.Main
java_class_path (initial): C:\Users\user\Desktop\Temp\jocl-2.0.0.jar;C:\Users\user\Documents\NetBeansProjects\JOCLWrapper\build\classes;C:\Users\user\Documents\NetBeansProjects\JOCLWrapper\dist\lib\JOCL-structs-0.0.1a-alpha.jar;C:\Users\user\Documents\GitHub\MultiThreadLibrary\build\classes;C:\Users\user\Documents\GitHub\Bitmap\build\classes;C:\Users\user\Documents\GitHub\FileSystem\build\classes;C:\Users\user\Documents\GitHub\Coordinate\build\classes;C:\Users\user\Documents\GitHub\MambaTracer\build\classes
Launcher Type: SUN_STANDARD

Environment Variables:
CLASSPATH=.;C:\Program Files (x86)\Java\jre1.8.0_60\lib\ext\QTJava.zip
PATH=C:\Program Files (x86)\Common Files\Oracle\Java\javapath;C:\ProgramData\Oracle\Java\javapath;C:\Windows\system32;C:\Windows;C:\Windows\System32\Wbem;C:\Windows\System32\WindowsPowerShell\v1.0\;C:\Program Files\Intel\WiFi\bin\;C:\Program Files\Common Files\Intel\WirelessCommon\;C:\Program Files (x86)\QuickTime\QTSystem\;C:\Program Files\Java\jdk1.8.0_45\bin;%LUXRENDER_ROOT%;C:\Program Files\nodejs\;C:\Users\user\Documents\Java\JOCL-0.2.0-RC-bin;C:\Users\user\AppData\Local\GitHubDesktop\bin;C:\Users\user\AppData\Roaming\npm;C:\Users\user\AppData\Local\Programs\Microsoft VS Code\bin
USERNAME=user
OS=Windows_NT
PROCESSOR_IDENTIFIER=Intel64 Family 6 Model 61 Stepping 4, GenuineIntel



---------------  S Y S T E M  ---------------

OS: Windows 7 , 64 bit Build 7601 (6.1.7601.18015)

CPU:total 4 (2 cores per cpu, 2 threads per core) family 6 model 61 stepping 4, cmov, cx8, fxsr, mmx, sse, sse2, sse3, ssse3, sse4.1, sse4.2, popcnt, avx, avx2, aes, clmul, erms, 3dnowpref, lzcnt, ht, tsc, tscinvbit, bmi1, bmi2, adx

Memory: 4k page, physical 4108492k(510624k free), swap 8215120k(1941192k free)

vm_info: Java HotSpot(TM) 64-Bit Server VM (25.45-b02) for windows-amd64 JRE (1.8.0_45-b15), built on Apr 30 2015 12:40:44 by "java_re" with MS VC++ 10.0 (VS2010)

time: Wed Sep 04 21:27:05 2019
elapsed time: 26 seconds (0d 0h 0m 26s)

