#
# A fatal error has been detected by the Java Runtime Environment:
#
#  EXCEPTION_ACCESS_VIOLATION (0xc0000005) at pc=0x000000007710573a, pid=1492, tid=6016
#
# JRE version: Java(TM) SE Runtime Environment (8.0_45-b15) (build 1.8.0_45-b15)
# Java VM: Java HotSpot(TM) 64-Bit Server VM (25.45-b02 mixed mode windows-amd64 compressed oops)
# Problematic frame:
# C  [ntdll.dll+0x2573a]
#
# Failed to write core dump. Minidumps are not enabled by default on client versions of Windows
#
# If you would like to submit a bug report, please visit:
#   http://bugreport.java.com/bugreport/crash.jsp
# The crash happened outside the Java Virtual Machine in native code.
# See problematic frame for where to report the bug.
#

---------------  T H R E A D  ---------------

Current thread (0x00000000024ee000):  JavaThread "main" [_thread_in_native, id=6016, stack(0x0000000002840000,0x0000000002940000)]

siginfo: ExceptionCode=0xc0000005, reading address 0xfffffffffffffff8

Registers:
RAX=0x0000000000000000, RBX=0x00000000001e0000, RCX=0x000000000000b005, RDX=0x0000000000100000
RSP=0x000000000293e990, RBP=0x00000000771f5450, RSI=0x000000005b02e670, RDI=0x0000000000000000
R8 =0x00000000000003ff, R9 =0x00000000001e51d8, R10=0x00000000001e0158, R11=0x00000000001e51c0
R12=0x000000000000b005, R13=0x000000000000b005, R14=0x00001fa10010000f, R15=0x000000005a7d0000
RIP=0x000000007710573a, EFLAGS=0x0000000000010206

Top of Stack: (sp=0x000000000293e990)
0x000000000293e990:   00000202002b002b 000000000293e801
0x000000000293e9a0:   000000000293e920 000000000293e890
0x000000000293e9b0:   0000000055d43e60 000000000293f2b0
0x000000000293e9c0:   00001fa10010000f 000000000293e801
0x000000000293e9d0:   00000000cd00ee23 000000000293e8c0
0x000000000293e9e0:   0000000002000002 000000000293f2b0
0x000000000293e9f0:   0000000000000000 0000000055def990
0x000000000293ea00:   0000000000000c02 0000000002930000
0x000000000293ea10:   0000000000000003 0000000000000000
0x000000000293ea20:   0000000000000000 00000000001e5200
0x000000000293ea30:   0000000059d7eb90 0000000000000001
0x000000000293ea40:   00000000001e0000 000000005b02e670
0x000000000293ea50:   000000005b02e670 0000000077105b00
0x000000000293ea60:   000000000000b005 0000ffff00001fa1
0x000000000293ea70:   8000000000000000 00000000001eb005
0x000000000293ea80:   8000000000000000 0000000000003fff 

Instructions: (pc=0x000000007710573a)
0x000000007710571a:   ff ff 41 83 7b 0c 00 74 02 03 ff 49 8b 43 30 48
0x000000007710572a:   8b 3c f8 4c 3b d7 74 41 85 d2 0f 84 2f 3e 07 00
0x000000007710573a:   8b 47 f8 8b 53 7c 85 d0 0f 84 18 3e 07 00 33 83
0x000000007710574a:   88 00 00 00 89 44 24 60 0f b7 44 24 60 0f b7 c0 


Register to memory mapping:

RAX=0x0000000000000000 is an unknown value
RBX=0x00000000001e0000 is an unknown value
RCX=0x000000000000b005 is an unknown value
RDX=0x0000000000100000 is an unknown value
RSP=0x000000000293e990 is pointing into the stack for thread: 0x00000000024ee000
RBP=0x00000000771f5450 is an unknown value
RSI=0x000000005b02e670 is an unknown value
RDI=0x0000000000000000 is an unknown value
R8 =0x00000000000003ff is an unknown value
R9 =0x00000000001e51d8 is an unknown value
R10=0x00000000001e0158 is an unknown value
R11=0x00000000001e51c0 is an unknown value
R12=0x000000000000b005 is an unknown value
R13=0x000000000000b005 is an unknown value
R14=0x00001fa10010000f is an unknown value
R15=0x000000005a7d0000 is an unknown value


Stack: [0x0000000002840000,0x0000000002940000],  sp=0x000000000293e990,  free space=1018k
Native frames: (J=compiled Java code, j=interpreted, Vv=VM code, C=native code)
C  [ntdll.dll+0x2573a]
C  [ntdll.dll+0x25b00]
C  [ntdll.dll+0x4e286]
C  [ntdll.dll+0x540fd]
C  [AcXtrnal.DLL+0x7e5f]
C  [kernel32.dll+0x2300a]
C  [igdrcl64.dll+0xb0248]
C  [igdrcl64.dll+0xaf8ee]
C  [igdrcl64.dll+0x9c45]
C  [igdrcl64.dll+0x866a]
C  [igdrcl64.dll+0x112c2]
C  [igdrcl64.dll+0x12026]
C  [igdrcl64.dll+0x3e88b]
C  [JOCL_2_0_0-windows-x86_64.dll+0x8bb4]
C  0x0000000002955e14

Java frames: (J=compiled Java code, j=interpreted, Vv=VM code)
j  org.jocl.CL.clEnqueueReadBufferNative(Lorg/jocl/cl_command_queue;Lorg/jocl/cl_mem;ZJJLorg/jocl/Pointer;I[Lorg/jocl/cl_event;Lorg/jocl/cl_event;)I+0
j  org.jocl.CL.clEnqueueReadBuffer(Lorg/jocl/cl_command_queue;Lorg/jocl/cl_mem;ZJJLorg/jocl/Pointer;I[Lorg/jocl/cl_event;Lorg/jocl/cl_event;)I+37
j  wrapper.core.CCommandQueue.putReadBuffer(Lwrapper/core/buffer/CStructBuffer;)Lwrapper/core/CCommandQueue;+21
j  wrapper.core.buffer.CStructBuffer.mapReadBuffer(Lwrapper/core/CCommandQueue;Lwrapper/core/CallBackArray;)[Lorg/jocl/struct/Struct;+2
j  test.compact.TestCompact.main([Ljava/lang/String;)V+157
v  ~StubRoutines::call_stub

---------------  P R O C E S S  ---------------

Java Threads: ( => current thread )
  0x0000000058958000 JavaThread "memoryManagementThread" daemon [_thread_blocked, id=3972, stack(0x0000000058350000,0x0000000058450000)]
  0x0000000057970000 JavaThread "Service Thread" daemon [_thread_blocked, id=8936, stack(0x00000000585b0000,0x00000000586b0000)]
  0x00000000578ee800 JavaThread "C1 CompilerThread2" daemon [_thread_blocked, id=8008, stack(0x0000000058460000,0x0000000058560000)]
  0x00000000578e3800 JavaThread "C2 CompilerThread1" daemon [_thread_blocked, id=7512, stack(0x0000000058220000,0x0000000058320000)]
  0x00000000578de000 JavaThread "C2 CompilerThread0" daemon [_thread_blocked, id=496, stack(0x0000000058080000,0x0000000058180000)]
  0x00000000578dd000 JavaThread "Attach Listener" daemon [_thread_blocked, id=8640, stack(0x0000000057f20000,0x0000000058020000)]
  0x00000000578d7800 JavaThread "Signal Dispatcher" daemon [_thread_blocked, id=8596, stack(0x0000000057c90000,0x0000000057d90000)]
  0x0000000056303000 JavaThread "Finalizer" daemon [_thread_blocked, id=2228, stack(0x0000000057750000,0x0000000057850000)]
  0x00000000562fc000 JavaThread "Reference Handler" daemon [_thread_blocked, id=1728, stack(0x0000000057570000,0x0000000057670000)]
=>0x00000000024ee000 JavaThread "main" [_thread_in_native, id=6016, stack(0x0000000002840000,0x0000000002940000)]

Other Threads:
  0x00000000562eb000 VMThread [stack: 0x00000000573b0000,0x00000000574b0000] [id=8336]
  0x000000005798d800 WatcherThread [stack: 0x0000000058710000,0x0000000058810000] [id=8892]

VM state:not at safepoint (normal execution)

VM Mutex/Monitor currently owned by a thread: None

Heap:
 PSYoungGen      total 68096K, used 22494K [0x00000000e0c00000, 0x00000000eba00000, 0x0000000100000000)
  eden space 65536K, 32% used [0x00000000e0c00000,0x00000000e207dae0,0x00000000e4c00000)
  from space 2560K, 59% used [0x00000000e4c00000,0x00000000e4d79f30,0x00000000e4e80000)
  to   space 23552K, 0% used [0x00000000ea300000,0x00000000ea300000,0x00000000eba00000)
 ParOldGen       total 93184K, used 45020K [0x00000000a2400000, 0x00000000a7f00000, 0x00000000e0c00000)
  object space 93184K, 48% used [0x00000000a2400000,0x00000000a4ff7360,0x00000000a7f00000)
 Metaspace       used 5491K, capacity 5656K, committed 5888K, reserved 1056768K
  class space    used 649K, capacity 720K, committed 768K, reserved 1048576K

Card table byte_map: [0x0000000011d00000,0x0000000011ff0000] byte_map_base: 0x00000000117ee000

Marking Bits: (ParMarkBitMap*) 0x000000005fd74040
 Begin Bits: [0x0000000012760000, 0x0000000013ed0000)
 End Bits:   [0x0000000013ed0000, 0x0000000015640000)

Polling page: 0x0000000001db0000

CodeCache: size=245760Kb used=2550Kb max_used=2550Kb free=243209Kb
 bounds [0x0000000002940000, 0x0000000002bc0000, 0x0000000011940000]
 total_blobs=1005 nmethods=685 adapters=233
 compilation: enabled

Compilation events (10 events):
Event: 2.395 Thread 0x00000000578ee800  683       3       jdk.internal.org.objectweb.asm.Label::<init> (5 bytes)
Event: 2.395 Thread 0x00000000578ee800 nmethod 683 0x0000000002bb91d0 code [0x0000000002bb9320, 0x0000000002bb94d0]
Event: 2.395 Thread 0x00000000578ee800  682       3       sun.invoke.util.Wrapper::forPrimitiveType (49 bytes)
Event: 2.396 Thread 0x00000000578ee800 nmethod 682 0x0000000002bb4e50 code [0x0000000002bb50e0, 0x0000000002bb6218]
Event: 2.399 Thread 0x00000000578ee800  684       1       wrapper.core.CObject::getId (5 bytes)
Event: 2.399 Thread 0x00000000578ee800 nmethod 684 0x0000000002ba19d0 code [0x0000000002ba1b20, 0x0000000002ba1c30]
Event: 2.401 Thread 0x00000000578ee800  685       3       java.lang.ref.WeakReference::<init> (7 bytes)
Event: 2.402 Thread 0x00000000578ee800 nmethod 685 0x0000000002bb8cd0 code [0x0000000002bb8e40, 0x0000000002bb90f0]
Event: 2.402 Thread 0x00000000578ee800  686       3       jdk.internal.org.objectweb.asm.Item::<init> (5 bytes)
Event: 2.402 Thread 0x00000000578ee800 nmethod 686 0x0000000002bb8910 code [0x0000000002bb8a60, 0x0000000002bb8c10]

GC Heap History (10 events):
Event: 1.110 GC heap before
{Heap before GC invocations=2 (full 0):
 PSYoungGen      total 18944K, used 18914K [0x00000000e0c00000, 0x00000000e3100000, 0x0000000100000000)
  eden space 16384K, 100% used [0x00000000e0c00000,0x00000000e1c00000,0x00000000e1c00000)
  from space 2560K, 98% used [0x00000000e1c00000,0x00000000e1e78900,0x00000000e1e80000)
  to   space 2560K, 0% used [0x00000000e2e80000,0x00000000e2e80000,0x00000000e3100000)
 ParOldGen       total 44032K, used 3161K [0x00000000a2400000, 0x00000000a4f00000, 0x00000000e0c00000)
  object space 44032K, 7% used [0x00000000a2400000,0x00000000a2716438,0x00000000a4f00000)
 Metaspace       used 5257K, capacity 5420K, committed 5632K, reserved 1056768K
  class space    used 623K, capacity 706K, committed 768K, reserved 1048576K
Event: 1.121 GC heap after
Heap after GC invocations=2 (full 0):
 PSYoungGen      total 35328K, used 2546K [0x00000000e0c00000, 0x00000000e3100000, 0x0000000100000000)
  eden space 32768K, 0% used [0x00000000e0c00000,0x00000000e0c00000,0x00000000e2c00000)
  from space 2560K, 99% used [0x00000000e2e80000,0x00000000e30fc8f0,0x00000000e3100000)
  to   space 2560K, 0% used [0x00000000e2c00000,0x00000000e2c00000,0x00000000e2e80000)
 ParOldGen       total 44032K, used 8545K [0x00000000a2400000, 0x00000000a4f00000, 0x00000000e0c00000)
  object space 44032K, 19% used [0x00000000a2400000,0x00000000a2c58438,0x00000000a4f00000)
 Metaspace       used 5257K, capacity 5420K, committed 5632K, reserved 1056768K
  class space    used 623K, capacity 706K, committed 768K, reserved 1048576K
}
Event: 1.165 GC heap before
{Heap before GC invocations=3 (full 0):
 PSYoungGen      total 35328K, used 35314K [0x00000000e0c00000, 0x00000000e3100000, 0x0000000100000000)
  eden space 32768K, 100% used [0x00000000e0c00000,0x00000000e2c00000,0x00000000e2c00000)
  from space 2560K, 99% used [0x00000000e2e80000,0x00000000e30fc8f0,0x00000000e3100000)
  to   space 2560K, 0% used [0x00000000e2c00000,0x00000000e2c00000,0x00000000e2e80000)
 ParOldGen       total 44032K, used 8545K [0x00000000a2400000, 0x00000000a4f00000, 0x00000000e0c00000)
  object space 44032K, 19% used [0x00000000a2400000,0x00000000a2c58438,0x00000000a4f00000)
 Metaspace       used 5262K, capacity 5420K, committed 5632K, reserved 1056768K
  class space    used 623K, capacity 706K, committed 768K, reserved 1048576K
Event: 1.185 GC heap after
Heap after GC invocations=3 (full 0):
 PSYoungGen      total 35328K, used 2546K [0x00000000e0c00000, 0x00000000e5100000, 0x0000000100000000)
  eden space 32768K, 0% used [0x00000000e0c00000,0x00000000e0c00000,0x00000000e2c00000)
  from space 2560K, 99% used [0x00000000e2c00000,0x00000000e2e7c8f0,0x00000000e2e80000)
  to   space 2560K, 0% used [0x00000000e4e80000,0x00000000e4e80000,0x00000000e5100000)
 ParOldGen       total 44032K, used 21305K [0x00000000a2400000, 0x00000000a4f00000, 0x00000000e0c00000)
  object space 44032K, 48% used [0x00000000a2400000,0x00000000a38ce438,0x00000000a4f00000)
 Metaspace       used 5262K, capacity 5420K, committed 5632K, reserved 1056768K
  class space    used 623K, capacity 706K, committed 768K, reserved 1048576K
}
Event: 1.252 GC heap before
{Heap before GC invocations=4 (full 0):
 PSYoungGen      total 35328K, used 35314K [0x00000000e0c00000, 0x00000000e5100000, 0x0000000100000000)
  eden space 32768K, 100% used [0x00000000e0c00000,0x00000000e2c00000,0x00000000e2c00000)
  from space 2560K, 99% used [0x00000000e2c00000,0x00000000e2e7c8f0,0x00000000e2e80000)
  to   space 2560K, 0% used [0x00000000e4e80000,0x00000000e4e80000,0x00000000e5100000)
 ParOldGen       total 44032K, used 21305K [0x00000000a2400000, 0x00000000a4f00000, 0x00000000e0c00000)
  object space 44032K, 48% used [0x00000000a2400000,0x00000000a38ce438,0x00000000a4f00000)
 Metaspace       used 5449K, capacity 5652K, committed 5888K, reserved 1056768K
  class space    used 645K, capacity 718K, committed 768K, reserved 1048576K
Event: 1.261 GC heap after
Heap after GC invocations=4 (full 0):
 PSYoungGen      total 68096K, used 2530K [0x00000000e0c00000, 0x00000000e5100000, 0x0000000100000000)
  eden space 65536K, 0% used [0x00000000e0c00000,0x00000000e0c00000,0x00000000e4c00000)
  from space 2560K, 98% used [0x00000000e4e80000,0x00000000e50f88e0,0x00000000e5100000)
  to   space 2560K, 0% used [0x00000000e4c00000,0x00000000e4c00000,0x00000000e4e80000)
 ParOldGen       total 44032K, used 25041K [0x00000000a2400000, 0x00000000a4f00000, 0x00000000e0c00000)
  object space 44032K, 56% used [0x00000000a2400000,0x00000000a3c74438,0x00000000a4f00000)
 Metaspace       used 5449K, capacity 5652K, committed 5888K, reserved 1056768K
  class space    used 645K, capacity 718K, committed 768K, reserved 1048576K
}
Event: 1.571 GC heap before
{Heap before GC invocations=5 (full 0):
 PSYoungGen      total 68096K, used 68066K [0x00000000e0c00000, 0x00000000e5100000, 0x0000000100000000)
  eden space 65536K, 100% used [0x00000000e0c00000,0x00000000e4c00000,0x00000000e4c00000)
  from space 2560K, 98% used [0x00000000e4e80000,0x00000000e50f88e0,0x00000000e5100000)
  to   space 2560K, 0% used [0x00000000e4c00000,0x00000000e4c00000,0x00000000e4e80000)
 ParOldGen       total 44032K, used 25041K [0x00000000a2400000, 0x00000000a4f00000, 0x00000000e0c00000)
  object space 44032K, 56% used [0x00000000a2400000,0x00000000a3c74438,0x00000000a4f00000)
 Metaspace       used 5477K, capacity 5652K, committed 5888K, reserved 1056768K
  class space    used 646K, capacity 718K, committed 768K, reserved 1048576K
Event: 1.604 GC heap after
Heap after GC invocations=5 (full 0):
 PSYoungGen      total 68096K, used 2538K [0x00000000e0c00000, 0x00000000eba00000, 0x0000000100000000)
  eden space 65536K, 0% used [0x00000000e0c00000,0x00000000e0c00000,0x00000000e4c00000)
  from space 2560K, 99% used [0x00000000e4c00000,0x00000000e4e7ab00,0x00000000e4e80000)
  to   space 23552K, 0% used [0x00000000ea300000,0x00000000ea300000,0x00000000eba00000)
 ParOldGen       total 45056K, used 44577K [0x00000000a2400000, 0x00000000a5000000, 0x00000000e0c00000)
  object space 45056K, 98% used [0x00000000a2400000,0x00000000a4f88438,0x00000000a5000000)
 Metaspace       used 5477K, capacity 5652K, committed 5888K, reserved 1056768K
  class space    used 646K, capacity 718K, committed 768K, reserved 1048576K
}
Event: 1.604 GC heap before
{Heap before GC invocations=6 (full 1):
 PSYoungGen      total 68096K, used 2538K [0x00000000e0c00000, 0x00000000eba00000, 0x0000000100000000)
  eden space 65536K, 0% used [0x00000000e0c00000,0x00000000e0c00000,0x00000000e4c00000)
  from space 2560K, 99% used [0x00000000e4c00000,0x00000000e4e7ab00,0x00000000e4e80000)
  to   space 23552K, 0% used [0x00000000ea300000,0x00000000ea300000,0x00000000eba00000)
 ParOldGen       total 45056K, used 44577K [0x00000000a2400000, 0x00000000a5000000, 0x00000000e0c00000)
  object space 45056K, 98% used [0x00000000a2400000,0x00000000a4f88438,0x00000000a5000000)
 Metaspace       used 5477K, capacity 5652K, committed 5888K, reserved 1056768K
  class space    used 646K, capacity 718K, committed 768K, reserved 1048576K
Event: 2.373 GC heap after
Heap after GC invocations=6 (full 1):
 PSYoungGen      total 68096K, used 1511K [0x00000000e0c00000, 0x00000000eba00000, 0x0000000100000000)
  eden space 65536K, 0% used [0x00000000e0c00000,0x00000000e0c00000,0x00000000e4c00000)
  from space 2560K, 59% used [0x00000000e4c00000,0x00000000e4d79f30,0x00000000e4e80000)
  to   space 23552K, 0% used [0x00000000ea300000,0x00000000ea300000,0x00000000eba00000)
 ParOldGen       total 93184K, used 45020K [0x00000000a2400000, 0x00000000a7f00000, 0x00000000e0c00000)
  object space 93184K, 48% used [0x00000000a2400000,0x00000000a4ff7360,0x00000000a7f00000)
 Metaspace       used 5477K, capacity 5652K, committed 5888K, reserved 1056768K
  class space    used 646K, capacity 718K, committed 768K, reserved 1048576K
}

Deoptimization events (10 events):
Event: 1.094 Thread 0x00000000024ee000 Uncommon trap: reason=unstable_if action=reinterpret pc=0x0000000002b2ec60 method=java.lang.ref.SoftReference.get()Ljava/lang/Object; @ 17
Event: 1.121 Thread 0x00000000024ee000 Uncommon trap: reason=unstable_if action=reinterpret pc=0x0000000002b39fdc method=java.lang.ref.SoftReference.get()Ljava/lang/Object; @ 17
Event: 1.121 Thread 0x00000000024ee000 Uncommon trap: reason=unstable_if action=reinterpret pc=0x0000000002b2fe6c method=java.lang.ref.SoftReference.get()Ljava/lang/Object; @ 17
Event: 1.202 Thread 0x00000000024ee000 Uncommon trap: reason=unstable_if action=reinterpret pc=0x0000000002b2f1fc method=java.lang.Class.reflectionData()Ljava/lang/Class$ReflectionData; @ 17
Event: 1.205 Thread 0x00000000024ee000 Uncommon trap: reason=unstable_if action=reinterpret pc=0x0000000002b2daa4 method=java.lang.reflect.Constructor.newInstance([Ljava/lang/Object;)Ljava/lang/Object; @ 69
Event: 1.556 Thread 0x00000000024ee000 Uncommon trap: reason=array_check action=maybe_recompile pc=0x0000000002bbb1a8 method=wrapper.core.CBufferFactory.allocStruct(Ljava/lang/String;Lwrapper/core/CContext;Ljava/lang/Class;IJ)Lwrapper/core/buffer/CStructBuffer; @ 44
Event: 1.557 Thread 0x00000000024ee000 Uncommon trap: reason=array_check action=maybe_recompile pc=0x0000000002bbb1a8 method=wrapper.core.CBufferFactory.allocStruct(Ljava/lang/String;Lwrapper/core/CContext;Ljava/lang/Class;IJ)Lwrapper/core/buffer/CStructBuffer; @ 44
Event: 1.558 Thread 0x00000000024ee000 Uncommon trap: reason=array_check action=maybe_recompile pc=0x0000000002bbb1a8 method=wrapper.core.CBufferFactory.allocStruct(Ljava/lang/String;Lwrapper/core/CContext;Ljava/lang/Class;IJ)Lwrapper/core/buffer/CStructBuffer; @ 44
Event: 1.559 Thread 0x00000000024ee000 Uncommon trap: reason=array_check action=maybe_recompile pc=0x0000000002bbb1a8 method=wrapper.core.CBufferFactory.allocStruct(Ljava/lang/String;Lwrapper/core/CContext;Ljava/lang/Class;IJ)Lwrapper/core/buffer/CStructBuffer; @ 44
Event: 2.394 Thread 0x00000000024ee000 Uncommon trap: reason=unstable_if action=reinterpret pc=0x0000000002b97630 method=java.lang.Integer.getChars(II[C)V @ 110

Internal exceptions (10 events):
Event: 0.035 Thread 0x00000000024ee000 Exception <a 'java/lang/NoSuchMethodError': Method sun.misc.Unsafe.defineClass(Ljava/lang/String;[BII)Ljava/lang/Class; name or signature does not match> (0x00000000e0c12df8) thrown at [C:\re\workspace\8-2-build-windows-amd64-cygwin\jdk8u45\3627\hotspot\srÏ§zu”Ÿ°?
Event: 0.035 Thread 0x00000000024ee000 Exception <a 'java/lang/NoSuchMethodError': Method sun.misc.Unsafe.prefetchRead(Ljava/lang/Object;J)V name or signature does not match> (0x00000000e0c13088) thrown at [C:\re\workspace\8-2-build-windows-amd64-cygwin\jdk8u45\3627\hotspot\src\share\vm\prims\j–ç◊€S«¬?
Event: 0.147 Thread 0x00000000024ee000 Exception <a 'java/security/PrivilegedActionException'> (0x00000000e0e48da0) thrown at [C:\re\workspace\8-2-build-windows-amd64-cygwin\jdk8u45\3627\hotspot\src\share\vm\prims\jvm.cpp, line 1382]
Event: 0.147 Thread 0x00000000024ee000 Exception <a 'java/security/PrivilegedActionException'> (0x00000000e0e48f58) thrown at [C:\re\workspace\8-2-build-windows-amd64-cygwin\jdk8u45\3627\hotspot\src\share\vm\prims\jvm.cpp, line 1382]
Event: 0.148 Thread 0x00000000024ee000 Exception <a 'java/security/PrivilegedActionException'> (0x00000000e0e4ccf0) thrown at [C:\re\workspace\8-2-build-windows-amd64-cygwin\jdk8u45\3627\hotspot\src\share\vm\prims\jvm.cpp, line 1382]
Event: 0.148 Thread 0x00000000024ee000 Exception <a 'java/security/PrivilegedActionException'> (0x00000000e0e4cea8) thrown at [C:\re\workspace\8-2-build-windows-amd64-cygwin\jdk8u45\3627\hotspot\src\share\vm\prims\jvm.cpp, line 1382]
Event: 0.210 Thread 0x00000000024ee000 Exception <a 'java/lang/NoSuchFieldError': method resolution failed> (0x00000000e0f94c30) thrown at [C:\re\workspace\8-2-build-windows-amd64-cygwin\jdk8u45\3627\hotspot\src\share\vm\prims\methodHandles.cpp, line 1125]
Event: 0.212 Thread 0x00000000024ee000 Exception <a 'java/lang/NoSuchFieldError': method resolution failed> (0x00000000e0fa3380) thrown at [C:\re\workspace\8-2-build-windows-amd64-cygwin\jdk8u45\3627\hotspot\src\share\vm\prims\methodHandles.cpp, line 1125]
Event: 1.202 Thread 0x00000000024ee000 Implicit null exception at 0x0000000002b2f11d to 0x0000000002b2f1e5
Event: 1.205 Thread 0x00000000024ee000 Implicit null exception at 0x0000000002b2d9cc to 0x0000000002b2da91

Events (10 events):
Event: 2.394 loading class wrapper/core/CallBackFunction done
Event: 2.394 Thread 0x00000000024ee000 Uncommon trap: trap_request=0xffffff65 fr.pc=0x0000000002b97630
Event: 2.394 Thread 0x00000000024ee000 DEOPT PACKING pc=0x0000000002b97630 sp=0x000000000293e610
Event: 2.394 Thread 0x00000000024ee000 DEOPT UNPACKING pc=0x000000000298582a sp=0x000000000293e5a8 mode 2
Event: 2.398 loading class wrapper/core/CKernel
Event: 2.398 loading class wrapper/core/CKernel done
Event: 2.401 loading class cl/core/data/struct/CIntersection
Event: 2.401 loading class cl/core/data/struct/CIntersection done
Event: 2.401 loading class wrapper/core/CallBackArray
Event: 2.401 loading class wrapper/core/CallBackArray done


Dynamic libraries:
0x000000013fbe0000 - 0x000000013fc17000 	C:\Program Files\Java\jdk1.8.0_45\bin\java.exe
0x00000000770e0000 - 0x0000000077289000 	C:\Windows\SYSTEM32\ntdll.dll
0x0000000076fc0000 - 0x00000000770df000 	C:\Windows\system32\kernel32.dll
0x000007fefcef0000 - 0x000007fefcf5b000 	C:\Windows\system32\KERNELBASE.dll
0x000007fefe8b0000 - 0x000007fefe98b000 	C:\Windows\system32\ADVAPI32.dll
0x000007fefe810000 - 0x000007fefe8af000 	C:\Windows\system32\msvcrt.dll
0x000007fefe6a0000 - 0x000007fefe6bf000 	C:\Windows\SYSTEM32\sechost.dll
0x000007fefd7e0000 - 0x000007fefd90d000 	C:\Windows\system32\RPCRT4.dll
0x0000000076ec0000 - 0x0000000076fba000 	C:\Windows\system32\USER32.dll
0x000007fefe7a0000 - 0x000007fefe807000 	C:\Windows\system32\GDI32.dll
0x000007fefe990000 - 0x000007fefe99e000 	C:\Windows\system32\LPK.dll
0x000007fefd3e0000 - 0x000007fefd4a9000 	C:\Windows\system32\USP10.dll
0x000007fefb3b0000 - 0x000007fefb5a4000 	C:\Windows\WinSxS\amd64_microsoft.windows.common-controls_6595b64144ccf1df_6.0.7601.17514_none_fa396087175ac9ac\COMCTL32.dll
0x000007fefe6c0000 - 0x000007fefe731000 	C:\Windows\system32\SHLWAPI.dll
0x000007fefccd0000 - 0x000007fefcd27000 	C:\Windows\system32\apphelp.dll
0x000007fedb1b0000 - 0x000007fedb617000 	C:\Windows\AppPatch\AppPatch64\AcXtrnal.DLL
0x000007feff2b0000 - 0x000007feff2de000 	C:\Windows\system32\IMM32.DLL
0x000007feff2e0000 - 0x000007feff3e9000 	C:\Windows\system32\MSCTF.dll
0x0000000061680000 - 0x0000000061752000 	C:\Program Files\Java\jdk1.8.0_45\jre\bin\msvcr100.dll
0x000000005f570000 - 0x000000005fdf3000 	C:\Program Files\Java\jdk1.8.0_45\jre\bin\server\jvm.dll
0x000007fef8100000 - 0x000007fef8109000 	C:\Windows\system32\WSOCK32.dll
0x000007fefd780000 - 0x000007fefd7cd000 	C:\Windows\system32\WS2_32.dll
0x000007fefd7d0000 - 0x000007fefd7d8000 	C:\Windows\system32\NSI.dll
0x000007fef8a30000 - 0x000007fef8a6b000 	C:\Windows\system32\WINMM.dll
0x000007fefbf80000 - 0x000007fefbf8c000 	C:\Windows\system32\VERSION.dll
0x00000000772b0000 - 0x00000000772b7000 	C:\Windows\system32\PSAPI.DLL
0x0000000072fd0000 - 0x0000000072fdf000 	C:\Program Files\Java\jdk1.8.0_45\jre\bin\verify.dll
0x00000000617d0000 - 0x00000000617f9000 	C:\Program Files\Java\jdk1.8.0_45\jre\bin\java.dll
0x00000000619e0000 - 0x00000000619f6000 	C:\Program Files\Java\jdk1.8.0_45\jre\bin\zip.dll
0x000007fefd910000 - 0x000007fefe698000 	C:\Windows\system32\SHELL32.dll
0x000007fefea40000 - 0x000007fefec43000 	C:\Windows\system32\ole32.dll
0x000007fefcea0000 - 0x000007fefceaf000 	C:\Windows\system32\profapi.dll
0x000007fee2f40000 - 0x000007fee2f7d000 	C:\Users\user\AppData\Local\Temp\JOCL_2_0_0-windows-x86_64.dll
0x000007fee9c60000 - 0x000007fee9c63000 	C:\Windows\system32\api-ms-win-core-synch-l1-2-0.DLL
0x000007fee3d70000 - 0x000007fee3d8a000 	C:\Windows\system32\OpenCL.dll
0x000007fee0c10000 - 0x000007fee0c71000 	C:\Windows\system32\IntelOpenCL64.dll
0x000007fedbaf0000 - 0x000007fedbc7e000 	C:\Program Files (x86)\Common Files\Intel\OpenCL\bin\x64\intelocl64.dll
0x000007fedf510000 - 0x000007fedf598000 	C:\Program Files (x86)\Common Files\Intel\OpenCL\bin\x64\task_executor64.dll
0x000007fee45b0000 - 0x000007fee46cd000 	C:\Windows\system32\OPENGL32.dll
0x000007fee47b0000 - 0x000007fee47dd000 	C:\Windows\system32\GLU32.dll
0x000007fee4160000 - 0x000007fee4251000 	C:\Windows\system32\DDRAW.dll
0x000007fee47a0000 - 0x000007fee47a8000 	C:\Windows\system32\DCIMAN32.dll
0x000007fefec50000 - 0x000007fefee27000 	C:\Windows\system32\SETUPAPI.dll
0x000007fefcfd0000 - 0x000007fefd006000 	C:\Windows\system32\CFGMGR32.dll
0x000007fefef70000 - 0x000007feff047000 	C:\Windows\system32\OLEAUT32.dll
0x000007fefcfa0000 - 0x000007fefcfba000 	C:\Windows\system32\DEVOBJ.dll
0x000007fefaa00000 - 0x000007fefaa18000 	C:\Windows\system32\dwmapi.dll
0x000007fede500000 - 0x000007fede5d6000 	C:\Program Files (x86)\Common Files\Intel\OpenCL\bin\x64\cpu_device64.dll
0x000007feda9d0000 - 0x000007fedb1b0000 	C:\Windows\system32\igdrcl64.dll
0x000007fef3990000 - 0x000007fef39ed000 	C:\Windows\system32\dxgi.dll
0x000007fed51d0000 - 0x000007fed68bb000 	C:\Windows\system32\igdfcl64.dll
0x000007fee0ed0000 - 0x000007fee0ff5000 	C:\Windows\system32\dbghelp.dll
0x000007fee0980000 - 0x000007fee09e8000 	C:\Windows\system32\igdbcl64.dll
0x000007fef1950000 - 0x000007fef22ef000 	C:\Windows\system32\igdusc64.dll

VM Arguments:
jvm_args: -Dfile.encoding=UTF-8 -Xmx1500m 
java_command: test.compact.TestCompact
java_class_path (initial): C:\Users\user\Desktop\Temp\jocl-2.0.0.jar;C:\Users\user\Documents\NetBeansProjects\JOCLWrapper\build\classes;C:\Users\user\Documents\NetBeansProjects\JOCLWrapper\dist\lib\JOCL-structs-0.0.1a-alpha.jar;C:\Users\user\Documents\GitHub\MultiThreadLibrary\build\classes;C:\Users\user\Documents\GitHub\Bitmap\build\classes;C:\Users\user\Documents\GitHub\FileSystem\build\classes;C:\Users\user\Documents\GitHub\Coordinate\build\classes;C:\Users\user\Documents\GitHub\MambaTracer\build\classes;C:\Users\user\Documents\GitHub\MambaTracer\build\test\classes
Launcher Type: SUN_STANDARD

Environment Variables:
CLASSPATH=.;C:\Program Files (x86)\Java\jre1.8.0_60\lib\ext\QTJava.zip
PATH=C:\Program Files (x86)\Common Files\Oracle\Java\javapath;C:\ProgramData\Oracle\Java\javapath;C:\Windows\system32;C:\Windows;C:\Windows\System32\Wbem;C:\Windows\System32\WindowsPowerShell\v1.0\;C:\Program Files\Intel\WiFi\bin\;C:\Program Files\Common Files\Intel\WirelessCommon\;C:\Program Files (x86)\QuickTime\QTSystem\;C:\Program Files\Java\jdk1.8.0_45\bin;%LUXRENDER_ROOT%;C:\Program Files\nodejs\;C:\Users\user\Documents\Java\JOCL-0.2.0-RC-bin;C:\Users\user\AppData\Local\GitHubDesktop\bin;C:\Users\user\AppData\Roaming\npm;C:\Users\user\AppData\Local\Programs\Microsoft VS Code\bin
USERNAME=user
OS=Windows_NT
PROCESSOR_IDENTIFIER=Intel64 Family 6 Model 61 Stepping 4, GenuineIntel



---------------  S Y S T E M  ---------------

OS: Windows 7 , 64 bit Build 7601 (6.1.7601.18015)

CPU:total 4 (2 cores per cpu, 2 threads per core) family 6 model 61 stepping 4, cmov, cx8, fxsr, mmx, sse, sse2, sse3, ssse3, sse4.1, sse4.2, popcnt, avx, avx2, aes, clmul, erms, 3dnowpref, lzcnt, ht, tsc, tscinvbit, bmi1, bmi2, adx

Memory: 4k page, physical 4108492k(728520k free), swap 8215120k(2648452k free)

vm_info: Java HotSpot(TM) 64-Bit Server VM (25.45-b02) for windows-amd64 JRE (1.8.0_45-b15), built on Apr 30 2015 12:40:44 by "java_re" with MS VC++ 10.0 (VS2010)

time: Thu Sep 05 20:44:15 2019
elapsed time: 3 seconds (0d 0h 0m 3s)

