#
# A fatal error has been detected by the Java Runtime Environment:
#
#  EXCEPTION_ACCESS_VIOLATION (0xc0000005) at pc=0x000007fedac4e75b, pid=7196, tid=8612
#
# JRE version: Java(TM) SE Runtime Environment (8.0_45-b15) (build 1.8.0_45-b15)
# Java VM: Java HotSpot(TM) 64-Bit Server VM (25.45-b02 mixed mode windows-amd64 compressed oops)
# Problematic frame:
# C  [igdrcl64.dll+0xe75b]
#
# Failed to write core dump. Minidumps are not enabled by default on client versions of Windows
#
# If you would like to submit a bug report, please visit:
#   http://bugreport.java.com/bugreport/crash.jsp
# The crash happened outside the Java Virtual Machine in native code.
# See problematic frame for where to report the bug.
#

---------------  T H R E A D  ---------------

Current thread (0x000000000253e000):  JavaThread "main" [_thread_in_native, id=8612, stack(0x0000000002820000,0x0000000002920000)]

siginfo: ExceptionCode=0xc0000005, reading address 0x0000000000000078

Registers:
RAX=0x0000000000000000, RBX=0x0000000059791f30, RCX=0x0000000059791f30, RDX=0x0000000059791f30
RSP=0x000000000291ea20, RBP=0x00000000599a80f0, RSI=0x000000005962f4d4, RDI=0x0000000000000002
R8 =0x00000000599a80f0, R9 =0x0000000000000080, R10=0x0000000059629c80, R11=0x00000000024e4280
R12=0x00000000599a80f0, R13=0x0000000000000080, R14=0x00000000593f4ec0, R15=0x0000000000000000
RIP=0x000007fedac4e75b, EFLAGS=0x0000000000010202

Top of Stack: (sp=0x000000000291ea20)
0x000000000291ea20:   0000000000000003 000000005977a460
0x000000000291ea30:   0000000000000000 000007fedac4ed6c
0x000000000291ea40:   000000005962f4d4 000007fedacc06ab
0x000000000291ea50:   0000000059791f30 000000000291eb50
0x000000000291ea60:   0000000059791f30 000000000291eb50
0x000000000291ea70:   0000000000000002 0000000059580e70
0x000000000291ea80:   00000000593f4ec0 0000000000000003
0x000000000291ea90:   0000000059c861a0 fffffffffffffffe
0x000000000291eaa0:   0000000000000000 00000000598f9550
0x000000000291eab0:   0000000040003280 0000428000000000
0x000000000291eac0:   0000008000000000 0000000100000080
0x000000000291ead0:   0000000000000000 0000000000000000
0x000000000291eae0:   0000000000000000 00000000599a80f0
0x000000000291eaf0:   00000000599a80f0 000007fedacbd50e
0x000000000291eb00:   0000000000000005 000000000291eb60
0x000000000291eb10:   00000000595809e0 00000000599a80f0 

Instructions: (pc=0x000007fedac4e75b)
0x000007fedac4e73b:   c4 20 5f c3 cc 48 89 5c 24 18 48 89 6c 24 20 56
0x000007fedac4e74b:   48 83 ec 20 48 8b 02 48 8b e9 48 8b ca 48 8b da
0x000007fedac4e75b:   ff 50 78 48 8b f0 48 85 c0 75 16 8b 83 0c 01 00
0x000007fedac4e76b:   00 48 8b 5c 24 40 48 8b 6c 24 48 48 83 c4 20 5e 


Register to memory mapping:

RAX=0x0000000000000000 is an unknown value
RBX=0x0000000059791f30 is an unknown value
RCX=0x0000000059791f30 is an unknown value
RDX=0x0000000059791f30 is an unknown value
RSP=0x000000000291ea20 is pointing into the stack for thread: 0x000000000253e000
RBP=0x00000000599a80f0 is an unknown value
RSI=0x000000005962f4d4 is an unknown value
RDI=0x0000000000000002 is an unknown value
R8 =0x00000000599a80f0 is an unknown value
R9 =0x0000000000000080 is an unknown value
R10=0x0000000059629c80 is an unknown value
R11=0x00000000024e4280 is an unknown value
R12=0x00000000599a80f0 is an unknown value
R13=0x0000000000000080 is an unknown value
R14=0x00000000593f4ec0 is an unknown value
R15=0x0000000000000000 is an unknown value


Stack: [0x0000000002820000,0x0000000002920000],  sp=0x000000000291ea20,  free space=1018k
Native frames: (J=compiled Java code, j=interpreted, Vv=VM code, C=native code)
C  [igdrcl64.dll+0xe75b]
C  [igdrcl64.dll+0x806ab]
C  [igdrcl64.dll+0x7bbf9]
C  [igdrcl64.dll+0x7b5c0]
C  [igdrcl64.dll+0x8d75]
C  [igdrcl64.dll+0xb6a3]
C  [igdrcl64.dll+0x1c71d]
C  [igdrcl64.dll+0x3fe24]
C  [JOCL_2_0_0-windows-x86_64.dll+0x872f]
C  0x0000000002935e14

Java frames: (J=compiled Java code, j=interpreted, Vv=VM code)
j  org.jocl.CL.clEnqueueNDRangeKernelNative(Lorg/jocl/cl_command_queue;Lorg/jocl/cl_kernel;I[J[J[JI[Lorg/jocl/cl_event;Lorg/jocl/cl_event;)I+0
j  org.jocl.CL.clEnqueueNDRangeKernel(Lorg/jocl/cl_command_queue;Lorg/jocl/cl_kernel;I[J[J[JI[Lorg/jocl/cl_event;Lorg/jocl/cl_event;)I+14
j  wrapper.core.CCommandQueue.put1DRangeKernel(Lwrapper/core/CKernel;JJ)Lwrapper/core/CCommandQueue;+28
j  wrapper.core.OpenCLPlatform.executeKernel1D(Lwrapper/core/CKernel;JJ)V+8
j  cl.core.CCompaction.execute()V+481
j  test.compact.TestCompact.main([Ljava/lang/String;)V+140
v  ~StubRoutines::call_stub

---------------  P R O C E S S  ---------------

Java Threads: ( => current thread )
  0x0000000058466000 JavaThread "memoryManagementThread" daemon [_thread_blocked, id=464, stack(0x000000005a230000,0x000000005a330000)]
  0x00000000575d1800 JavaThread "Service Thread" daemon [_thread_blocked, id=9060, stack(0x0000000057f50000,0x0000000058050000)]
  0x000000005754e000 JavaThread "C1 CompilerThread2" daemon [_thread_blocked, id=6712, stack(0x0000000057c20000,0x0000000057d20000)]
  0x000000005754d800 JavaThread "C2 CompilerThread1" daemon [_thread_blocked, id=6684, stack(0x0000000057d30000,0x0000000057e30000)]
  0x00000000561fd800 JavaThread "C2 CompilerThread0" daemon [_thread_blocked, id=3464, stack(0x00000000572f0000,0x00000000573f0000)]
  0x00000000561fa000 JavaThread "Attach Listener" daemon [_thread_blocked, id=6956, stack(0x0000000057940000,0x0000000057a40000)]
  0x000000005753a800 JavaThread "Signal Dispatcher" daemon [_thread_blocked, id=1776, stack(0x0000000057a80000,0x0000000057b80000)]
  0x0000000056196000 JavaThread "Finalizer" daemon [_thread_blocked, id=8532, stack(0x0000000057430000,0x0000000057530000)]
  0x000000005618f000 JavaThread "Reference Handler" daemon [_thread_blocked, id=1712, stack(0x00000000571d0000,0x00000000572d0000)]
=>0x000000000253e000 JavaThread "main" [_thread_in_native, id=8612, stack(0x0000000002820000,0x0000000002920000)]

Other Threads:
  0x000000005618b800 VMThread [stack: 0x0000000057090000,0x0000000057190000] [id=1784]
  0x00000000575e4000 WatcherThread [stack: 0x0000000058110000,0x0000000058210000] [id=6992]

VM state:not at safepoint (normal execution)

VM Mutex/Monitor currently owned by a thread: None

Heap:
 PSYoungGen      total 18944K, used 7892K [0x00000000e0c00000, 0x00000000e2100000, 0x0000000100000000)
  eden space 16384K, 32% used [0x00000000e0c00000,0x00000000e11369d0,0x00000000e1c00000)
  from space 2560K, 99% used [0x00000000e1c00000,0x00000000e1e7e6e0,0x00000000e1e80000)
  to   space 2560K, 0% used [0x00000000e1e80000,0x00000000e1e80000,0x00000000e2100000)
 ParOldGen       total 44032K, used 1509K [0x00000000a2400000, 0x00000000a4f00000, 0x00000000e0c00000)
  object space 44032K, 3% used [0x00000000a2400000,0x00000000a2579550,0x00000000a4f00000)
 Metaspace       used 5462K, capacity 5666K, committed 5888K, reserved 1056768K
  class space    used 649K, capacity 719K, committed 768K, reserved 1048576K

Card table byte_map: [0x0000000011ce0000,0x0000000011fd0000] byte_map_base: 0x00000000117ce000

Marking Bits: (ParMarkBitMap*) 0x000000005fd74040
 Begin Bits: [0x0000000012630000, 0x0000000013da0000)
 End Bits:   [0x0000000013da0000, 0x0000000015510000)

Polling page: 0x0000000000430000

CodeCache: size=245760Kb used=2302Kb max_used=2315Kb free=243457Kb
 bounds [0x0000000002920000, 0x0000000002b90000, 0x0000000011920000]
 total_blobs=933 nmethods=613 adapters=233
 compilation: enabled

Compilation events (10 events):
Event: 0.647 Thread 0x000000005754d800 nmethod 610 0x0000000002b60a90 code [0x0000000002b60c60, 0x0000000002b61488]
Event: 0.647 Thread 0x000000005754d800  584       4       java.nio.DirectByteBuffer::putFloat (50 bytes)
Event: 0.647 Thread 0x000000005754e000  614       1       wrapper.core.CObject::getId (5 bytes)
Event: 0.648 Thread 0x000000005754e000 nmethod 614 0x0000000002b52a50 code [0x0000000002b52ba0, 0x0000000002b52cb0]
Event: 0.648 Thread 0x000000005754d800 nmethod 584 0x0000000002b5c210 code [0x0000000002b5c340, 0x0000000002b5c3d8]
Event: 0.648 Thread 0x000000005754d800  569       4       sun.reflect.Reflection::quickCheckMemberAccess (10 bytes)
Event: 0.648 Thread 0x000000005754d800 nmethod 569 0x0000000002b5bfd0 code [0x0000000002b5c100, 0x0000000002b5c178]
Event: 0.648 Thread 0x000000005754d800  570       4       java.lang.reflect.Field::getFieldAccessor (35 bytes)
Event: 0.649 Thread 0x000000005754d800 nmethod 570 0x0000000002b4f050 code [0x0000000002b4f1a0, 0x0000000002b4f248]
Event: 0.649 Thread 0x000000005754d800  571       4       sun.reflect.UnsafeFieldAccessorImpl::ensureObj (23 bytes)

GC Heap History (2 events):
Event: 0.557 GC heap before
{Heap before GC invocations=1 (full 0):
 PSYoungGen      total 18944K, used 16384K [0x00000000e0c00000, 0x00000000e2100000, 0x0000000100000000)
  eden space 16384K, 100% used [0x00000000e0c00000,0x00000000e1c00000,0x00000000e1c00000)
  from space 2560K, 0% used [0x00000000e1e80000,0x00000000e1e80000,0x00000000e2100000)
  to   space 2560K, 0% used [0x00000000e1c00000,0x00000000e1c00000,0x00000000e1e80000)
 ParOldGen       total 44032K, used 0K [0x00000000a2400000, 0x00000000a4f00000, 0x00000000e0c00000)
  object space 44032K, 0% used [0x00000000a2400000,0x00000000a2400000,0x00000000a4f00000)
 Metaspace       used 5428K, capacity 5600K, committed 5888K, reserved 1056768K
  class space    used 645K, capacity 718K, committed 768K, reserved 1048576K
Event: 0.563 GC heap after
Heap after GC invocations=1 (full 0):
 PSYoungGen      total 18944K, used 2553K [0x00000000e0c00000, 0x00000000e2100000, 0x0000000100000000)
  eden space 16384K, 0% used [0x00000000e0c00000,0x00000000e0c00000,0x00000000e1c00000)
  from space 2560K, 99% used [0x00000000e1c00000,0x00000000e1e7e6e0,0x00000000e1e80000)
  to   space 2560K, 0% used [0x00000000e1e80000,0x00000000e1e80000,0x00000000e2100000)
 ParOldGen       total 44032K, used 1509K [0x00000000a2400000, 0x00000000a4f00000, 0x00000000e0c00000)
  object space 44032K, 3% used [0x00000000a2400000,0x00000000a2579550,0x00000000a4f00000)
 Metaspace       used 5428K, capacity 5600K, committed 5888K, reserved 1056768K
  class space    used 645K, capacity 718K, committed 768K, reserved 1048576K
}

Deoptimization events (5 events):
Event: 0.531 Thread 0x000000000253e000 Uncommon trap: reason=unstable_if action=reinterpret pc=0x0000000002b0797c method=java.lang.Class.reflectionData()Ljava/lang/Class$ReflectionData; @ 17
Event: 0.539 Thread 0x000000000253e000 Uncommon trap: reason=unstable_if action=reinterpret pc=0x0000000002b07e10 method=java.lang.Class.reflectionData()Ljava/lang/Class$ReflectionData; @ 17
Event: 0.539 Thread 0x000000000253e000 Uncommon trap: reason=unstable_if action=reinterpret pc=0x0000000002b09864 method=java.lang.reflect.Constructor.newInstance([Ljava/lang/Object;)Ljava/lang/Object; @ 69
Event: 0.623 Thread 0x000000000253e000 Uncommon trap: reason=unstable_if action=reinterpret pc=0x0000000002b1b65c method=java.lang.ref.SoftReference.get()Ljava/lang/Object; @ 17
Event: 0.623 Thread 0x000000000253e000 Uncommon trap: reason=unstable_if action=reinterpret pc=0x0000000002b0f678 method=java.lang.ref.SoftReference.get()Ljava/lang/Object; @ 17

Internal exceptions (10 events):
Event: 0.030 Thread 0x000000000253e000 Exception <a 'java/lang/NoSuchMethodError': Method sun.misc.Unsafe.prefetchRead(Ljava/lang/Object;J)V name or signature does not match> (0x00000000e0c13088) thrown at [C:\re\workspace\8-2-build-windows-amd64-cygwin\jdk8u45\3627\hotspot\src\share\vm\prims\jθοκόYΑ?
Event: 0.134 Thread 0x000000000253e000 Exception <a 'java/security/PrivilegedActionException'> (0x00000000e0e48e00) thrown at [C:\re\workspace\8-2-build-windows-amd64-cygwin\jdk8u45\3627\hotspot\src\share\vm\prims\jvm.cpp, line 1382]
Event: 0.134 Thread 0x000000000253e000 Exception <a 'java/security/PrivilegedActionException'> (0x00000000e0e48fb8) thrown at [C:\re\workspace\8-2-build-windows-amd64-cygwin\jdk8u45\3627\hotspot\src\share\vm\prims\jvm.cpp, line 1382]
Event: 0.134 Thread 0x000000000253e000 Exception <a 'java/security/PrivilegedActionException'> (0x00000000e0e4cd50) thrown at [C:\re\workspace\8-2-build-windows-amd64-cygwin\jdk8u45\3627\hotspot\src\share\vm\prims\jvm.cpp, line 1382]
Event: 0.134 Thread 0x000000000253e000 Exception <a 'java/security/PrivilegedActionException'> (0x00000000e0e4cf08) thrown at [C:\re\workspace\8-2-build-windows-amd64-cygwin\jdk8u45\3627\hotspot\src\share\vm\prims\jvm.cpp, line 1382]
Event: 0.191 Thread 0x000000000253e000 Exception <a 'java/lang/NoSuchFieldError': method resolution failed> (0x00000000e0f94d90) thrown at [C:\re\workspace\8-2-build-windows-amd64-cygwin\jdk8u45\3627\hotspot\src\share\vm\prims\methodHandles.cpp, line 1125]
Event: 0.192 Thread 0x000000000253e000 Exception <a 'java/lang/NoSuchFieldError': method resolution failed> (0x00000000e0fa34e0) thrown at [C:\re\workspace\8-2-build-windows-amd64-cygwin\jdk8u45\3627\hotspot\src\share\vm\prims\methodHandles.cpp, line 1125]
Event: 0.531 Thread 0x000000000253e000 Implicit null exception at 0x0000000002b0789d to 0x0000000002b07965
Event: 0.539 Thread 0x000000000253e000 Implicit null exception at 0x0000000002b07cb1 to 0x0000000002b07df1
Event: 0.539 Thread 0x000000000253e000 Implicit null exception at 0x0000000002b0978c to 0x0000000002b09851

Events (10 events):
Event: 0.623 Thread 0x000000000253e000 Uncommon trap: trap_request=0xffffff65 fr.pc=0x0000000002b1b65c
Event: 0.623 Thread 0x000000000253e000 DEOPT PACKING pc=0x0000000002b1b65c sp=0x000000000291efa0
Event: 0.623 Thread 0x000000000253e000 DEOPT UNPACKING pc=0x000000000296582a sp=0x000000000291eca0 mode 2
Event: 0.623 Thread 0x000000000253e000 Uncommon trap: trap_request=0xffffff65 fr.pc=0x0000000002b0f678
Event: 0.623 Thread 0x000000000253e000 DEOPT PACKING pc=0x0000000002b0f678 sp=0x000000000291ef40
Event: 0.623 Thread 0x000000000253e000 DEOPT UNPACKING pc=0x000000000296582a sp=0x000000000291ec98 mode 2
Event: 0.643 loading class wrapper/core/CallBackFunction
Event: 0.643 loading class wrapper/core/CallBackFunction done
Event: 0.646 loading class wrapper/core/CKernel
Event: 0.646 loading class wrapper/core/CKernel done


Dynamic libraries:
0x000000013f750000 - 0x000000013f787000 	C:\Program Files\Java\jdk1.8.0_45\bin\java.exe
0x00000000770e0000 - 0x0000000077289000 	C:\Windows\SYSTEM32\ntdll.dll
0x0000000076fc0000 - 0x00000000770df000 	C:\Windows\system32\kernel32.dll
0x000007fefcef0000 - 0x000007fefcf5b000 	C:\Windows\system32\KERNELBASE.dll
0x000007fefe8b0000 - 0x000007fefe98b000 	C:\Windows\system32\ADVAPI32.dll
0x000007fefe810000 - 0x000007fefe8af000 	C:\Windows\system32\msvcrt.dll
0x000007fefe6a0000 - 0x000007fefe6bf000 	C:\Windows\SYSTEM32\sechost.dll
0x000007fefd7e0000 - 0x000007fefd90d000 	C:\Windows\system32\RPCRT4.dll
0x0000000076ec0000 - 0x0000000076fba000 	C:\Windows\system32\USER32.dll
0x000007fefe7a0000 - 0x000007fefe807000 	C:\Windows\system32\GDI32.dll
0x000007fefe990000 - 0x000007fefe99e000 	C:\Windows\system32\LPK.dll
0x000007fefd3e0000 - 0x000007fefd4a9000 	C:\Windows\system32\USP10.dll
0x000007fefb3b0000 - 0x000007fefb5a4000 	C:\Windows\WinSxS\amd64_microsoft.windows.common-controls_6595b64144ccf1df_6.0.7601.17514_none_fa396087175ac9ac\COMCTL32.dll
0x000007fefe6c0000 - 0x000007fefe731000 	C:\Windows\system32\SHLWAPI.dll
0x000007feff2b0000 - 0x000007feff2de000 	C:\Windows\system32\IMM32.DLL
0x000007feff2e0000 - 0x000007feff3e9000 	C:\Windows\system32\MSCTF.dll
0x0000000061680000 - 0x0000000061752000 	C:\Program Files\Java\jdk1.8.0_45\jre\bin\msvcr100.dll
0x000000005f570000 - 0x000000005fdf3000 	C:\Program Files\Java\jdk1.8.0_45\jre\bin\server\jvm.dll
0x000007fef8100000 - 0x000007fef8109000 	C:\Windows\system32\WSOCK32.dll
0x000007fefd780000 - 0x000007fefd7cd000 	C:\Windows\system32\WS2_32.dll
0x000007fefd7d0000 - 0x000007fefd7d8000 	C:\Windows\system32\NSI.dll
0x000007fef8a30000 - 0x000007fef8a6b000 	C:\Windows\system32\WINMM.dll
0x000007fefbf80000 - 0x000007fefbf8c000 	C:\Windows\system32\VERSION.dll
0x00000000772b0000 - 0x00000000772b7000 	C:\Windows\system32\PSAPI.DLL
0x0000000072fd0000 - 0x0000000072fdf000 	C:\Program Files\Java\jdk1.8.0_45\jre\bin\verify.dll
0x00000000617d0000 - 0x00000000617f9000 	C:\Program Files\Java\jdk1.8.0_45\jre\bin\java.dll
0x00000000619e0000 - 0x00000000619f6000 	C:\Program Files\Java\jdk1.8.0_45\jre\bin\zip.dll
0x000007fefd910000 - 0x000007fefe698000 	C:\Windows\system32\SHELL32.dll
0x000007fefea40000 - 0x000007fefec43000 	C:\Windows\system32\ole32.dll
0x000007fefcea0000 - 0x000007fefceaf000 	C:\Windows\system32\profapi.dll
0x000007fee2be0000 - 0x000007fee2c1d000 	C:\Users\user\AppData\Local\Temp\JOCL_2_0_0-windows-x86_64.dll
0x000007fee9c60000 - 0x000007fee9c63000 	C:\Windows\system32\api-ms-win-core-synch-l1-2-0.DLL
0x000007fee4ca0000 - 0x000007fee4cba000 	C:\Windows\system32\OpenCL.dll
0x000007fee0980000 - 0x000007fee09e1000 	C:\Windows\system32\IntelOpenCL64.dll
0x000007fede450000 - 0x000007fede5de000 	C:\Program Files (x86)\Common Files\Intel\OpenCL\bin\x64\intelocl64.dll
0x000007fee0bf0000 - 0x000007fee0c78000 	C:\Program Files (x86)\Common Files\Intel\OpenCL\bin\x64\task_executor64.dll
0x000007fee45b0000 - 0x000007fee46cd000 	C:\Windows\system32\OPENGL32.dll
0x000007fee47b0000 - 0x000007fee47dd000 	C:\Windows\system32\GLU32.dll
0x000007fee4160000 - 0x000007fee4251000 	C:\Windows\system32\DDRAW.dll
0x000007fee47a0000 - 0x000007fee47a8000 	C:\Windows\system32\DCIMAN32.dll
0x000007fefec50000 - 0x000007fefee27000 	C:\Windows\system32\SETUPAPI.dll
0x000007fefcfd0000 - 0x000007fefd006000 	C:\Windows\system32\CFGMGR32.dll
0x000007fefef70000 - 0x000007feff047000 	C:\Windows\system32\OLEAUT32.dll
0x000007fefcfa0000 - 0x000007fefcfba000 	C:\Windows\system32\DEVOBJ.dll
0x000007fefaa00000 - 0x000007fefaa18000 	C:\Windows\system32\dwmapi.dll
0x000007fedf4c0000 - 0x000007fedf596000 	C:\Program Files (x86)\Common Files\Intel\OpenCL\bin\x64\cpu_device64.dll
0x000007fedac40000 - 0x000007fedb420000 	C:\Windows\system32\igdrcl64.dll
0x000007fef3990000 - 0x000007fef39ed000 	C:\Windows\system32\dxgi.dll
0x000007fed51d0000 - 0x000007fed68bb000 	C:\Windows\system32\igdfcl64.dll
0x000007fee0ed0000 - 0x000007fee0ff5000 	C:\Windows\system32\dbghelp.dll
0x000007fee07a0000 - 0x000007fee0808000 	C:\Windows\system32\igdbcl64.dll
0x000007fef1950000 - 0x000007fef22ef000 	C:\Windows\system32\igdusc64.dll

VM Arguments:
jvm_args: -Dfile.encoding=UTF-8 -Xmx1500m 
java_command: test.compact.TestCompact
java_class_path (initial): C:\Users\user\Desktop\Temp\jocl-2.0.0.jar;C:\Users\user\Documents\NetBeansProjects\JOCLWrapper\build\classes;C:\Users\user\Documents\NetBeansProjects\JOCLWrapper\dist\lib\JOCL-structs-0.0.1a-alpha.jar;C:\Users\user\Documents\GitHub\MultiThreadLibrary\build\classes;C:\Users\user\Documents\GitHub\Bitmap\build\classes;C:\Users\user\Documents\GitHub\FileSystem\build\classes;C:\Users\user\Documents\GitHub\Coordinate\build\classes;C:\Users\user\Documents\GitHub\MambaTracer\build\classes;C:\Users\user\Documents\GitHub\MambaTracer\build\test\classes
Launcher Type: SUN_STANDARD

Environment Variables:
CLASSPATH=.;C:\Program Files (x86)\Java\jre1.8.0_60\lib\ext\QTJava.zip
PATH=C:\Program Files (x86)\Common Files\Oracle\Java\javapath;C:\ProgramData\Oracle\Java\javapath;C:\Windows\system32;C:\Windows;C:\Windows\System32\Wbem;C:\Windows\System32\WindowsPowerShell\v1.0\;C:\Program Files\Intel\WiFi\bin\;C:\Program Files\Common Files\Intel\WirelessCommon\;C:\Program Files (x86)\QuickTime\QTSystem\;C:\Program Files\Java\jdk1.8.0_45\bin;%LUXRENDER_ROOT%;C:\Program Files\nodejs\;C:\Users\user\Documents\Java\JOCL-0.2.0-RC-bin;C:\Users\user\AppData\Local\GitHubDesktop\bin;C:\Users\user\AppData\Roaming\npm;C:\Users\user\AppData\Local\Programs\Microsoft VS Code\bin
USERNAME=user
OS=Windows_NT
PROCESSOR_IDENTIFIER=Intel64 Family 6 Model 61 Stepping 4, GenuineIntel



---------------  S Y S T E M  ---------------

OS: Windows 7 , 64 bit Build 7601 (6.1.7601.18015)

CPU:total 4 (2 cores per cpu, 2 threads per core) family 6 model 61 stepping 4, cmov, cx8, fxsr, mmx, sse, sse2, sse3, ssse3, sse4.1, sse4.2, popcnt, avx, avx2, aes, clmul, erms, 3dnowpref, lzcnt, ht, tsc, tscinvbit, bmi1, bmi2, adx

Memory: 4k page, physical 4108492k(834028k free), swap 8215120k(2880760k free)

vm_info: Java HotSpot(TM) 64-Bit Server VM (25.45-b02) for windows-amd64 JRE (1.8.0_45-b15), built on Apr 30 2015 12:40:44 by "java_re" with MS VC++ 10.0 (VS2010)

time: Thu Sep 05 20:52:17 2019
elapsed time: 0 seconds (0d 0h 0m 0s)

