#
# A fatal error has been detected by the Java Runtime Environment:
#
#  EXCEPTION_ACCESS_VIOLATION (0xc0000005) at pc=0x00007ffe2a0f9e0c, pid=5480, tid=0x00000000000010f0
#
# JRE version: Java(TM) SE Runtime Environment (8.0_144-b01) (build 1.8.0_144-b01)
# Java VM: Java HotSpot(TM) 64-Bit Server VM (25.144-b01 mixed mode windows-amd64 compressed oops)
# Problematic frame:
# C  [igdrcl64.dll+0x1d9e0c]
#
# Failed to write core dump. Minidumps are not enabled by default on client versions of Windows
#
# If you would like to submit a bug report, please visit:
#   http://bugreport.java.com/bugreport/crash.jsp
# The crash happened outside the Java Virtual Machine in native code.
# See problematic frame for where to report the bug.
#

---------------  T H R E A D  ---------------

Current thread (0x0000000018b48000):  JavaThread "Thread-6" [_thread_in_native, id=4336, stack(0x000000002e6f0000,0x000000002e7f0000)]

siginfo: ExceptionCode=0xc0000005, reading address 0x000000002e480000

Registers:
RAX=0x00000000006acfc4, RBX=0x000000002e7ed010, RCX=0x0000000000400004, RDX=0x00000000006acfc4
RSP=0x000000002e7ecf40, RBP=0x000000002e7ecfd0, RSI=0x000000002e480000, RDI=0x0000000000400000
R8 =0x0000000000400000, R9 =0x0000000000000009, R10=0x0000000000000000, R11=0x0000000000000246
R12=0x0000000000000001, R13=0x0000000000000000, R14=0x0000000020afd480, R15=0x000000002e7eed20
RIP=0x00007ffe2a0f9e0c, EFLAGS=0x0000000000010246

Top of Stack: (sp=0x000000002e7ecf40)
0x000000002e7ecf40:   0000000001149600 00007ffe00000000
0x000000002e7ecf50:   000000000000002a 000000002e47fff8
0x000000002e7ecf60:   0000000000000000 0000821341a68a48
0x000000002e7ecf70:   0000000020afd480 0000000000000000
0x000000002e7ecf80:   000000002e7ed9f0 00007ffe2a0ccc88
0x000000002e7ecf90:   0000000000000000 00007ffe00000000
0x000000002e7ecfa0:   0000000021e63610 000000002e7ed150
0x000000002e7ecfb0:   000000002192caa0 0000000020afd480
0x000000002e7ecfc0:   fffffffffffffffe 000000002e7ed9f0
0x000000002e7ecfd0:   00007ffe2a1a5d68 00007ffe29f9511d
0x000000002e7ecfe0:   0000821341a68ab8 0000000000000029
0x000000002e7ecff0:   0000000020afd480 000000002e7ed140
0x000000002e7ed000:   000000002e7ed900 000000002e7ecfd0
0x000000002e7ed010:   000000002e080000 00000000006acfc4
0x000000002e7ed020:   000000002192caa0 0040000000000000
0x000000002e7ed030:   0000821341a68a98 0000000000000000 

Instructions: (pc=0x00007ffe2a0f9e0c)
0x00007ffe2a0f9dec:   0f 87 a7 00 00 00 44 8b c7 8b c2 49 8d 48 04 48
0x00007ffe2a0f9dfc:   3b c8 77 69 48 8b 33 49 03 f0 40 f6 c6 03 75 08
0x00007ffe2a0f9e0c:   8b 06 89 44 24 20 eb 4e 2b d7 8b fa 48 85 f6 74
0x00007ffe2a0f9e1c:   0e 48 83 ff 04 72 08 8b 06 89 44 24 20 eb 37 4c 


Register to memory mapping:

RAX=0x00000000006acfc4 is an unknown value
RBX=0x000000002e7ed010 is pointing into the stack for thread: 0x0000000018b48000
RCX=0x0000000000400004 is an unknown value
RDX=0x00000000006acfc4 is an unknown value
RSP=0x000000002e7ecf40 is pointing into the stack for thread: 0x0000000018b48000
RBP=0x000000002e7ecfd0 is pointing into the stack for thread: 0x0000000018b48000
RSI=0x000000002e480000 is an unknown value
RDI=0x0000000000400000 is an unknown value
R8 =0x0000000000400000 is an unknown value
R9 =0x0000000000000009 is an unknown value
R10=0x0000000000000000 is an unknown value
R11=0x0000000000000246 is an unknown value
R12=0x0000000000000001 is an unknown value
R13=0x0000000000000000 is an unknown value
R14=0x0000000020afd480 is an unknown value
R15=0x000000002e7eed20 is pointing into the stack for thread: 0x0000000018b48000


Stack: [0x000000002e6f0000,0x000000002e7f0000],  sp=0x000000002e7ecf40,  free space=1011k
Native frames: (J=compiled Java code, j=interpreted, Vv=VM code, C=native code)
C  [igdrcl64.dll+0x1d9e0c]
C  [igdrcl64.dll+0x1acc88]
C  [igdrcl64.dll+0xc942e]
C  [igdrcl64.dll+0xc846f]
C  [igdrcl64.dll+0xed8ce]
C  [igdrcl64.dll+0x23846]
C  [JOCL_2_0_0-windows-x86_64.dll+0x872f]
C  0x0000000002eb7f74

Java frames: (J=compiled Java code, j=interpreted, Vv=VM code)
j  org.jocl.CL.clEnqueueNDRangeKernelNative(Lorg/jocl/cl_command_queue;Lorg/jocl/cl_kernel;I[J[J[JI[Lorg/jocl/cl_event;Lorg/jocl/cl_event;)I+0
j  org.jocl.CL.clEnqueueNDRangeKernel(Lorg/jocl/cl_command_queue;Lorg/jocl/cl_kernel;I[J[J[JI[Lorg/jocl/cl_event;Lorg/jocl/cl_event;)I+14
j  wrapper.core.CCommandQueue.put1DRangeKernel(Lwrapper/core/CKernel;JJ)Lwrapper/core/CCommandQueue;+28
j  wrapper.core.OpenCLPlatform.executeKernel1D(Lwrapper/core/CKernel;JJ)V+8
j  test.minimaltracer.SDeviceGI.updateImage()V+18
j  test.minimaltracer.SDeviceGI.loop()V+117
j  test.minimaltracer.SDeviceGI.lambda$start$0()V+1
j  test.minimaltracer.SDeviceGI$$Lambda$179.run()V+4
j  thread.model.LambdaThread.run()V+4
j  java.lang.Thread.run()V+11
v  ~StubRoutines::call_stub

---------------  P R O C E S S  ---------------

Java Threads: ( => current thread )
=>0x0000000018b48000 JavaThread "Thread-6" [_thread_in_native, id=4336, stack(0x000000002e6f0000,0x000000002e7f0000)]
  0x0000000018acd800 JavaThread "Prism Font Disposer" daemon [_thread_blocked, id=11684, stack(0x0000000029b80000,0x0000000029c80000)]
  0x0000000018aa5800 JavaThread "Thread-5" [_thread_blocked, id=13012, stack(0x0000000024730000,0x0000000024830000)]
  0x00000000186b4000 JavaThread "Thread-3" daemon [_thread_in_native, id=2144, stack(0x000000001fdb0000,0x000000001feb0000)]
  0x0000000018690800 JavaThread "JavaFX-Launcher" [_thread_blocked, id=10812, stack(0x000000001feb0000,0x000000001ffb0000)]
  0x0000000018628800 JavaThread "JavaFX Application Thread" [_thread_in_native, id=9624, stack(0x00000000194d0000,0x00000000195d0000)]
  0x0000000018407800 JavaThread "Thread-1" daemon [_thread_blocked, id=9908, stack(0x00000000193d0000,0x00000000194d0000)]
  0x00000000183fa000 JavaThread "QuantumRenderer-0" daemon [_thread_blocked, id=6428, stack(0x0000000018e20000,0x0000000018f20000)]
  0x0000000018052800 JavaThread "Service Thread" daemon [_thread_blocked, id=3820, stack(0x0000000018420000,0x0000000018520000)]
  0x00000000166c5800 JavaThread "C1 CompilerThread2" daemon [_thread_blocked, id=7372, stack(0x0000000017f20000,0x0000000018020000)]
  0x00000000166c0800 JavaThread "C2 CompilerThread1" daemon [_thread_blocked, id=1128, stack(0x0000000017e20000,0x0000000017f20000)]
  0x00000000166bd000 JavaThread "C2 CompilerThread0" daemon [_thread_blocked, id=11524, stack(0x0000000017d20000,0x0000000017e20000)]
  0x00000000166bc000 JavaThread "Attach Listener" daemon [_thread_blocked, id=7384, stack(0x0000000017c20000,0x0000000017d20000)]
  0x00000000166ba800 JavaThread "Signal Dispatcher" daemon [_thread_blocked, id=4944, stack(0x0000000017b20000,0x0000000017c20000)]
  0x00000000166aa800 JavaThread "Finalizer" daemon [_thread_blocked, id=8436, stack(0x0000000017920000,0x0000000017a20000)]
  0x0000000016689000 JavaThread "Reference Handler" daemon [_thread_blocked, id=10980, stack(0x0000000017820000,0x0000000017920000)]
  0x0000000002da0800 JavaThread "main" [_thread_blocked, id=14304, stack(0x0000000002c20000,0x0000000002d20000)]

Other Threads:
  0x0000000016687800 VMThread [stack: 0x0000000017720000,0x0000000017820000] [id=9860]
  0x000000001806d000 WatcherThread [stack: 0x0000000018520000,0x0000000018620000] [id=11624]

VM state:not at safepoint (normal execution)

VM Mutex/Monitor currently owned by a thread: None

Heap:
 PSYoungGen      total 75776K, used 11355K [0x00000000e0c00000, 0x00000000e9c80000, 0x0000000100000000)
  eden space 65024K, 17% used [0x00000000e0c00000,0x00000000e1716c40,0x00000000e4b80000)
  from space 10752K, 0% used [0x00000000e4b80000,0x00000000e4b80000,0x00000000e5600000)
  to   space 10752K, 0% used [0x00000000e9200000,0x00000000e9200000,0x00000000e9c80000)
 ParOldGen       total 319488K, used 124243K [0x00000000a2400000, 0x00000000b5c00000, 0x00000000e0c00000)
  object space 319488K, 38% used [0x00000000a2400000,0x00000000a9d54e50,0x00000000b5c00000)
 Metaspace       used 15961K, capacity 16688K, committed 17024K, reserved 1064960K
  class space    used 2137K, capacity 2327K, committed 2432K, reserved 1048576K

Card table byte_map: [0x0000000012260000,0x0000000012550000] byte_map_base: 0x0000000011d4e000

Marking Bits: (ParMarkBitMap*) 0x00000000569bd850
 Begin Bits: [0x0000000012b50000, 0x00000000142c0000)
 End Bits:   [0x00000000142c0000, 0x0000000015a30000)

Polling page: 0x0000000000be0000

CodeCache: size=245760Kb used=5215Kb max_used=5221Kb free=240544Kb
 bounds [0x0000000002ea0000, 0x00000000033c0000, 0x0000000011ea0000]
 total_blobs=2291 nmethods=1630 adapters=573
 compilation: enabled

Compilation events (10 events):
Event: 12.240 Thread 0x00000000166c5800 1626       3       com.sun.javafx.tk.quantum.GlassViewEventHandler$$Lambda$148/363590386::<init> (10 bytes)
Event: 12.240 Thread 0x00000000166c5800 nmethod 1626 0x00000000033b51d0 code [0x00000000033b5320, 0x00000000033b54f0]
Event: 12.240 Thread 0x00000000166c5800 1627       3       com.sun.javafx.tk.quantum.GlassViewEventHandler$MouseEventNotification::run (5 bytes)
Event: 12.240 Thread 0x00000000166c5800 nmethod 1627 0x00000000033b5590 code [0x00000000033b5700, 0x00000000033b58a8]
Event: 12.240 Thread 0x00000000166c5800 1628   !   3       com.sun.javafx.tk.quantum.GlassViewEventHandler$MouseEventNotification::run (567 bytes)
Event: 12.241 Thread 0x00000000166c5800 nmethod 1628 0x00000000033b5950 code [0x00000000033b5be0, 0x00000000033b6df8]
Event: 12.241 Thread 0x00000000166c5800 1629       3       com.sun.javafx.tk.quantum.GlassViewEventHandler::access$500 (5 bytes)
Event: 12.241 Thread 0x00000000166c5800 nmethod 1629 0x00000000033b7850 code [0x00000000033b79c0, 0x00000000033b7b28]
Event: 14.629 Thread 0x00000000166bd000 1630       4       javafx.scene.Node::updateLocalToParentTransform (442 bytes)
Event: 14.642 Thread 0x00000000166bd000 nmethod 1630 0x00000000033b9490 code [0x00000000033b9820, 0x00000000033ba388]

GC Heap History (10 events):
Event: 3.398 GC heap before
{Heap before GC invocations=1 (full 0):
 PSYoungGen      total 75776K, used 46673K [0x00000000e0c00000, 0x00000000e6080000, 0x0000000100000000)
  eden space 65024K, 71% used [0x00000000e0c00000,0x00000000e3994678,0x00000000e4b80000)
  from space 10752K, 0% used [0x00000000e5600000,0x00000000e5600000,0x00000000e6080000)
  to   space 10752K, 0% used [0x00000000e4b80000,0x00000000e4b80000,0x00000000e5600000)
 ParOldGen       total 173568K, used 0K [0x00000000a2400000, 0x00000000acd80000, 0x00000000e0c00000)
  object space 173568K, 0% used [0x00000000a2400000,0x00000000a2400000,0x00000000acd80000)
 Metaspace       used 11622K, capacity 12076K, committed 12416K, reserved 1060864K
  class space    used 1475K, capacity 1601K, committed 1664K, reserved 1048576K
Event: 3.414 GC heap after
Heap after GC invocations=1 (full 0):
 PSYoungGen      total 75776K, used 5233K [0x00000000e0c00000, 0x00000000e6080000, 0x0000000100000000)
  eden space 65024K, 0% used [0x00000000e0c00000,0x00000000e0c00000,0x00000000e4b80000)
  from space 10752K, 48% used [0x00000000e4b80000,0x00000000e509c4d0,0x00000000e5600000)
  to   space 10752K, 0% used [0x00000000e5600000,0x00000000e5600000,0x00000000e6080000)
 ParOldGen       total 173568K, used 39142K [0x00000000a2400000, 0x00000000acd80000, 0x00000000e0c00000)
  object space 173568K, 22% used [0x00000000a2400000,0x00000000a4a39a30,0x00000000acd80000)
 Metaspace       used 11622K, capacity 12076K, committed 12416K, reserved 1060864K
  class space    used 1475K, capacity 1601K, committed 1664K, reserved 1048576K
}
Event: 3.486 GC heap before
{Heap before GC invocations=2 (full 0):
 PSYoungGen      total 75776K, used 53627K [0x00000000e0c00000, 0x00000000e6080000, 0x0000000100000000)
  eden space 65024K, 74% used [0x00000000e0c00000,0x00000000e3b42a48,0x00000000e4b80000)
  from space 10752K, 48% used [0x00000000e4b80000,0x00000000e509c4d0,0x00000000e5600000)
  to   space 10752K, 0% used [0x00000000e5600000,0x00000000e5600000,0x00000000e6080000)
 ParOldGen       total 173568K, used 39142K [0x00000000a2400000, 0x00000000acd80000, 0x00000000e0c00000)
  object space 173568K, 22% used [0x00000000a2400000,0x00000000a4a39a30,0x00000000acd80000)
 Metaspace       used 12120K, capacity 12626K, committed 12672K, reserved 1060864K
  class space    used 1523K, capacity 1660K, committed 1664K, reserved 1048576K
Event: 3.508 GC heap after
Heap after GC invocations=2 (full 0):
 PSYoungGen      total 75776K, used 10036K [0x00000000e0c00000, 0x00000000ea000000, 0x0000000100000000)
  eden space 65024K, 0% used [0x00000000e0c00000,0x00000000e0c00000,0x00000000e4b80000)
  from space 10752K, 93% used [0x00000000e5600000,0x00000000e5fcd070,0x00000000e6080000)
  to   space 10752K, 0% used [0x00000000e4b80000,0x00000000e4b80000,0x00000000e5600000)
 ParOldGen       total 173568K, used 117275K [0x00000000a2400000, 0x00000000acd80000, 0x00000000e0c00000)
  object space 173568K, 67% used [0x00000000a2400000,0x00000000a9686e70,0x00000000acd80000)
 Metaspace       used 12120K, capacity 12626K, committed 12672K, reserved 1060864K
  class space    used 1523K, capacity 1660K, committed 1664K, reserved 1048576K
}
Event: 3.508 GC heap before
{Heap before GC invocations=3 (full 1):
 PSYoungGen      total 75776K, used 10036K [0x00000000e0c00000, 0x00000000ea000000, 0x0000000100000000)
  eden space 65024K, 0% used [0x00000000e0c00000,0x00000000e0c00000,0x00000000e4b80000)
  from space 10752K, 93% used [0x00000000e5600000,0x00000000e5fcd070,0x00000000e6080000)
  to   space 10752K, 0% used [0x00000000e4b80000,0x00000000e4b80000,0x00000000e5600000)
 ParOldGen       total 173568K, used 117275K [0x00000000a2400000, 0x00000000acd80000, 0x00000000e0c00000)
  object space 173568K, 67% used [0x00000000a2400000,0x00000000a9686e70,0x00000000acd80000)
 Metaspace       used 12120K, capacity 12626K, committed 12672K, reserved 1060864K
  class space    used 1523K, capacity 1660K, committed 1664K, reserved 1048576K
Event: 3.528 GC heap after
Heap after GC invocations=3 (full 1):
 PSYoungGen      total 75776K, used 0K [0x00000000e0c00000, 0x00000000ea000000, 0x0000000100000000)
  eden space 65024K, 0% used [0x00000000e0c00000,0x00000000e0c00000,0x00000000e4b80000)
  from space 10752K, 0% used [0x00000000e5600000,0x00000000e5600000,0x00000000e6080000)
  to   space 10752K, 0% used [0x00000000e4b80000,0x00000000e4b80000,0x00000000e5600000)
 ParOldGen       total 224768K, used 68624K [0x00000000a2400000, 0x00000000aff80000, 0x00000000e0c00000)
  object space 224768K, 30% used [0x00000000a2400000,0x00000000a67043d0,0x00000000aff80000)
 Metaspace       used 12120K, capacity 12626K, committed 12672K, reserved 1060864K
  class space    used 1523K, capacity 1660K, committed 1664K, reserved 1048576K
}
Event: 4.497 GC heap before
{Heap before GC invocations=4 (full 1):
 PSYoungGen      total 75776K, used 65024K [0x00000000e0c00000, 0x00000000ea000000, 0x0000000100000000)
  eden space 65024K, 100% used [0x00000000e0c00000,0x00000000e4b80000,0x00000000e4b80000)
  from space 10752K, 0% used [0x00000000e5600000,0x00000000e5600000,0x00000000e6080000)
  to   space 10752K, 0% used [0x00000000e4b80000,0x00000000e4b80000,0x00000000e5600000)
 ParOldGen       total 224768K, used 68624K [0x00000000a2400000, 0x00000000aff80000, 0x00000000e0c00000)
  object space 224768K, 30% used [0x00000000a2400000,0x00000000a67043d0,0x00000000aff80000)
 Metaspace       used 15680K, capacity 16382K, committed 16512K, reserved 1062912K
  class space    used 2128K, capacity 2318K, committed 2432K, reserved 1048576K
Event: 4.530 GC heap after
Heap after GC invocations=4 (full 1):
 PSYoungGen      total 75776K, used 4931K [0x00000000e0c00000, 0x00000000e9c80000, 0x0000000100000000)
  eden space 65024K, 0% used [0x00000000e0c00000,0x00000000e0c00000,0x00000000e4b80000)
  from space 10752K, 45% used [0x00000000e4b80000,0x00000000e5050cf0,0x00000000e5600000)
  to   space 10752K, 0% used [0x00000000e9200000,0x00000000e9200000,0x00000000e9c80000)
 ParOldGen       total 224768K, used 170195K [0x00000000a2400000, 0x00000000aff80000, 0x00000000e0c00000)
  object space 224768K, 75% used [0x00000000a2400000,0x00000000aca34e10,0x00000000aff80000)
 Metaspace       used 15680K, capacity 16382K, committed 16512K, reserved 1062912K
  class space    used 2128K, capacity 2318K, committed 2432K, reserved 1048576K
}
Event: 4.530 GC heap before
{Heap before GC invocations=5 (full 2):
 PSYoungGen      total 75776K, used 4931K [0x00000000e0c00000, 0x00000000e9c80000, 0x0000000100000000)
  eden space 65024K, 0% used [0x00000000e0c00000,0x00000000e0c00000,0x00000000e4b80000)
  from space 10752K, 45% used [0x00000000e4b80000,0x00000000e5050cf0,0x00000000e5600000)
  to   space 10752K, 0% used [0x00000000e9200000,0x00000000e9200000,0x00000000e9c80000)
 ParOldGen       total 224768K, used 170195K [0x00000000a2400000, 0x00000000aff80000, 0x00000000e0c00000)
  object space 224768K, 75% used [0x00000000a2400000,0x00000000aca34e10,0x00000000aff80000)
 Metaspace       used 15680K, capacity 16382K, committed 16512K, reserved 1062912K
  class space    used 2128K, capacity 2318K, committed 2432K, reserved 1048576K
Event: 4.543 GC heap after
Heap after GC invocations=5 (full 2):
 PSYoungGen      total 75776K, used 0K [0x00000000e0c00000, 0x00000000e9c80000, 0x0000000100000000)
  eden space 65024K, 0% used [0x00000000e0c00000,0x00000000e0c00000,0x00000000e4b80000)
  from space 10752K, 0% used [0x00000000e4b80000,0x00000000e4b80000,0x00000000e5600000)
  to   space 10752K, 0% used [0x00000000e9200000,0x00000000e9200000,0x00000000e9c80000)
 ParOldGen       total 319488K, used 124243K [0x00000000a2400000, 0x00000000b5c00000, 0x00000000e0c00000)
  object space 319488K, 38% used [0x00000000a2400000,0x00000000a9d54e50,0x00000000b5c00000)
 Metaspace       used 15680K, capacity 16382K, committed 16512K, reserved 1062912K
  class space    used 2128K, capacity 2318K, committed 2432K, reserved 1048576K
}

Deoptimization events (10 events):
Event: 3.673 Thread 0x0000000018628800 Uncommon trap: reason=class_check action=maybe_recompile pc=0x0000000002fbfeb0 method=java.lang.String.equals(Ljava/lang/Object;)Z @ 8
Event: 3.673 Thread 0x0000000018628800 Uncommon trap: reason=class_check action=maybe_recompile pc=0x0000000002fbfeb0 method=java.lang.String.equals(Ljava/lang/Object;)Z @ 8
Event: 3.675 Thread 0x0000000018628800 Uncommon trap: reason=class_check action=maybe_recompile pc=0x0000000002fbfeb0 method=java.lang.String.equals(Ljava/lang/Object;)Z @ 8
Event: 3.693 Thread 0x0000000018628800 Uncommon trap: reason=unstable_if action=reinterpret pc=0x0000000003246968 method=java.lang.String.regionMatches(ZILjava/lang/String;II)Z @ 123
Event: 4.493 Thread 0x0000000018628800 Uncommon trap: reason=unstable_if action=reinterpret pc=0x00000000031c59a8 method=jdk.internal.org.objectweb.asm.Type.getArgumentsAndReturnSizes(Ljava/lang/String;)I @ 47
Event: 4.553 Thread 0x0000000018628800 Uncommon trap: reason=unstable_if action=reinterpret pc=0x0000000003278394 method=com.sun.javafx.image.impl.IntArgb$ToByteBgraPreConv.doConvert([III[BIIII)V @ 29
Event: 4.981 Thread 0x0000000018628800 Uncommon trap: reason=class_check action=maybe_recompile pc=0x00000000031cd6f8 method=coordinate.generic.AbstractCoordinateFloat.get(I)F @ 49
Event: 4.997 Thread 0x0000000018628800 Uncommon trap: reason=class_check action=maybe_recompile pc=0x00000000031cd6f8 method=coordinate.generic.AbstractCoordinateFloat.get(I)F @ 49
Event: 5.013 Thread 0x0000000018628800 Uncommon trap: reason=class_check action=maybe_recompile pc=0x00000000031cd6f8 method=coordinate.generic.AbstractCoordinateFloat.get(I)F @ 49
Event: 5.029 Thread 0x0000000018628800 Uncommon trap: reason=class_check action=maybe_recompile pc=0x00000000031cd6f8 method=coordinate.generic.AbstractCoordinateFloat.get(I)F @ 49

Internal exceptions (10 events):
Event: 0.140 Thread 0x0000000002da0800 Exception <a 'java/security/PrivilegedActionException'> (0x00000000e0f5c408) thrown at [C:\re\workspace\8-2-build-windows-amd64-cygwin\jdk8u144\9417\hotspot\src\share\vm\prims\jvm.cpp, line 1390]
Event: 0.140 Thread 0x0000000002da0800 Exception <a 'java/security/PrivilegedActionException'> (0x00000000e0f5c618) thrown at [C:\re\workspace\8-2-build-windows-amd64-cygwin\jdk8u144\9417\hotspot\src\share\vm\prims\jvm.cpp, line 1390]
Event: 0.141 Thread 0x0000000002da0800 Exception <a 'java/security/PrivilegedActionException'> (0x00000000e0f60528) thrown at [C:\re\workspace\8-2-build-windows-amd64-cygwin\jdk8u144\9417\hotspot\src\share\vm\prims\jvm.cpp, line 1390]
Event: 0.141 Thread 0x0000000002da0800 Exception <a 'java/security/PrivilegedActionException'> (0x00000000e0f60738) thrown at [C:\re\workspace\8-2-build-windows-amd64-cygwin\jdk8u144\9417\hotspot\src\share\vm\prims\jvm.cpp, line 1390]
Event: 0.141 Thread 0x0000000002da0800 Exception <a 'java/lang/NullPointerException'> (0x00000000e0f60d10) thrown at [C:\re\workspace\8-2-build-windows-amd64-cygwin\jdk8u144\9417\hotspot\src\share\vm\interpreter\linkResolver.cpp, line 1197]
Event: 0.447 Thread 0x0000000018628800 Exception <a 'java/lang/NullPointerException'> (0x00000000e1bcb3a0) thrown at [C:\re\workspace\8-2-build-windows-amd64-cygwin\jdk8u144\9417\hotspot\src\share\vm\interpreter\linkResolver.cpp, line 1197]
Event: 0.447 Thread 0x0000000018628800 Exception <a 'java/lang/NullPointerException'> (0x00000000e1bcb3a0) thrown at [C:\re\workspace\8-2-build-windows-amd64-cygwin\jdk8u144\9417\hotspot\src\share\vm\prims\jvm.cpp, line 1394]
Event: 0.547 Thread 0x0000000018628800 Exception <a 'java/lang/ArrayIndexOutOfBoundsException'> (0x00000000e209e218) thrown at [C:\re\workspace\8-2-build-windows-amd64-cygwin\jdk8u144\9417\hotspot\src\share\vm\runtime\sharedRuntime.cpp, line 605]
Event: 0.548 Thread 0x0000000018628800 Exception <a 'java/lang/ArrayIndexOutOfBoundsException'> (0x00000000e209ed30) thrown at [C:\re\workspace\8-2-build-windows-amd64-cygwin\jdk8u144\9417\hotspot\src\share\vm\runtime\sharedRuntime.cpp, line 605]
Event: 0.548 Thread 0x0000000018628800 Exception <a 'java/lang/ArrayIndexOutOfBoundsException'> (0x00000000e20a00d8) thrown at [C:\re\workspace\8-2-build-windows-amd64-cygwin\jdk8u144\9417\hotspot\src\share\vm\runtime\sharedRuntime.cpp, line 605]

Events (10 events):
Event: 7.024 loading class test/minimaltracer/SDeviceGI done
Event: 7.024 Thread 0x0000000018b48000 Thread added: 0x0000000018b48000
Event: 7.025 loading class coordinate/struct/StructByteArray
Event: 7.025 loading class coordinate/struct/StructByteArray done
Event: 7.025 loading class coordinate/struct/StructByteArray
Event: 7.025 loading class coordinate/struct/StructByteArray done
Event: 7.025 loading class test/minimaltracer/SDeviceGI
Event: 7.025 loading class test/minimaltracer/SDeviceGI done
Event: 7.029 loading class com/sun/javafx/scene/traversal/ContainerTabOrder$1
Event: 7.029 loading class com/sun/javafx/scene/traversal/ContainerTabOrder$1 done


Dynamic libraries:
0x00007ff724140000 - 0x00007ff724177000 	C:\Program Files\Java\jdk1.8.0_144\bin\java.exe
0x00007ffe5b880000 - 0x00007ffe5ba70000 	C:\WINDOWS\SYSTEM32\ntdll.dll
0x00007ffe5aeb0000 - 0x00007ffe5af62000 	C:\WINDOWS\System32\KERNEL32.DLL
0x00007ffe58b00000 - 0x00007ffe58da3000 	C:\WINDOWS\System32\KERNELBASE.dll
0x00007ffe5a700000 - 0x00007ffe5a7a3000 	C:\WINDOWS\System32\ADVAPI32.dll
0x00007ffe5b290000 - 0x00007ffe5b32e000 	C:\WINDOWS\System32\msvcrt.dll
0x00007ffe5ae10000 - 0x00007ffe5aea7000 	C:\WINDOWS\System32\sechost.dll
0x00007ffe5b5c0000 - 0x00007ffe5b6e0000 	C:\WINDOWS\System32\RPCRT4.dll
0x00007ffe5b060000 - 0x00007ffe5b1f4000 	C:\WINDOWS\System32\USER32.dll
0x00007ffe58ad0000 - 0x00007ffe58af1000 	C:\WINDOWS\System32\win32u.dll
0x00007ffe5b260000 - 0x00007ffe5b286000 	C:\WINDOWS\System32\GDI32.dll
0x00007ffe58910000 - 0x00007ffe58aa4000 	C:\WINDOWS\System32\gdi32full.dll
0x00007ffe58e10000 - 0x00007ffe58eae000 	C:\WINDOWS\System32\msvcp_win.dll
0x00007ffe58eb0000 - 0x00007ffe58faa000 	C:\WINDOWS\System32\ucrtbase.dll
0x00007ffe48450000 - 0x00007ffe486d5000 	C:\WINDOWS\WinSxS\amd64_microsoft.windows.common-controls_6595b64144ccf1df_6.0.18362.592_none_e6c0b1911312be02\COMCTL32.dll
0x00007ffe59ae0000 - 0x00007ffe59e16000 	C:\WINDOWS\System32\combase.dll
0x00007ffe598b0000 - 0x00007ffe59930000 	C:\WINDOWS\System32\bcryptPrimitives.dll
0x00007ffe5b3a0000 - 0x00007ffe5b3ce000 	C:\WINDOWS\System32\IMM32.DLL
0x00000000560c0000 - 0x0000000056192000 	C:\Program Files\Java\jdk1.8.0_144\jre\bin\msvcr100.dll
0x00000000561a0000 - 0x0000000056a3d000 	C:\Program Files\Java\jdk1.8.0_144\jre\bin\server\jvm.dll
0x00007ffe5b500000 - 0x00007ffe5b508000 	C:\WINDOWS\System32\PSAPI.DLL
0x00007ffe47f40000 - 0x00007ffe47f49000 	C:\WINDOWS\SYSTEM32\WSOCK32.dll
0x00007ffe5b330000 - 0x00007ffe5b39f000 	C:\WINDOWS\System32\WS2_32.dll
0x00007ffe56a50000 - 0x00007ffe56a74000 	C:\WINDOWS\SYSTEM32\WINMM.dll
0x00007ffe4d850000 - 0x00007ffe4d85a000 	C:\WINDOWS\SYSTEM32\VERSION.dll
0x00007ffe56800000 - 0x00007ffe5682d000 	C:\WINDOWS\SYSTEM32\winmmbase.dll
0x00007ffe58810000 - 0x00007ffe5885a000 	C:\WINDOWS\System32\cfgmgr32.dll
0x0000000056070000 - 0x000000005607f000 	C:\Program Files\Java\jdk1.8.0_144\jre\bin\verify.dll
0x0000000056040000 - 0x0000000056069000 	C:\Program Files\Java\jdk1.8.0_144\jre\bin\java.dll
0x0000000056020000 - 0x0000000056036000 	C:\Program Files\Java\jdk1.8.0_144\jre\bin\zip.dll
0x00007ffe59f40000 - 0x00007ffe5a625000 	C:\WINDOWS\System32\SHELL32.dll
0x00007ffe59e20000 - 0x00007ffe59ec9000 	C:\WINDOWS\System32\shcore.dll
0x00007ffe59100000 - 0x00007ffe5987f000 	C:\WINDOWS\System32\windows.storage.dll
0x00007ffe587d0000 - 0x00007ffe587ef000 	C:\WINDOWS\System32\profapi.dll
0x00007ffe58780000 - 0x00007ffe587ca000 	C:\WINDOWS\System32\powrprof.dll
0x00007ffe58750000 - 0x00007ffe58760000 	C:\WINDOWS\System32\UMPDC.dll
0x00007ffe5b4a0000 - 0x00007ffe5b4f2000 	C:\WINDOWS\System32\shlwapi.dll
0x00007ffe587f0000 - 0x00007ffe58801000 	C:\WINDOWS\System32\kernel.appcore.dll
0x00007ffe58ab0000 - 0x00007ffe58ac7000 	C:\WINDOWS\System32\cryptsp.dll
0x00007ffe34f40000 - 0x00007ffe3502f000 	C:\Program Files\Java\jdk1.8.0_144\jre\bin\msvcr120.dll
0x00007ffe34e90000 - 0x00007ffe34f36000 	C:\Program Files\Java\jdk1.8.0_144\jre\bin\msvcp120.dll
0x0000000055610000 - 0x0000000055632000 	C:\Program Files\Java\jdk1.8.0_144\jre\bin\prism_d3d.dll
0x00007ffe2d0b0000 - 0x00007ffe2d277000 	C:\WINDOWS\system32\d3d9.dll
0x00007ffe56ef0000 - 0x00007ffe56f1d000 	C:\WINDOWS\SYSTEM32\dwmapi.dll
0x00007ffe57430000 - 0x00007ffe57450000 	C:\WINDOWS\SYSTEM32\dxcore.dll
0x00007ffe56ad0000 - 0x00007ffe56b69000 	C:\WINDOWS\system32\uxtheme.dll
0x00007ffe20280000 - 0x00007ffe20440000 	C:\WINDOWS\System32\DriverStore\FileRepository\igdlh64.inf_amd64_d03105a152ac7ed4\igdumdim64.dll
0x00007ffe50100000 - 0x00007ffe50252000 	C:\WINDOWS\System32\DriverStore\FileRepository\igdlh64.inf_amd64_d03105a152ac7ed4\igdgmm64.dll
0x00000000555c0000 - 0x0000000055603000 	C:\Program Files\Java\jdk1.8.0_144\jre\bin\glass.dll
0x00007ffe5a630000 - 0x00007ffe5a700000 	C:\WINDOWS\System32\COMDLG32.dll
0x00007ffe5b6e0000 - 0x00007ffe5b836000 	C:\WINDOWS\System32\ole32.dll
0x00007ffe5b3d0000 - 0x00007ffe5b494000 	C:\WINDOWS\System32\OLEAUT32.dll
0x00007ffe5a7b0000 - 0x00007ffe5a8e5000 	C:\WINDOWS\System32\MSCTF.dll
0x00007ffdee990000 - 0x00007ffdf256b000 	C:\WINDOWS\System32\DriverStore\FileRepository\igdlh64.inf_amd64_d03105a152ac7ed4\igd9dxva64.dll
0x00007ffe44f30000 - 0x00007ffe44f52000 	C:\WINDOWS\System32\DriverStore\FileRepository\igdlh64.inf_amd64_d03105a152ac7ed4\igdinfo64.dll
0x00007ffe4db50000 - 0x00007ffe4fea6000 	C:\WINDOWS\System32\DriverStore\FileRepository\igdlh64.inf_amd64_d03105a152ac7ed4\igc64.dll
0x00000000555a0000 - 0x00000000555b4000 	C:\Program Files\Java\jdk1.8.0_144\jre\bin\javafx_font.dll
0x00007ffe4cd00000 - 0x00007ffe4cd3d000 	C:\Users\user\AppData\Local\Temp\JOCL_2_0_0-windows-x86_64.dll
0x00007ffe58130000 - 0x00007ffe5813c000 	C:\WINDOWS\SYSTEM32\CRYPTBASE.DLL
0x00007ffe38eb0000 - 0x00007ffe38ecd000 	C:\WINDOWS\SYSTEM32\OpenCL.dll
0x00007ffe2a490000 - 0x00007ffe2a602000 	C:\WINDOWS\System32\DriverStore\FileRepository\igdlh64.inf_amd64_d03105a152ac7ed4\IntelOpenCL64.dll
0x00007ffe5a900000 - 0x00007ffe5ad70000 	C:\WINDOWS\System32\SETUPAPI.DLL
0x00007ffe59880000 - 0x00007ffe598a6000 	C:\WINDOWS\System32\bcrypt.dll
0x00007ffe57520000 - 0x00007ffe5760b000 	C:\WINDOWS\SYSTEM32\dxgi.dll
0x00007ffe2a330000 - 0x00007ffe2a486000 	C:\WINDOWS\System32\DriverStore\FileRepository\igdlh64.inf_amd64_d03105a152ac7ed4\ocl\bin\x64\intelocl64.dll
0x00007ffe401b0000 - 0x00007ffe4021f000 	C:\WINDOWS\System32\DriverStore\FileRepository\igdlh64.inf_amd64_d03105a152ac7ed4\ocl\bin\x64\task_executor64.dll
0x00007ffe2fe80000 - 0x00007ffe2ff08000 	C:\WINDOWS\System32\DriverStore\FileRepository\igdlh64.inf_amd64_d03105a152ac7ed4\ocl\bin\x64\cpu_device64.dll
0x00007ffe29f20000 - 0x00007ffe2a327000 	C:\WINDOWS\System32\DriverStore\FileRepository\igdlh64.inf_amd64_d03105a152ac7ed4\igdrcl64.dll
0x00007ffe29e50000 - 0x00007ffe29f12000 	C:\WINDOWS\System32\DriverStore\FileRepository\igdlh64.inf_amd64_d03105a152ac7ed4\igdfcl64.dll
0x00007ffdfc900000 - 0x00007ffe0001b000 	C:\WINDOWS\System32\DriverStore\FileRepository\c0346830.inf_amd64_f723e13ffb3b2652\B345901\amdocl64.dll
0x00007ffe429c0000 - 0x00007ffe42b16000 	C:\WINDOWS\SYSTEM32\OPENGL32.dll
0x00007ffe47ef0000 - 0x00007ffe47f1c000 	C:\WINDOWS\SYSTEM32\GLU32.dll
0x00007ffe14c40000 - 0x00007ffe14de8000 	C:\WINDOWS\System32\DriverStore\FileRepository\c0346830.inf_amd64_f723e13ffb3b2652\B345901\atiadlxx.dll
0x00007ffe55110000 - 0x00007ffe551ff000 	C:\WINDOWS\SYSTEM32\PROPSYS.dll
0x00007ffe58550000 - 0x00007ffe5857a000 	C:\WINDOWS\SYSTEM32\DEVOBJ.dll
0x00007ffe58db0000 - 0x00007ffe58e0c000 	C:\WINDOWS\System32\WINTRUST.dll
0x00007ffe58760000 - 0x00007ffe58772000 	C:\WINDOWS\System32\MSASN1.dll
0x00007ffe58fb0000 - 0x00007ffe590f9000 	C:\WINDOWS\System32\CRYPT32.dll
0x00007ffe33b80000 - 0x00007ffe33bb9000 	C:\WINDOWS\SYSTEM32\atig6txx.dll
0x00007ffdfae50000 - 0x00007ffdfc8f9000 	C:\WINDOWS\System32\DriverStore\FileRepository\c0346830.inf_amd64_f723e13ffb3b2652\B345901\amdocl12cl64.dll
0x00007ffe46420000 - 0x00007ffe46614000 	C:\WINDOWS\SYSTEM32\dbghelp.dll
0x00007ffdea250000 - 0x00007ffdee984000 	C:\WINDOWS\System32\DriverStore\FileRepository\igdlh64.inf_amd64_d03105a152ac7ed4\opencl-clang64.dll
0x00007ffe4aa50000 - 0x00007ffe4ad4e000 	C:\WINDOWS\SYSTEM32\dwrite.dll
0x00007ffe5b510000 - 0x00007ffe5b5b2000 	C:\WINDOWS\System32\clbcatq.dll
0x00007ffe538e0000 - 0x00007ffe53a8f000 	C:\WINDOWS\SYSTEM32\WindowsCodecs.dll
0x00007ffe4c590000 - 0x00007ffe4c5ca000 	C:\WINDOWS\system32\dataexchange.dll
0x00007ffe55f00000 - 0x00007ffe560db000 	C:\WINDOWS\system32\dcomp.dll
0x00007ffe55840000 - 0x00007ffe55a9b000 	C:\WINDOWS\system32\d3d11.dll
0x00007ffe56ba0000 - 0x00007ffe56dfa000 	C:\WINDOWS\system32\twinapi.appcore.dll
0x00007ffe570b0000 - 0x00007ffe570d9000 	C:\WINDOWS\system32\RMCLIENT.dll
0x00007ffe40030000 - 0x00007ffe40063000 	C:\Program Files\Common Files\Microsoft Shared\Ink\rtscom.dll
0x00007ffe4d0f0000 - 0x00007ffe4d18e000 	C:\WINDOWS\System32\TextInputFramework.dll
0x00007ffe541f0000 - 0x00007ffe5451a000 	C:\WINDOWS\System32\CoreUIComponents.dll
0x00007ffe564f0000 - 0x00007ffe565c4000 	C:\WINDOWS\System32\CoreMessaging.dll
0x00007ffe577b0000 - 0x00007ffe577e1000 	C:\WINDOWS\SYSTEM32\ntmarta.dll
0x00007ffe53c50000 - 0x00007ffe53da3000 	C:\WINDOWS\SYSTEM32\wintypes.dll
0x00007ffe4c900000 - 0x00007ffe4cba6000 	C:\WINDOWS\System32\iertutil.dll
0x0000000055580000 - 0x0000000055591000 	C:\Program Files\Java\jdk1.8.0_144\jre\bin\prism_common.dll

VM Arguments:
jvm_args: -Dfile.encoding=UTF-8 -Xmx1500m 
java_command: test.minimaltracer.SimpleRaytracer
java_class_path (initial): C:\Users\user\Documents\Java\JOCL\JOCL-structs-0.0.1a-alpha.jar;C:\Users\user\Documents\Java\JOCL\jocl-2.0.0.jar;C:\Users\user\Documents\GitHub\Coordinate\build\classes;C:\Users\user\Documents\GitHub\JOCLWrapper\build\classes;C:\Users\user\Documents\GitHub\FileSystem\build\classes;C:\Users\user\Documents\GitHub\MultiThreadLibrary\build\classes;C:\Users\user\Documents\GitHub\Bitmap\build\classes;C:\Users\user\Documents\GitHub\MambaTracer\build\classes;C:\Users\user\Documents\GitHub\MambaTracer\build\test\classes
Launcher Type: SUN_STANDARD

Environment Variables:
PATH=C:\Program Files (x86)\Common Files\Oracle\Java\javapath;C:\ProgramData\Oracle\Java\javapath;C:\WINDOWS\system32;C:\WINDOWS;C:\WINDOWS\System32\Wbem;C:\WINDOWS\System32\WindowsPowerShell\v1.0\;C:\Program Files\LuxRender;C:\WINDOWS\System32\OpenSSH\;C:\Users\user\AppData\Local\Microsoft\WindowsApps;C:\Users\user\AppData\Local\GitHubDesktop\bin;%USERPROFILE%\AppData\Local\Microsoft\WindowsApps;
USERNAME=user
OS=Windows_NT
PROCESSOR_IDENTIFIER=Intel64 Family 6 Model 94 Stepping 3, GenuineIntel



---------------  S Y S T E M  ---------------

OS: Windows 10.0 , 64 bit Build 18362 (10.0.18362.329)

CPU:total 4 (initial active 4) (4 cores per cpu, 1 threads per core) family 6 model 94 stepping 3, cmov, cx8, fxsr, mmx, sse, sse2, sse3, ssse3, sse4.1, sse4.2, popcnt, avx, avx2, aes, clmul, erms, 3dnowpref, lzcnt, tsc, tscinvbit, bmi1, bmi2, adx

Memory: 4k page, physical 16633860k(10237444k free), swap 19124228k(10805768k free)

vm_info: Java HotSpot(TM) 64-Bit Server VM (25.144-b01) for windows-amd64 JRE (1.8.0_144-b01), built on Jul 21 2017 21:57:33 by "java_re" with MS VC++ 10.0 (VS2010)

time: Thu Jan 30 00:17:17 2020
elapsed time: 22 seconds (0d 0h 0m 22s)

