#
# A fatal error has been detected by the Java Runtime Environment:
#
#  EXCEPTION_ACCESS_VIOLATION (0xc0000005) at pc=0x00007ff8b0bb9e0c, pid=9452, tid=0x0000000000001ca0
#
# JRE version: Java(TM) SE Runtime Environment (8.0_144-b01) (build 1.8.0_144-b01)
# Java VM: Java HotSpot(TM) 64-Bit Server VM (25.144-b01 mixed mode windows-amd64 compressed oops)
# Problematic frame:
# C  [igdrcl64.dll+0x1d9e0c]
#
# Failed to write core dump. Minidumps are not enabled by default on client versions of Windows
#
# If you would like to submit a bug report, please visit:
#   http://bugreport.java.com/bugreport/crash.jsp
# The crash happened outside the Java Virtual Machine in native code.
# See problematic frame for where to report the bug.
#

---------------  T H R E A D  ---------------

Current thread (0x0000000018d32800):  JavaThread "Thread-6" [_thread_in_native, id=7328, stack(0x0000000030660000,0x0000000030760000)]

siginfo: ExceptionCode=0xc0000005, reading address 0x000000002f1f0000

Registers:
RAX=0x00000000006acfc4, RBX=0x000000003075cd50, RCX=0x0000000000400004, RDX=0x00000000006acfc4
RSP=0x000000003075cc80, RBP=0x000000003075cd10, RSI=0x000000002f1f0000, RDI=0x0000000000400000
R8 =0x0000000000400000, R9 =0x0000000000000009, R10=0x0000000000000000, R11=0x0000000000000246
R12=0x0000000000000001, R13=0x0000000000000000, R14=0x0000000020ceffa0, R15=0x000000003075ea60
RIP=0x00007ff8b0bb9e0c, EFLAGS=0x0000000000010246

Top of Stack: (sp=0x000000003075cc80)
0x000000003075cc80:   000000000125b640 00007ff800000000
0x000000003075cc90:   0000000000000028 000000002f1efff8
0x000000003075cca0:   0000000000000000 0000df4df861f357
0x000000003075ccb0:   0000000020ceffa0 0000000000000000
0x000000003075ccc0:   000000003075d730 00007ff8b0b8cc88
0x000000003075ccd0:   0000000000000000 00007ff800000000
0x000000003075cce0:   00000000219eb590 000000003075ce90
0x000000003075ccf0:   00000000223b9f70 0000000020ceffa0
0x000000003075cd00:   fffffffffffffffe 000000003075d730
0x000000003075cd10:   00007ff8b0c65d68 00007ff8b0a5511d
0x000000003075cd20:   0000df4df861f327 0000000000000027
0x000000003075cd30:   0000000020ceffa0 000000003075ce80
0x000000003075cd40:   000000003075d700 000000003075cd10
0x000000003075cd50:   000000002edf0000 00000000006acfc4
0x000000003075cd60:   00000000223b9f70 0040000000000000
0x000000003075cd70:   0000df4df861f307 0000000000000000 

Instructions: (pc=0x00007ff8b0bb9e0c)
0x00007ff8b0bb9dec:   0f 87 a7 00 00 00 44 8b c7 8b c2 49 8d 48 04 48
0x00007ff8b0bb9dfc:   3b c8 77 69 48 8b 33 49 03 f0 40 f6 c6 03 75 08
0x00007ff8b0bb9e0c:   8b 06 89 44 24 20 eb 4e 2b d7 8b fa 48 85 f6 74
0x00007ff8b0bb9e1c:   0e 48 83 ff 04 72 08 8b 06 89 44 24 20 eb 37 4c 


Register to memory mapping:

RAX=0x00000000006acfc4 is an unknown value
RBX=0x000000003075cd50 is pointing into the stack for thread: 0x0000000018d32800
RCX=0x0000000000400004 is an unknown value
RDX=0x00000000006acfc4 is an unknown value
RSP=0x000000003075cc80 is pointing into the stack for thread: 0x0000000018d32800
RBP=0x000000003075cd10 is pointing into the stack for thread: 0x0000000018d32800
RSI=0x000000002f1f0000 is an unknown value
RDI=0x0000000000400000 is an unknown value
R8 =0x0000000000400000 is an unknown value
R9 =0x0000000000000009 is an unknown value
R10=0x0000000000000000 is an unknown value
R11=0x0000000000000246 is an unknown value
R12=0x0000000000000001 is an unknown value
R13=0x0000000000000000 is an unknown value
R14=0x0000000020ceffa0 is an unknown value
R15=0x000000003075ea60 is pointing into the stack for thread: 0x0000000018d32800


Stack: [0x0000000030660000,0x0000000030760000],  sp=0x000000003075cc80,  free space=1011k
Native frames: (J=compiled Java code, j=interpreted, Vv=VM code, C=native code)
C  [igdrcl64.dll+0x1d9e0c]
C  [igdrcl64.dll+0x1acc88]
C  [igdrcl64.dll+0xc942e]
C  [igdrcl64.dll+0xc846f]
C  [igdrcl64.dll+0xed8ce]
C  [igdrcl64.dll+0x23846]
C  [JOCL_2_0_0-windows-x86_64.dll+0x872f]
C  0x0000000003087f74

Java frames: (J=compiled Java code, j=interpreted, Vv=VM code)
j  org.jocl.CL.clEnqueueNDRangeKernelNative(Lorg/jocl/cl_command_queue;Lorg/jocl/cl_kernel;I[J[J[JI[Lorg/jocl/cl_event;Lorg/jocl/cl_event;)I+0
j  org.jocl.CL.clEnqueueNDRangeKernel(Lorg/jocl/cl_command_queue;Lorg/jocl/cl_kernel;I[J[J[JI[Lorg/jocl/cl_event;Lorg/jocl/cl_event;)I+14
j  wrapper.core.CCommandQueue.put1DRangeKernel(Lwrapper/core/CKernel;JJ)Lwrapper/core/CCommandQueue;+28
j  wrapper.core.OpenCLPlatform.executeKernel1D(Lwrapper/core/CKernel;JJ)V+8
j  test.minimaltracer.SDeviceGI.updateImage()V+18
j  test.minimaltracer.SDeviceGI.loop()V+170
j  test.minimaltracer.SDeviceGI.lambda$start$0()V+1
j  test.minimaltracer.SDeviceGI$$Lambda$176.run()V+4
j  thread.model.LambdaThread.run()V+4
j  java.lang.Thread.run()V+11
v  ~StubRoutines::call_stub

---------------  P R O C E S S  ---------------

Java Threads: ( => current thread )
=>0x0000000018d32800 JavaThread "Thread-6" [_thread_in_native, id=7328, stack(0x0000000030660000,0x0000000030760000)]
  0x0000000018d00800 JavaThread "Prism Font Disposer" daemon [_thread_blocked, id=7696, stack(0x000000002d450000,0x000000002d550000)]
  0x0000000018c6a800 JavaThread "Thread-5" [_thread_blocked, id=4256, stack(0x0000000024980000,0x0000000024a80000)]
  0x00000000188c8000 JavaThread "Thread-3" daemon [_thread_in_native, id=11700, stack(0x000000001ff50000,0x0000000020050000)]
  0x00000000188ac800 JavaThread "JavaFX-Launcher" [_thread_blocked, id=5936, stack(0x0000000020050000,0x0000000020150000)]
  0x0000000018834800 JavaThread "JavaFX Application Thread" [_thread_in_native, id=12112, stack(0x0000000019640000,0x0000000019740000)]
  0x0000000018834000 JavaThread "Thread-1" daemon [_thread_blocked, id=6344, stack(0x0000000019540000,0x0000000019640000)]
  0x00000000185f9000 JavaThread "QuantumRenderer-0" daemon [_thread_blocked, id=4700, stack(0x0000000019010000,0x0000000019110000)]
  0x0000000018242000 JavaThread "Service Thread" daemon [_thread_blocked, id=11924, stack(0x0000000018610000,0x0000000018710000)]
  0x0000000016899800 JavaThread "C1 CompilerThread2" daemon [_thread_blocked, id=452, stack(0x0000000018110000,0x0000000018210000)]
  0x0000000016890800 JavaThread "C2 CompilerThread1" daemon [_thread_blocked, id=6860, stack(0x0000000018010000,0x0000000018110000)]
  0x000000001688d000 JavaThread "C2 CompilerThread0" daemon [_thread_blocked, id=12192, stack(0x0000000017f10000,0x0000000018010000)]
  0x000000001688c000 JavaThread "Attach Listener" daemon [_thread_blocked, id=8956, stack(0x0000000017e10000,0x0000000017f10000)]
  0x000000001688b000 JavaThread "Signal Dispatcher" daemon [_thread_blocked, id=128, stack(0x0000000017d10000,0x0000000017e10000)]
  0x000000001687a800 JavaThread "Finalizer" daemon [_thread_blocked, id=5640, stack(0x0000000017b10000,0x0000000017c10000)]
  0x0000000003061800 JavaThread "Reference Handler" daemon [_thread_blocked, id=5032, stack(0x0000000017a10000,0x0000000017b10000)]
  0x0000000002f70800 JavaThread "main" [_thread_blocked, id=12220, stack(0x00000000016b0000,0x00000000017b0000)]

Other Threads:
  0x0000000016858000 VMThread [stack: 0x0000000017910000,0x0000000017a10000] [id=1584]
  0x0000000018255800 WatcherThread [stack: 0x0000000018710000,0x0000000018810000] [id=10972]

VM state:not at safepoint (normal execution)

VM Mutex/Monitor currently owned by a thread: None

Heap:
 PSYoungGen      total 75776K, used 36441K [0x00000000e0c00000, 0x00000000e9c00000, 0x0000000100000000)
  eden space 65024K, 56% used [0x00000000e0c00000,0x00000000e2f96628,0x00000000e4b80000)
  from space 10752K, 0% used [0x00000000e4b80000,0x00000000e4b80000,0x00000000e5600000)
  to   space 10752K, 0% used [0x00000000e9180000,0x00000000e9180000,0x00000000e9c00000)
 ParOldGen       total 345600K, used 124418K [0x00000000a2400000, 0x00000000b7580000, 0x00000000e0c00000)
  object space 345600K, 36% used [0x00000000a2400000,0x00000000a9d80a70,0x00000000b7580000)
 Metaspace       used 15783K, capacity 16458K, committed 16768K, reserved 1062912K
  class space    used 2129K, capacity 2316K, committed 2432K, reserved 1048576K

Card table byte_map: [0x0000000012430000,0x0000000012720000] byte_map_base: 0x0000000011f1e000

Marking Bits: (ParMarkBitMap*) 0x0000000067c2d850
 Begin Bits: [0x0000000012d20000, 0x0000000014490000)
 End Bits:   [0x0000000014490000, 0x0000000015c00000)

Polling page: 0x0000000001120000

CodeCache: size=245760Kb used=4784Kb max_used=4784Kb free=240975Kb
 bounds [0x0000000003070000, 0x0000000003520000, 0x0000000012070000]
 total_blobs=2107 nmethods=1450 adapters=569
 compilation: enabled

Compilation events (10 events):
Event: 17.264 Thread 0x0000000016899800 1445       3       java.util.concurrent.locks.ReentrantLock$Sync::isHeldExclusively (16 bytes)
Event: 17.265 Thread 0x0000000016899800 nmethod 1445 0x000000000351c450 code [0x000000000351c5a0, 0x000000000351c7f0]
Event: 17.564 Thread 0x0000000016899800 1446       3       javafx.scene.Node::impl_pickNodeLocal (8 bytes)
Event: 17.565 Thread 0x0000000016899800 nmethod 1446 0x000000000351c850 code [0x000000000351c9c0, 0x000000000351cbc8]
Event: 17.810 Thread 0x0000000016899800 1447       1       javafx.scene.input.MouseEvent::getSceneX (5 bytes)
Event: 17.811 Thread 0x0000000016899800 nmethod 1447 0x000000000351cc50 code [0x000000000351cda0, 0x000000000351ceb0]
Event: 17.811 Thread 0x0000000016899800 1448       1       javafx.scene.input.MouseEvent::getSceneY (5 bytes)
Event: 17.811 Thread 0x0000000016899800 nmethod 1448 0x000000000351cf10 code [0x000000000351d060, 0x000000000351d170]
Event: 18.286 Thread 0x0000000016899800 1449       3       javafx.scene.Scene::access$4802 (6 bytes)
Event: 18.287 Thread 0x0000000016899800 nmethod 1449 0x000000000351d1d0 code [0x000000000351d320, 0x000000000351d470]

GC Heap History (10 events):
Event: 1.734 GC heap before
{Heap before GC invocations=1 (full 0):
 PSYoungGen      total 75776K, used 46659K [0x00000000e0c00000, 0x00000000e6080000, 0x0000000100000000)
  eden space 65024K, 71% used [0x00000000e0c00000,0x00000000e3990e48,0x00000000e4b80000)
  from space 10752K, 0% used [0x00000000e5600000,0x00000000e5600000,0x00000000e6080000)
  to   space 10752K, 0% used [0x00000000e4b80000,0x00000000e4b80000,0x00000000e5600000)
 ParOldGen       total 173568K, used 0K [0x00000000a2400000, 0x00000000acd80000, 0x00000000e0c00000)
  object space 173568K, 0% used [0x00000000a2400000,0x00000000a2400000,0x00000000acd80000)
 Metaspace       used 11605K, capacity 12080K, committed 12416K, reserved 1060864K
  class space    used 1472K, capacity 1601K, committed 1664K, reserved 1048576K
Event: 1.751 GC heap after
Heap after GC invocations=1 (full 0):
 PSYoungGen      total 75776K, used 5265K [0x00000000e0c00000, 0x00000000e6080000, 0x0000000100000000)
  eden space 65024K, 0% used [0x00000000e0c00000,0x00000000e0c00000,0x00000000e4b80000)
  from space 10752K, 48% used [0x00000000e4b80000,0x00000000e50a44d0,0x00000000e5600000)
  to   space 10752K, 0% used [0x00000000e5600000,0x00000000e5600000,0x00000000e6080000)
 ParOldGen       total 173568K, used 39142K [0x00000000a2400000, 0x00000000acd80000, 0x00000000e0c00000)
  object space 173568K, 22% used [0x00000000a2400000,0x00000000a4a39a30,0x00000000acd80000)
 Metaspace       used 11605K, capacity 12080K, committed 12416K, reserved 1060864K
  class space    used 1472K, capacity 1601K, committed 1664K, reserved 1048576K
}
Event: 1.826 GC heap before
{Heap before GC invocations=2 (full 0):
 PSYoungGen      total 75776K, used 56590K [0x00000000e0c00000, 0x00000000e6080000, 0x0000000100000000)
  eden space 65024K, 78% used [0x00000000e0c00000,0x00000000e3e1f360,0x00000000e4b80000)
  from space 10752K, 48% used [0x00000000e4b80000,0x00000000e50a44d0,0x00000000e5600000)
  to   space 10752K, 0% used [0x00000000e5600000,0x00000000e5600000,0x00000000e6080000)
 ParOldGen       total 173568K, used 39142K [0x00000000a2400000, 0x00000000acd80000, 0x00000000e0c00000)
  object space 173568K, 22% used [0x00000000a2400000,0x00000000a4a39a30,0x00000000acd80000)
 Metaspace       used 12085K, capacity 12630K, committed 12672K, reserved 1060864K
  class space    used 1520K, capacity 1660K, committed 1664K, reserved 1048576K
Event: 1.849 GC heap after
Heap after GC invocations=2 (full 0):
 PSYoungGen      total 75776K, used 10740K [0x00000000e0c00000, 0x00000000ea000000, 0x0000000100000000)
  eden space 65024K, 0% used [0x00000000e0c00000,0x00000000e0c00000,0x00000000e4b80000)
  from space 10752K, 99% used [0x00000000e5600000,0x00000000e607d280,0x00000000e6080000)
  to   space 10752K, 0% used [0x00000000e4b80000,0x00000000e4b80000,0x00000000e5600000)
 ParOldGen       total 173568K, used 119476K [0x00000000a2400000, 0x00000000acd80000, 0x00000000e0c00000)
  object space 173568K, 68% used [0x00000000a2400000,0x00000000a98ad310,0x00000000acd80000)
 Metaspace       used 12085K, capacity 12630K, committed 12672K, reserved 1060864K
  class space    used 1520K, capacity 1660K, committed 1664K, reserved 1048576K
}
Event: 1.849 GC heap before
{Heap before GC invocations=3 (full 1):
 PSYoungGen      total 75776K, used 10740K [0x00000000e0c00000, 0x00000000ea000000, 0x0000000100000000)
  eden space 65024K, 0% used [0x00000000e0c00000,0x00000000e0c00000,0x00000000e4b80000)
  from space 10752K, 99% used [0x00000000e5600000,0x00000000e607d280,0x00000000e6080000)
  to   space 10752K, 0% used [0x00000000e4b80000,0x00000000e4b80000,0x00000000e5600000)
 ParOldGen       total 173568K, used 119476K [0x00000000a2400000, 0x00000000acd80000, 0x00000000e0c00000)
  object space 173568K, 68% used [0x00000000a2400000,0x00000000a98ad310,0x00000000acd80000)
 Metaspace       used 12085K, capacity 12630K, committed 12672K, reserved 1060864K
  class space    used 1520K, capacity 1660K, committed 1664K, reserved 1048576K
Event: 1.871 GC heap after
Heap after GC invocations=3 (full 1):
 PSYoungGen      total 75776K, used 0K [0x00000000e0c00000, 0x00000000ea000000, 0x0000000100000000)
  eden space 65024K, 0% used [0x00000000e0c00000,0x00000000e0c00000,0x00000000e4b80000)
  from space 10752K, 0% used [0x00000000e5600000,0x00000000e5600000,0x00000000e6080000)
  to   space 10752K, 0% used [0x00000000e4b80000,0x00000000e4b80000,0x00000000e5600000)
 ParOldGen       total 233472K, used 71549K [0x00000000a2400000, 0x00000000b0800000, 0x00000000e0c00000)
  object space 233472K, 30% used [0x00000000a2400000,0x00000000a69df710,0x00000000b0800000)
 Metaspace       used 12085K, capacity 12630K, committed 12672K, reserved 1060864K
  class space    used 1520K, capacity 1660K, committed 1664K, reserved 1048576K
}
Event: 1.899 GC heap before
{Heap before GC invocations=4 (full 1):
 PSYoungGen      total 75776K, used 53138K [0x00000000e0c00000, 0x00000000ea000000, 0x0000000100000000)
  eden space 65024K, 81% used [0x00000000e0c00000,0x00000000e3fe4840,0x00000000e4b80000)
  from space 10752K, 0% used [0x00000000e5600000,0x00000000e5600000,0x00000000e6080000)
  to   space 10752K, 0% used [0x00000000e4b80000,0x00000000e4b80000,0x00000000e5600000)
 ParOldGen       total 233472K, used 71549K [0x00000000a2400000, 0x00000000b0800000, 0x00000000e0c00000)
  object space 233472K, 30% used [0x00000000a2400000,0x00000000a69df710,0x00000000b0800000)
 Metaspace       used 12117K, capacity 12660K, committed 12800K, reserved 1060864K
  class space    used 1525K, capacity 1669K, committed 1792K, reserved 1048576K
Event: 1.917 GC heap after
Heap after GC invocations=4 (full 1):
 PSYoungGen      total 75776K, used 2208K [0x00000000e0c00000, 0x00000000e9c00000, 0x0000000100000000)
  eden space 65024K, 0% used [0x00000000e0c00000,0x00000000e0c00000,0x00000000e4b80000)
  from space 10752K, 20% used [0x00000000e4b80000,0x00000000e4da8020,0x00000000e5600000)
  to   space 10752K, 0% used [0x00000000e9180000,0x00000000e9180000,0x00000000e9c00000)
 ParOldGen       total 233472K, used 173112K [0x00000000a2400000, 0x00000000b0800000, 0x00000000e0c00000)
  object space 233472K, 74% used [0x00000000a2400000,0x00000000acd0e150,0x00000000b0800000)
 Metaspace       used 12117K, capacity 12660K, committed 12800K, reserved 1060864K
  class space    used 1525K, capacity 1669K, committed 1792K, reserved 1048576K
}
Event: 1.917 GC heap before
{Heap before GC invocations=5 (full 2):
 PSYoungGen      total 75776K, used 2208K [0x00000000e0c00000, 0x00000000e9c00000, 0x0000000100000000)
  eden space 65024K, 0% used [0x00000000e0c00000,0x00000000e0c00000,0x00000000e4b80000)
  from space 10752K, 20% used [0x00000000e4b80000,0x00000000e4da8020,0x00000000e5600000)
  to   space 10752K, 0% used [0x00000000e9180000,0x00000000e9180000,0x00000000e9c00000)
 ParOldGen       total 233472K, used 173112K [0x00000000a2400000, 0x00000000b0800000, 0x00000000e0c00000)
  object space 233472K, 74% used [0x00000000a2400000,0x00000000acd0e150,0x00000000b0800000)
 Metaspace       used 12117K, capacity 12660K, committed 12800K, reserved 1060864K
  class space    used 1525K, capacity 1669K, committed 1792K, reserved 1048576K
Event: 1.928 GC heap after
Heap after GC invocations=5 (full 2):
 PSYoungGen      total 75776K, used 0K [0x00000000e0c00000, 0x00000000e9c00000, 0x0000000100000000)
  eden space 65024K, 0% used [0x00000000e0c00000,0x00000000e0c00000,0x00000000e4b80000)
  from space 10752K, 0% used [0x00000000e4b80000,0x00000000e4b80000,0x00000000e5600000)
  to   space 10752K, 0% used [0x00000000e9180000,0x00000000e9180000,0x00000000e9c00000)
 ParOldGen       total 345600K, used 124418K [0x00000000a2400000, 0x00000000b7580000, 0x00000000e0c00000)
  object space 345600K, 36% used [0x00000000a2400000,0x00000000a9d80a70,0x00000000b7580000)
 Metaspace       used 12117K, capacity 12660K, committed 12800K, reserved 1060864K
  class space    used 1525K, capacity 1669K, committed 1792K, reserved 1048576K
}

Deoptimization events (10 events):
Event: 2.050 Thread 0x0000000018834800 Uncommon trap: reason=class_check action=maybe_recompile pc=0x00000000032ee6a0 method=java.io.DataInputStream.readShort()S @ 4
Event: 2.050 Thread 0x0000000018834800 Uncommon trap: reason=class_check action=maybe_recompile pc=0x00000000032ee6a0 method=java.io.DataInputStream.readShort()S @ 4
Event: 2.050 Thread 0x0000000018834800 Uncommon trap: reason=class_check action=maybe_recompile pc=0x00000000032ee6a0 method=java.io.DataInputStream.readShort()S @ 4
Event: 2.054 Thread 0x0000000018834800 Uncommon trap: reason=class_check action=maybe_recompile pc=0x000000000318fff0 method=java.lang.String.equals(Ljava/lang/Object;)Z @ 8
Event: 2.054 Thread 0x0000000018834800 Uncommon trap: reason=class_check action=maybe_recompile pc=0x000000000318fff0 method=java.lang.String.equals(Ljava/lang/Object;)Z @ 8
Event: 2.054 Thread 0x0000000018834800 Uncommon trap: reason=class_check action=maybe_recompile pc=0x000000000318fff0 method=java.lang.String.equals(Ljava/lang/Object;)Z @ 8
Event: 2.056 Thread 0x0000000018834800 Uncommon trap: reason=class_check action=maybe_recompile pc=0x000000000318fff0 method=java.lang.String.equals(Ljava/lang/Object;)Z @ 8
Event: 2.074 Thread 0x0000000018834800 Uncommon trap: reason=unstable_if action=reinterpret pc=0x000000000340d728 method=java.lang.String.regionMatches(ZILjava/lang/String;II)Z @ 123
Event: 3.353 Thread 0x0000000018834800 Uncommon trap: reason=unstable_if action=reinterpret pc=0x00000000033ebba8 method=jdk.internal.org.objectweb.asm.Type.getArgumentsAndReturnSizes(Ljava/lang/String;)I @ 47
Event: 3.464 Thread 0x0000000018834800 Uncommon trap: reason=unstable_if action=reinterpret pc=0x0000000003445c14 method=com.sun.javafx.image.impl.IntArgb$ToByteBgraPreConv.doConvert([III[BIIII)V @ 29

Internal exceptions (10 events):
Event: 0.147 Thread 0x0000000002f70800 Exception <a 'java/security/PrivilegedActionException'> (0x00000000e0f5c408) thrown at [C:\re\workspace\8-2-build-windows-amd64-cygwin\jdk8u144\9417\hotspot\src\share\vm\prims\jvm.cpp, line 1390]
Event: 0.147 Thread 0x0000000002f70800 Exception <a 'java/security/PrivilegedActionException'> (0x00000000e0f5c618) thrown at [C:\re\workspace\8-2-build-windows-amd64-cygwin\jdk8u144\9417\hotspot\src\share\vm\prims\jvm.cpp, line 1390]
Event: 0.147 Thread 0x0000000002f70800 Exception <a 'java/security/PrivilegedActionException'> (0x00000000e0f60528) thrown at [C:\re\workspace\8-2-build-windows-amd64-cygwin\jdk8u144\9417\hotspot\src\share\vm\prims\jvm.cpp, line 1390]
Event: 0.147 Thread 0x0000000002f70800 Exception <a 'java/security/PrivilegedActionException'> (0x00000000e0f60738) thrown at [C:\re\workspace\8-2-build-windows-amd64-cygwin\jdk8u144\9417\hotspot\src\share\vm\prims\jvm.cpp, line 1390]
Event: 0.148 Thread 0x0000000002f70800 Exception <a 'java/lang/NullPointerException'> (0x00000000e0f60d10) thrown at [C:\re\workspace\8-2-build-windows-amd64-cygwin\jdk8u144\9417\hotspot\src\share\vm\interpreter\linkResolver.cpp, line 1197]
Event: 0.452 Thread 0x0000000018834800 Exception <a 'java/lang/NullPointerException'> (0x00000000e1bcb3a0) thrown at [C:\re\workspace\8-2-build-windows-amd64-cygwin\jdk8u144\9417\hotspot\src\share\vm\interpreter\linkResolver.cpp, line 1197]
Event: 0.452 Thread 0x0000000018834800 Exception <a 'java/lang/NullPointerException'> (0x00000000e1bcb3a0) thrown at [C:\re\workspace\8-2-build-windows-amd64-cygwin\jdk8u144\9417\hotspot\src\share\vm\prims\jvm.cpp, line 1394]
Event: 0.551 Thread 0x0000000018834800 Exception <a 'java/lang/ArrayIndexOutOfBoundsException'> (0x00000000e209ee60) thrown at [C:\re\workspace\8-2-build-windows-amd64-cygwin\jdk8u144\9417\hotspot\src\share\vm\runtime\sharedRuntime.cpp, line 605]
Event: 0.551 Thread 0x0000000018834800 Exception <a 'java/lang/ArrayIndexOutOfBoundsException'> (0x00000000e209f978) thrown at [C:\re\workspace\8-2-build-windows-amd64-cygwin\jdk8u144\9417\hotspot\src\share\vm\runtime\sharedRuntime.cpp, line 605]
Event: 0.551 Thread 0x0000000018834800 Exception <a 'java/lang/ArrayIndexOutOfBoundsException'> (0x00000000e20a0d20) thrown at [C:\re\workspace\8-2-build-windows-amd64-cygwin\jdk8u144\9417\hotspot\src\share\vm\runtime\sharedRuntime.cpp, line 605]

Events (10 events):
Event: 3.463 loading class coordinate/struct/StructByteArray done
Event: 3.463 loading class test/minimaltracer/SDeviceGI
Event: 3.463 loading class test/minimaltracer/SDeviceGI done
Event: 3.464 Thread 0x0000000018834800 Uncommon trap: trap_request=0xffffff65 fr.pc=0x0000000003445c14
Event: 3.464 Thread 0x0000000018834800 DEOPT PACKING pc=0x0000000003445c14 sp=0x000000001973d4d0
Event: 3.464 Thread 0x0000000018834800 DEOPT UNPACKING pc=0x00000000030b582a sp=0x000000001973d4a0 mode 2
Event: 3.465 loading class com/sun/javafx/scene/traversal/ContainerTabOrder$1
Event: 3.465 loading class com/sun/javafx/scene/traversal/ContainerTabOrder$1 done
Event: 4.128 Executing VM operation: EnableBiasedLocking
Event: 4.128 Executing VM operation: EnableBiasedLocking done


Dynamic libraries:
0x00007ff6042f0000 - 0x00007ff604327000 	C:\Program Files\Java\jdk1.8.0_144\bin\java.exe
0x00007ff8dc7e0000 - 0x00007ff8dc9d0000 	C:\WINDOWS\SYSTEM32\ntdll.dll
0x00007ff8daa50000 - 0x00007ff8dab02000 	C:\WINDOWS\System32\KERNEL32.DLL
0x00007ff8d98c0000 - 0x00007ff8d9b63000 	C:\WINDOWS\System32\KERNELBASE.dll
0x00007ff8dc550000 - 0x00007ff8dc5f3000 	C:\WINDOWS\System32\ADVAPI32.dll
0x00007ff8dac50000 - 0x00007ff8dacee000 	C:\WINDOWS\System32\msvcrt.dll
0x00007ff8db8c0000 - 0x00007ff8db957000 	C:\WINDOWS\System32\sechost.dll
0x00007ff8dc610000 - 0x00007ff8dc730000 	C:\WINDOWS\System32\RPCRT4.dll
0x00007ff8dc3b0000 - 0x00007ff8dc544000 	C:\WINDOWS\System32\USER32.dll
0x00007ff8d9b70000 - 0x00007ff8d9b91000 	C:\WINDOWS\System32\win32u.dll
0x00007ff8db960000 - 0x00007ff8db986000 	C:\WINDOWS\System32\GDI32.dll
0x00007ff8d9e50000 - 0x00007ff8d9fe4000 	C:\WINDOWS\System32\gdi32full.dll
0x00007ff8d9ba0000 - 0x00007ff8d9c3e000 	C:\WINDOWS\System32\msvcp_win.dll
0x00007ff8d9cf0000 - 0x00007ff8d9dea000 	C:\WINDOWS\System32\ucrtbase.dll
0x00007ff8c7300000 - 0x00007ff8c7585000 	C:\WINDOWS\WinSxS\amd64_microsoft.windows.common-controls_6595b64144ccf1df_6.0.18362.592_none_e6c0b1911312be02\COMCTL32.dll
0x00007ff8dc070000 - 0x00007ff8dc3a6000 	C:\WINDOWS\System32\combase.dll
0x00007ff8da7a0000 - 0x00007ff8da820000 	C:\WINDOWS\System32\bcryptPrimitives.dll
0x00007ff8daa20000 - 0x00007ff8daa4e000 	C:\WINDOWS\System32\IMM32.DLL
0x0000000067330000 - 0x0000000067402000 	C:\Program Files\Java\jdk1.8.0_144\jre\bin\msvcr100.dll
0x0000000067410000 - 0x0000000067cad000 	C:\Program Files\Java\jdk1.8.0_144\jre\bin\server\jvm.dll
0x00007ff8dac20000 - 0x00007ff8dac28000 	C:\WINDOWS\System32\PSAPI.DLL
0x00007ff8ad960000 - 0x00007ff8ad969000 	C:\WINDOWS\SYSTEM32\WSOCK32.dll
0x00007ff8d7210000 - 0x00007ff8d7234000 	C:\WINDOWS\SYSTEM32\WINMM.dll
0x00007ff8ce930000 - 0x00007ff8ce93a000 	C:\WINDOWS\SYSTEM32\VERSION.dll
0x00007ff8dc730000 - 0x00007ff8dc79f000 	C:\WINDOWS\System32\WS2_32.dll
0x00007ff8d71e0000 - 0x00007ff8d720d000 	C:\WINDOWS\SYSTEM32\winmmbase.dll
0x00007ff8da820000 - 0x00007ff8da86a000 	C:\WINDOWS\System32\cfgmgr32.dll
0x00000000672e0000 - 0x00000000672ef000 	C:\Program Files\Java\jdk1.8.0_144\jre\bin\verify.dll
0x00000000672b0000 - 0x00000000672d9000 	C:\Program Files\Java\jdk1.8.0_144\jre\bin\java.dll
0x0000000067290000 - 0x00000000672a6000 	C:\Program Files\Java\jdk1.8.0_144\jre\bin\zip.dll
0x00007ff8daf20000 - 0x00007ff8db605000 	C:\WINDOWS\System32\SHELL32.dll
0x00007ff8dab10000 - 0x00007ff8dabb9000 	C:\WINDOWS\System32\shcore.dll
0x00007ff8d9ff0000 - 0x00007ff8da76f000 	C:\WINDOWS\System32\windows.storage.dll
0x00007ff8d9750000 - 0x00007ff8d976f000 	C:\WINDOWS\System32\profapi.dll
0x00007ff8d9700000 - 0x00007ff8d974a000 	C:\WINDOWS\System32\powrprof.dll
0x00007ff8d96b0000 - 0x00007ff8d96c0000 	C:\WINDOWS\System32\UMPDC.dll
0x00007ff8dbed0000 - 0x00007ff8dbf22000 	C:\WINDOWS\System32\shlwapi.dll
0x00007ff8d96e0000 - 0x00007ff8d96f1000 	C:\WINDOWS\System32\kernel.appcore.dll
0x00007ff8da870000 - 0x00007ff8da887000 	C:\WINDOWS\System32\cryptsp.dll
0x00007ff8af4b0000 - 0x00007ff8af59f000 	C:\Program Files\Java\jdk1.8.0_144\jre\bin\msvcr120.dll
0x00007ff8bfdc0000 - 0x00007ff8bfe66000 	C:\Program Files\Java\jdk1.8.0_144\jre\bin\msvcp120.dll
0x0000000066c00000 - 0x0000000066c22000 	C:\Program Files\Java\jdk1.8.0_144\jre\bin\prism_d3d.dll
0x00007ff8abeb0000 - 0x00007ff8ac077000 	C:\WINDOWS\system32\d3d9.dll
0x00007ff8d7e50000 - 0x00007ff8d7e7d000 	C:\WINDOWS\SYSTEM32\dwmapi.dll
0x00007ff8d8390000 - 0x00007ff8d83b0000 	C:\WINDOWS\SYSTEM32\dxcore.dll
0x00007ff8d7a30000 - 0x00007ff8d7ac9000 	C:\WINDOWS\system32\uxtheme.dll
0x00007ff8aecb0000 - 0x00007ff8aee70000 	C:\WINDOWS\System32\DriverStore\FileRepository\igdlh64.inf_amd64_d03105a152ac7ed4\igdumdim64.dll
0x00007ff8d1070000 - 0x00007ff8d11c2000 	C:\WINDOWS\System32\DriverStore\FileRepository\igdlh64.inf_amd64_d03105a152ac7ed4\igdgmm64.dll
0x0000000066bb0000 - 0x0000000066bf3000 	C:\Program Files\Java\jdk1.8.0_144\jre\bin\glass.dll
0x00007ff8da940000 - 0x00007ff8daa10000 	C:\WINDOWS\System32\COMDLG32.dll
0x00007ff8db6e0000 - 0x00007ff8db836000 	C:\WINDOWS\System32\ole32.dll
0x00007ff8db610000 - 0x00007ff8db6d4000 	C:\WINDOWS\System32\OLEAUT32.dll
0x00007ff8dbf30000 - 0x00007ff8dc065000 	C:\WINDOWS\System32\MSCTF.dll
0x00007ff870da0000 - 0x00007ff87497b000 	C:\WINDOWS\System32\DriverStore\FileRepository\igdlh64.inf_amd64_d03105a152ac7ed4\igd9dxva64.dll
0x00007ff8ce360000 - 0x00007ff8ce382000 	C:\WINDOWS\System32\DriverStore\FileRepository\igdlh64.inf_amd64_d03105a152ac7ed4\igdinfo64.dll
0x00007ff8cec80000 - 0x00007ff8d0fd6000 	C:\WINDOWS\System32\DriverStore\FileRepository\igdlh64.inf_amd64_d03105a152ac7ed4\igc64.dll
0x0000000066b90000 - 0x0000000066ba4000 	C:\Program Files\Java\jdk1.8.0_144\jre\bin\javafx_font.dll
0x00007ff8c7890000 - 0x00007ff8c78cd000 	C:\Users\user\AppData\Local\Temp\JOCL_2_0_0-windows-x86_64.dll
0x00007ff8d9090000 - 0x00007ff8d909c000 	C:\WINDOWS\SYSTEM32\CRYPTBASE.DLL
0x00007ff89dde0000 - 0x00007ff89ddfd000 	C:\WINDOWS\SYSTEM32\OpenCL.dll
0x00007ff8b4cb0000 - 0x00007ff8b4e22000 	C:\WINDOWS\System32\DriverStore\FileRepository\igdlh64.inf_amd64_d03105a152ac7ed4\IntelOpenCL64.dll
0x00007ff8db990000 - 0x00007ff8dbe00000 	C:\WINDOWS\System32\SETUPAPI.DLL
0x00007ff8da770000 - 0x00007ff8da796000 	C:\WINDOWS\System32\bcrypt.dll
0x00007ff8d83b0000 - 0x00007ff8d849b000 	C:\WINDOWS\SYSTEM32\dxgi.dll
0x00007ff8b0df0000 - 0x00007ff8b0f46000 	C:\WINDOWS\System32\DriverStore\FileRepository\igdlh64.inf_amd64_d03105a152ac7ed4\ocl\bin\x64\intelocl64.dll
0x00007ff8c5e30000 - 0x00007ff8c5e9f000 	C:\WINDOWS\System32\DriverStore\FileRepository\igdlh64.inf_amd64_d03105a152ac7ed4\ocl\bin\x64\task_executor64.dll
0x00007ff8b4c20000 - 0x00007ff8b4ca8000 	C:\WINDOWS\System32\DriverStore\FileRepository\igdlh64.inf_amd64_d03105a152ac7ed4\ocl\bin\x64\cpu_device64.dll
0x00007ff8b09e0000 - 0x00007ff8b0de7000 	C:\WINDOWS\System32\DriverStore\FileRepository\igdlh64.inf_amd64_d03105a152ac7ed4\igdrcl64.dll
0x00007ff8b3e70000 - 0x00007ff8b3f32000 	C:\WINDOWS\System32\DriverStore\FileRepository\igdlh64.inf_amd64_d03105a152ac7ed4\igdfcl64.dll
0x00007ff87e440000 - 0x00007ff881b5b000 	C:\WINDOWS\System32\DriverStore\FileRepository\c0346830.inf_amd64_f723e13ffb3b2652\B345901\amdocl64.dll
0x00007ff8c1ec0000 - 0x00007ff8c2016000 	C:\WINDOWS\SYSTEM32\OPENGL32.dll
0x00007ff8c3210000 - 0x00007ff8c323c000 	C:\WINDOWS\SYSTEM32\GLU32.dll
0x00007ff8b0830000 - 0x00007ff8b09d8000 	C:\WINDOWS\System32\DriverStore\FileRepository\c0346830.inf_amd64_f723e13ffb3b2652\B345901\atiadlxx.dll
0x00007ff8d6070000 - 0x00007ff8d615f000 	C:\WINDOWS\SYSTEM32\PROPSYS.dll
0x00007ff8d94b0000 - 0x00007ff8d94da000 	C:\WINDOWS\SYSTEM32\DEVOBJ.dll
0x00007ff8d9df0000 - 0x00007ff8d9e4c000 	C:\WINDOWS\System32\WINTRUST.dll
0x00007ff8d96c0000 - 0x00007ff8d96d2000 	C:\WINDOWS\System32\MSASN1.dll
0x00007ff8d9770000 - 0x00007ff8d98b9000 	C:\WINDOWS\System32\CRYPT32.dll
0x00007ff8ce3c0000 - 0x00007ff8ce3f9000 	C:\WINDOWS\SYSTEM32\atig6txx.dll
0x00007ff87c990000 - 0x00007ff87e439000 	C:\WINDOWS\System32\DriverStore\FileRepository\c0346830.inf_amd64_f723e13ffb3b2652\B345901\amdocl12cl64.dll
0x00007ff8c8360000 - 0x00007ff8c8554000 	C:\WINDOWS\SYSTEM32\dbghelp.dll
0x00007ff86c660000 - 0x00007ff870d94000 	C:\WINDOWS\System32\DriverStore\FileRepository\igdlh64.inf_amd64_d03105a152ac7ed4\opencl-clang64.dll
0x00007ff8cb120000 - 0x00007ff8cb41e000 	C:\WINDOWS\SYSTEM32\dwrite.dll
0x00007ff8da890000 - 0x00007ff8da932000 	C:\WINDOWS\System32\clbcatq.dll
0x00007ff8d4960000 - 0x00007ff8d4b0f000 	C:\WINDOWS\SYSTEM32\WindowsCodecs.dll
0x00007ff8bd250000 - 0x00007ff8bd28a000 	C:\WINDOWS\system32\dataexchange.dll
0x00007ff8d6940000 - 0x00007ff8d6b9b000 	C:\WINDOWS\system32\d3d11.dll
0x00007ff8d7000000 - 0x00007ff8d71db000 	C:\WINDOWS\system32\dcomp.dll
0x00007ff8d7b00000 - 0x00007ff8d7d5a000 	C:\WINDOWS\system32\twinapi.appcore.dll
0x00007ff8d7f60000 - 0x00007ff8d7f89000 	C:\WINDOWS\system32\RMCLIENT.dll
0x00007ff8c7850000 - 0x00007ff8c7883000 	C:\Program Files\Common Files\Microsoft Shared\Ink\rtscom.dll
0x00007ff8cd140000 - 0x00007ff8cd1de000 	C:\WINDOWS\System32\TextInputFramework.dll
0x00007ff8d7290000 - 0x00007ff8d7364000 	C:\WINDOWS\System32\CoreMessaging.dll
0x00007ff8d5320000 - 0x00007ff8d564a000 	C:\WINDOWS\System32\CoreUIComponents.dll
0x00007ff8d8710000 - 0x00007ff8d8741000 	C:\WINDOWS\SYSTEM32\ntmarta.dll
0x00007ff8d5130000 - 0x00007ff8d5283000 	C:\WINDOWS\SYSTEM32\wintypes.dll
0x00007ff8cdda0000 - 0x00007ff8ce046000 	C:\WINDOWS\System32\iertutil.dll
0x0000000066b70000 - 0x0000000066b81000 	C:\Program Files\Java\jdk1.8.0_144\jre\bin\prism_common.dll

VM Arguments:
jvm_args: -Dfile.encoding=UTF-8 -Xmx1500m 
java_command: test.minimaltracer.SimpleRaytracer
java_class_path (initial): C:\Users\user\Documents\Java\JOCL\JOCL-structs-0.0.1a-alpha.jar;C:\Users\user\Documents\Java\JOCL\jocl-2.0.0.jar;C:\Users\user\Documents\GitHub\Coordinate\build\classes;C:\Users\user\Documents\GitHub\JOCLWrapper\build\classes;C:\Users\user\Documents\GitHub\FileSystem\build\classes;C:\Users\user\Documents\GitHub\MultiThreadLibrary\build\classes;C:\Users\user\Documents\GitHub\Bitmap\build\classes;C:\Users\user\Documents\GitHub\MambaTracer\build\classes;C:\Users\user\Documents\GitHub\MambaTracer\build\test\classes
Launcher Type: SUN_STANDARD

Environment Variables:
PATH=C:\Program Files (x86)\Common Files\Oracle\Java\javapath;C:\ProgramData\Oracle\Java\javapath;C:\WINDOWS\system32;C:\WINDOWS;C:\WINDOWS\System32\Wbem;C:\WINDOWS\System32\WindowsPowerShell\v1.0\;C:\Program Files\LuxRender;C:\WINDOWS\System32\OpenSSH\;C:\Users\user\AppData\Local\Microsoft\WindowsApps;C:\Users\user\AppData\Local\GitHubDesktop\bin;%USERPROFILE%\AppData\Local\Microsoft\WindowsApps;
USERNAME=user
OS=Windows_NT
PROCESSOR_IDENTIFIER=Intel64 Family 6 Model 94 Stepping 3, GenuineIntel



---------------  S Y S T E M  ---------------

OS: Windows 10.0 , 64 bit Build 18362 (10.0.18362.329)

CPU:total 4 (initial active 4) (4 cores per cpu, 1 threads per core) family 6 model 94 stepping 3, cmov, cx8, fxsr, mmx, sse, sse2, sse3, ssse3, sse4.1, sse4.2, popcnt, avx, avx2, aes, clmul, erms, 3dnowpref, lzcnt, tsc, tscinvbit, bmi1, bmi2, adx

Memory: 4k page, physical 16633860k(9756044k free), swap 19124228k(9732732k free)

vm_info: Java HotSpot(TM) 64-Bit Server VM (25.144-b01) for windows-amd64 JRE (1.8.0_144-b01), built on Jul 21 2017 21:57:33 by "java_re" with MS VC++ 10.0 (VS2010)

time: Thu Jan 30 22:57:33 2020
elapsed time: 18 seconds (0d 0h 0m 18s)

