#
# A fatal error has been detected by the Java Runtime Environment:
#
#  EXCEPTION_ACCESS_VIOLATION (0xc0000005) at pc=0x00007ffdc3790225, pid=9536, tid=0x0000000000003764
#
# JRE version: Java(TM) SE Runtime Environment (8.0_144-b01) (build 1.8.0_144-b01)
# Java VM: Java HotSpot(TM) 64-Bit Server VM (25.144-b01 mixed mode windows-amd64 compressed oops)
# Problematic frame:
# C  [amdocl64.dll+0xf80225]
#
# Failed to write core dump. Minidumps are not enabled by default on client versions of Windows
#
# If you would like to submit a bug report, please visit:
#   http://bugreport.java.com/bugreport/crash.jsp
# The crash happened outside the Java Virtual Machine in native code.
# See problematic frame for where to report the bug.
#

---------------  T H R E A D  ---------------

Current thread (0x000000001ffac800):  JavaThread "JavaFX Application Thread" [_thread_in_native, id=14180, stack(0x0000000020880000,0x0000000020980000)]

siginfo: ExceptionCode=0xc0000005, reading address 0x0000000000000008

Registers:
RAX=0x000000002bdfc760, RBX=0x000000002acfd1e8, RCX=0x0000000000000000, RDX=0x0000000000000000
RSP=0x000000002097c020, RBP=0x000000002097c0c9, RSI=0x000000000000003f, RDI=0x000000000000003f
R8 =0xfffffffffffffff8, R9 =0x0000000000000001, R10=0x000000002bdfc360, R11=0x000000002bdfc760
R12=0x0000000000000000, R13=0x0000000000000000, R14=0x000000002acfd198, R15=0x000000002bb59580
RIP=0x00007ffdc3790225, EFLAGS=0x0000000000010246

Top of Stack: (sp=0x000000002097c020)
0x000000002097c020:   000000002097c0c9 0000000000000000
0x000000002097c030:   000000002acfd198 000000002ad3cf50
0x000000002097c040:   000000002b899cd0 000000002b8993d0
0x000000002097c050:   000000002ba68680 000000002bb59580
0x000000002097c060:   0000000000000000 000000002057c528
0x000000002097c070:   0000000000000000 000000002bdfdd48
0x000000002097c080:   000000002acfd1e8 0000000000000000
0x000000002097c090:   0000000000000000 0000000000000000
0x000000002097c0a0:   000000002acfd1e8 000000002ba686a0
0x000000002097c0b0:   fffffffffffffffe 00007ffdc378dd32
0x000000002097c0c0:   000000002bd72b10 0000000000000000
0x000000002097c0d0:   fffffffffffffffe 0000000000000000
0x000000002097c0e0:   0000000000000000 000000002bd72b10
0x000000002097c0f0:   0000000000000000 000000002057c490
0x000000002097c100:   0000000000000000 000000002acfd198
0x000000002097c110:   000000002057c570 000000002bdf8170 

Instructions: (pc=0x00007ffdc3790225)
0x00007ffdc3790205:   e0 04 49 03 c2 4c 8b 00 4d 3b f8 75 d4 eb 03 49
0x00007ffdc3790215:   8b c3 49 3b c3 74 06 48 8b 48 08 eb 03 49 8b cd
0x00007ffdc3790225:   48 8b 59 08 4d 85 e4 0f 84 f0 01 00 00 4c 3b e3
0x00007ffdc3790235:   0f 84 e7 01 00 00 4c 89 7d a7 49 8b 34 24 48 89 


Register to memory mapping:

RAX=0x000000002bdfc760 is an unknown value
RBX=0x000000002acfd1e8 is an unknown value
RCX=0x0000000000000000 is an unknown value
RDX=0x0000000000000000 is an unknown value
RSP=0x000000002097c020 is pointing into the stack for thread: 0x000000001ffac800
RBP=0x000000002097c0c9 is pointing into the stack for thread: 0x000000001ffac800
RSI=0x000000000000003f is an unknown value
RDI=0x000000000000003f is an unknown value
R8 =0xfffffffffffffff8 is an unknown value
R9 =0x0000000000000001 is an unknown value
R10=0x000000002bdfc360 is an unknown value
R11=0x000000002bdfc760 is an unknown value
R12=0x0000000000000000 is an unknown value
R13=0x0000000000000000 is an unknown value
R14=0x000000002acfd198 is an unknown value
R15=0x000000002bb59580 is an unknown value


Stack: [0x0000000020880000,0x0000000020980000],  sp=0x000000002097c020,  free space=1008k
Native frames: (J=compiled Java code, j=interpreted, Vv=VM code, C=native code)
C  [amdocl64.dll+0xf80225]
C  [amdocl64.dll+0xf8461f]
C  [amdocl64.dll+0x18a4852]
C  [amdocl64.dll+0x18a3fb9]
C  [amdocl64.dll+0x4cb383]
C  [amdocl64.dll+0x4c9b9b]
C  [amdocl64.dll+0x4bbb78]
C  [amdocl64.dll+0x4bfa48]
C  [amdocl64.dll+0x4c12af]
C  [amdocl64.dll+0x49d179]
C  [amdocl64.dll+0x2ac607]
C  [amdocl64.dll+0x279d26]
C  [amdocl64.dll+0x26d4bc]
C  [amdocl64.dll+0x2475ce]
C  [JOCL_2_0_0-windows-x86_64.dll+0x3fc4]
C  0x0000000002627f74

Java frames: (J=compiled Java code, j=interpreted, Vv=VM code)
j  org.jocl.CL.clBuildProgramNative(Lorg/jocl/cl_program;I[Lorg/jocl/cl_device_id;Ljava/lang/String;Lorg/jocl/BuildProgramFunction;Ljava/lang/Object;)I+0
j  org.jocl.CL.clBuildProgram(Lorg/jocl/cl_program;I[Lorg/jocl/cl_device_id;Ljava/lang/String;Lorg/jocl/BuildProgramFunction;Ljava/lang/Object;)I+8
j  wrapper.core.CContext.createProgram([Ljava/lang/String;)Lwrapper/core/CProgram;+19
j  wrapper.core.OpenCLPlatform.getDefault([Ljava/lang/String;)Lwrapper/core/OpenCLPlatform;+57
j  cl.main.TracerAPI.initOpenCLConfiguration()V+12
j  cl.main.TracerAPI.<init>()V+47
j  cl.main.Main.start(Ljavafx/stage/Stage;)V+29
j  com.sun.javafx.application.LauncherImpl.lambda$launchApplication1$162(Ljava/util/concurrent/atomic/AtomicBoolean;Ljavafx/application/Application;)V+20
j  com.sun.javafx.application.LauncherImpl$$Lambda$55.run()V+8
j  com.sun.javafx.application.PlatformImpl.lambda$runAndWait$175(Ljava/lang/Runnable;Ljava/util/concurrent/CountDownLatch;)V+1
j  com.sun.javafx.application.PlatformImpl$$Lambda$48.run()V+8
j  com.sun.javafx.application.PlatformImpl.lambda$null$173(Ljava/lang/Runnable;)Ljava/lang/Void;+1
j  com.sun.javafx.application.PlatformImpl$$Lambda$50.run()Ljava/lang/Object;+4
v  ~StubRoutines::call_stub
j  java.security.AccessController.doPrivileged(Ljava/security/PrivilegedAction;Ljava/security/AccessControlContext;)Ljava/lang/Object;+0
j  com.sun.javafx.application.PlatformImpl.lambda$runLater$174(Ljava/lang/Runnable;Ljava/security/AccessControlContext;)V+7
j  com.sun.javafx.application.PlatformImpl$$Lambda$49.run()V+8
j  com.sun.glass.ui.InvokeLaterDispatcher$Future.run()V+4
v  ~StubRoutines::call_stub
j  com.sun.glass.ui.win.WinApplication._runLoop(Ljava/lang/Runnable;)V+0
j  com.sun.glass.ui.win.WinApplication.lambda$null$148(ILjava/lang/Runnable;)V+8
j  com.sun.glass.ui.win.WinApplication$$Lambda$38.run()V+12
j  java.lang.Thread.run()V+11
v  ~StubRoutines::call_stub

---------------  P R O C E S S  ---------------

Java Threads: ( => current thread )
  0x000000001ffd9800 JavaThread "Thread-3" daemon [_thread_in_native, id=8424, stack(0x0000000027960000,0x0000000027a60000)]
  0x000000001ffeb000 JavaThread "JavaFX-Launcher" [_thread_blocked, id=2372, stack(0x0000000027a60000,0x0000000027b60000)]
=>0x000000001ffac800 JavaThread "JavaFX Application Thread" [_thread_in_native, id=14180, stack(0x0000000020880000,0x0000000020980000)]
  0x000000001ffa5800 JavaThread "Thread-1" daemon [_thread_blocked, id=9396, stack(0x0000000020780000,0x0000000020880000)]
  0x000000001ff6d800 JavaThread "QuantumRenderer-0" daemon [_thread_blocked, id=6328, stack(0x0000000020220000,0x0000000020320000)]
  0x000000001e2fe000 JavaThread "Service Thread" daemon [_thread_blocked, id=8952, stack(0x0000000020020000,0x0000000020120000)]
  0x000000001e2a5000 JavaThread "C1 CompilerThread2" daemon [_thread_blocked, id=6424, stack(0x000000001fb20000,0x000000001fc20000)]
  0x000000001e2a0000 JavaThread "C2 CompilerThread1" daemon [_thread_blocked, id=13960, stack(0x000000001fa20000,0x000000001fb20000)]
  0x000000001e29c000 JavaThread "C2 CompilerThread0" daemon [_thread_blocked, id=2476, stack(0x000000001f920000,0x000000001fa20000)]
  0x000000001e29a800 JavaThread "Attach Listener" daemon [_thread_blocked, id=6148, stack(0x000000001f820000,0x000000001f920000)]
  0x000000001e299800 JavaThread "Signal Dispatcher" daemon [_thread_blocked, id=16012, stack(0x000000001f720000,0x000000001f820000)]
  0x000000001e289000 JavaThread "Finalizer" daemon [_thread_blocked, id=2908, stack(0x000000001f520000,0x000000001f620000)]
  0x0000000002601000 JavaThread "Reference Handler" daemon [_thread_blocked, id=15396, stack(0x000000001f420000,0x000000001f520000)]
  0x0000000002511000 JavaThread "main" [_thread_blocked, id=16812, stack(0x0000000002410000,0x0000000002510000)]

Other Threads:
  0x000000001e266800 VMThread [stack: 0x000000001f320000,0x000000001f420000] [id=4480]
  0x000000001fc57000 WatcherThread [stack: 0x0000000020120000,0x0000000020220000] [id=14392]

VM state:not at safepoint (normal execution)

VM Mutex/Monitor currently owned by a thread: None

Heap:
 PSYoungGen      total 75776K, used 39655K [0x0000000755580000, 0x000000075aa00000, 0x00000007c0000000)
  eden space 65024K, 60% used [0x0000000755580000,0x0000000757c39c08,0x0000000759500000)
  from space 10752K, 0% used [0x0000000759f80000,0x0000000759f80000,0x000000075aa00000)
  to   space 10752K, 0% used [0x0000000759500000,0x0000000759500000,0x0000000759f80000)
 ParOldGen       total 173568K, used 0K [0x0000000680000000, 0x000000068a980000, 0x0000000755580000)
  object space 173568K, 0% used [0x0000000680000000,0x0000000680000000,0x000000068a980000)
 Metaspace       used 15654K, capacity 16304K, committed 16512K, reserved 1062912K
  class space    used 2281K, capacity 2427K, committed 2432K, reserved 1048576K

Card table byte_map: [0x00000000119d0000,0x00000000123e0000] byte_map_base: 0x000000000e5d0000

Marking Bits: (ParMarkBitMap*) 0x000000006303d850
 Begin Bits: [0x0000000012e90000, 0x0000000017e90000)
 End Bits:   [0x0000000017e90000, 0x000000001ce90000)

Polling page: 0x00000000022a0000

CodeCache: size=245760Kb used=4534Kb max_used=4534Kb free=241225Kb
 bounds [0x0000000002610000, 0x0000000002a90000, 0x0000000011610000]
 total_blobs=1715 nmethods=1172 adapters=456
 compilation: enabled

Compilation events (10 events):
Event: 3.013 Thread 0x000000001e2a5000 1164       3       java.lang.invoke.MethodTypeForm::cachedLambdaForm (44 bytes)
Event: 3.013 Thread 0x000000001e2a5000 nmethod 1164 0x0000000002a7ac10 code [0x0000000002a7ada0, 0x0000000002a7b210]
Event: 3.013 Thread 0x000000001e2a5000 1166       3       java.util.AbstractList::iterator (10 bytes)
Event: 3.013 Thread 0x000000001e2a5000 nmethod 1166 0x0000000002a7a650 code [0x0000000002a7a7c0, 0x0000000002a7aab0]
Event: 3.014 Thread 0x000000001e2a5000 1168       3       sun.reflect.NativeConstructorAccessorImpl::newInstance (89 bytes)
Event: 3.015 Thread 0x000000001e2a5000 nmethod 1168 0x0000000002a76650 code [0x0000000002a768c0, 0x0000000002a77c38]
Event: 3.018 Thread 0x000000001e2a5000 1171       3       java.lang.invoke.AbstractValidatingLambdaMetafactory::isAdaptableTo (126 bytes)
Event: 3.018 Thread 0x000000001e2a5000 nmethod 1171 0x0000000002a7e710 code [0x0000000002a7e980, 0x0000000002a7f888]
Event: 3.021 Thread 0x000000001e2a5000 1172       3       java.io.File::<init> (113 bytes)
Event: 3.021 Thread 0x000000001e2a5000 nmethod 1172 0x0000000002a7fe50 code [0x0000000002a800c0, 0x0000000002a80de8]

GC Heap History (0 events):
No events

Deoptimization events (10 events):
Event: 0.554 Thread 0x000000001ffac800 Uncommon trap: reason=unstable_if action=reinterpret pc=0x000000000286c6fc method=java.util.HashMap.getNode(ILjava/lang/Object;)Ljava/util/HashMap$Node; @ 84
Event: 0.554 Thread 0x000000001ffac800 Uncommon trap: reason=unstable_if action=reinterpret pc=0x000000000286e518 method=java.util.HashMap.getNode(ILjava/lang/Object;)Ljava/util/HashMap$Node; @ 84
Event: 0.671 Thread 0x000000001ffac800 Uncommon trap: reason=unstable_if action=reinterpret pc=0x00000000029099f4 method=java.util.HashMap.hash(Ljava/lang/Object;)I @ 1
Event: 0.789 Thread 0x000000001ffac800 Uncommon trap: reason=bimorphic action=maybe_recompile pc=0x000000000299e524 method=java.util.HashMap.putVal(ILjava/lang/Object;Ljava/lang/Object;ZZ)Ljava/lang/Object; @ 203
Event: 0.789 Thread 0x000000001ffac800 Uncommon trap: reason=bimorphic action=maybe_recompile pc=0x000000000299e524 method=java.util.HashMap.putVal(ILjava/lang/Object;Ljava/lang/Object;ZZ)Ljava/lang/Object; @ 203
Event: 0.789 Thread 0x000000001ffac800 Uncommon trap: reason=unstable_if action=reinterpret pc=0x000000000299e4dc method=java.util.HashMap.putVal(ILjava/lang/Object;Ljava/lang/Object;ZZ)Ljava/lang/Object; @ 94
Event: 0.789 Thread 0x000000001ffac800 Uncommon trap: reason=bimorphic action=maybe_recompile pc=0x0000000002997ae4 method=java.util.HashMap.putVal(ILjava/lang/Object;Ljava/lang/Object;ZZ)Ljava/lang/Object; @ 203
Event: 0.789 Thread 0x000000001ffac800 Uncommon trap: reason=unstable_if action=reinterpret pc=0x0000000002997a6c method=java.util.HashMap.putVal(ILjava/lang/Object;Ljava/lang/Object;ZZ)Ljava/lang/Object; @ 94
Event: 0.893 Thread 0x000000001ffac800 Uncommon trap: reason=unstable_if action=reinterpret pc=0x00000000028c40dc method=sun.net.www.ParseUtil.encodePath(Ljava/lang/String;Z)Ljava/lang/String; @ 109
Event: 0.900 Thread 0x000000001ffac800 Uncommon trap: reason=unstable_if action=reinterpret pc=0x000000000290766c method=java.lang.String.indexOf([CII[CIII)I @ 3

Internal exceptions (10 events):
Event: 0.576 Thread 0x000000001ffac800 Exception <a 'java/lang/ArrayIndexOutOfBoundsException'> (0x0000000756aefc80) thrown at [C:\re\workspace\8-2-build-windows-amd64-cygwin\jdk8u144\9417\hotspot\src\share\vm\runtime\sharedRuntime.cpp, line 605]
Event: 0.576 Thread 0x000000001ffac800 Exception <a 'java/lang/ArrayIndexOutOfBoundsException'> (0x0000000756af07c8) thrown at [C:\re\workspace\8-2-build-windows-amd64-cygwin\jdk8u144\9417\hotspot\src\share\vm\runtime\sharedRuntime.cpp, line 605]
Event: 0.577 Thread 0x000000001ffac800 Exception <a 'java/lang/ArrayIndexOutOfBoundsException'> (0x0000000756af1b70) thrown at [C:\re\workspace\8-2-build-windows-amd64-cygwin\jdk8u144\9417\hotspot\src\share\vm\runtime\sharedRuntime.cpp, line 605]
Event: 0.577 Thread 0x000000001ffac800 Exception <a 'java/lang/ArrayIndexOutOfBoundsException'> (0x0000000756af3e80) thrown at [C:\re\workspace\8-2-build-windows-amd64-cygwin\jdk8u144\9417\hotspot\src\share\vm\runtime\sharedRuntime.cpp, line 605]
Event: 0.577 Thread 0x000000001ffac800 Exception <a 'java/lang/ArrayIndexOutOfBoundsException'> (0x0000000756af4d18) thrown at [C:\re\workspace\8-2-build-windows-amd64-cygwin\jdk8u144\9417\hotspot\src\share\vm\runtime\sharedRuntime.cpp, line 605]
Event: 0.604 Thread 0x000000001ffac800 Exception <a 'java/lang/ArrayIndexOutOfBoundsException'> (0x0000000756c0ae48) thrown at [C:\re\workspace\8-2-build-windows-amd64-cygwin\jdk8u144\9417\hotspot\src\share\vm\runtime\sharedRuntime.cpp, line 605]
Event: 0.671 Thread 0x000000001ffac800 Implicit null exception at 0x00000000029097b5 to 0x00000000029099e5
Event: 0.690 Thread 0x000000001ffac800 Exception <a 'java/lang/ArrayIndexOutOfBoundsException'> (0x0000000756fcba10) thrown at [C:\re\workspace\8-2-build-windows-amd64-cygwin\jdk8u144\9417\hotspot\src\share\vm\runtime\sharedRuntime.cpp, line 605]
Event: 0.709 Thread 0x000000001ffac800 Exception <a 'java/lang/ArrayIndexOutOfBoundsException'> (0x0000000757083608) thrown at [C:\re\workspace\8-2-build-windows-amd64-cygwin\jdk8u144\9417\hotspot\src\share\vm\runtime\sharedRuntime.cpp, line 605]
Event: 0.711 Thread 0x000000001ffac800 Exception <a 'java/lang/ArrayIndexOutOfBoundsException'> (0x0000000757095290) thrown at [C:\re\workspace\8-2-build-windows-amd64-cygwin\jdk8u144\9417\hotspot\src\share\vm\runtime\sharedRuntime.cpp, line 605]

Events (10 events):
Event: 3.019 loading class java/nio/HeapLongBuffer
Event: 3.019 loading class java/nio/HeapLongBuffer done
Event: 3.019 loading class org/jocl/cl_context_properties
Event: 3.019 loading class org/jocl/cl_context_properties done
Event: 3.019 loading class org/jocl/cl_abstract_properties
Event: 3.019 loading class org/jocl/cl_abstract_properties done
Event: 3.020 loading class wrapper/core/CContext
Event: 3.020 loading class wrapper/core/CContext done
Event: 3.020 loading class wrapper/core/CResourceFactory
Event: 3.020 loading class wrapper/core/CResourceFactory done


Dynamic libraries:
0x00007ff7d2080000 - 0x00007ff7d20b7000 	C:\Program Files\Java\jdk1.8.0_144\bin\java.exe
0x00007ffe1ef20000 - 0x00007ffe1f110000 	C:\WINDOWS\SYSTEM32\ntdll.dll
0x00007ffe1d320000 - 0x00007ffe1d3d2000 	C:\WINDOWS\System32\KERNEL32.DLL
0x00007ffe1bf90000 - 0x00007ffe1c233000 	C:\WINDOWS\System32\KERNELBASE.dll
0x00007ffe1daa0000 - 0x00007ffe1db43000 	C:\WINDOWS\System32\ADVAPI32.dll
0x00007ffe1d280000 - 0x00007ffe1d31e000 	C:\WINDOWS\System32\msvcrt.dll
0x00007ffe1d030000 - 0x00007ffe1d0c7000 	C:\WINDOWS\System32\sechost.dll
0x00007ffe1e500000 - 0x00007ffe1e620000 	C:\WINDOWS\System32\RPCRT4.dll
0x00007ffe1e360000 - 0x00007ffe1e4f4000 	C:\WINDOWS\System32\USER32.dll
0x00007ffe1bf60000 - 0x00007ffe1bf81000 	C:\WINDOWS\System32\win32u.dll
0x00007ffe1da70000 - 0x00007ffe1da96000 	C:\WINDOWS\System32\GDI32.dll
0x00007ffe1cd50000 - 0x00007ffe1cee4000 	C:\WINDOWS\System32\gdi32full.dll
0x00007ffe1c530000 - 0x00007ffe1c5ce000 	C:\WINDOWS\System32\msvcp_win.dll
0x00007ffe1c430000 - 0x00007ffe1c52a000 	C:\WINDOWS\System32\ucrtbase.dll
0x00007ffe0de90000 - 0x00007ffe0e115000 	C:\WINDOWS\WinSxS\amd64_microsoft.windows.common-controls_6595b64144ccf1df_6.0.18362.778_none_e6c6b761130d4fb8\COMCTL32.dll
0x00007ffe1de10000 - 0x00007ffe1e146000 	C:\WINDOWS\System32\combase.dll
0x00007ffe1cef0000 - 0x00007ffe1cf70000 	C:\WINDOWS\System32\bcryptPrimitives.dll
0x00007ffe1dd60000 - 0x00007ffe1dd8e000 	C:\WINDOWS\System32\IMM32.DLL
0x0000000062740000 - 0x0000000062812000 	C:\Program Files\Java\jdk1.8.0_144\jre\bin\msvcr100.dll
0x0000000062820000 - 0x00000000630bd000 	C:\Program Files\Java\jdk1.8.0_144\jre\bin\server\jvm.dll
0x00007ffe1d3e0000 - 0x00007ffe1d3e8000 	C:\WINDOWS\System32\PSAPI.DLL
0x00007ffe16ea0000 - 0x00007ffe16ea9000 	C:\WINDOWS\SYSTEM32\WSOCK32.dll
0x00007ffe19d60000 - 0x00007ffe19d84000 	C:\WINDOWS\SYSTEM32\WINMM.dll
0x00007ffe0e820000 - 0x00007ffe0e82a000 	C:\WINDOWS\SYSTEM32\VERSION.dll
0x00007ffe1e220000 - 0x00007ffe1e28f000 	C:\WINDOWS\System32\WS2_32.dll
0x00007ffe19d30000 - 0x00007ffe19d5d000 	C:\WINDOWS\SYSTEM32\winmmbase.dll
0x00007ffe1c3c0000 - 0x00007ffe1c40a000 	C:\WINDOWS\System32\cfgmgr32.dll
0x00000000626f0000 - 0x00000000626ff000 	C:\Program Files\Java\jdk1.8.0_144\jre\bin\verify.dll
0x00000000626c0000 - 0x00000000626e9000 	C:\Program Files\Java\jdk1.8.0_144\jre\bin\java.dll
0x00000000626a0000 - 0x00000000626b6000 	C:\Program Files\Java\jdk1.8.0_144\jre\bin\zip.dll
0x00007ffe1e6a0000 - 0x00007ffe1ed85000 	C:\WINDOWS\System32\SHELL32.dll
0x00007ffe1d860000 - 0x00007ffe1d909000 	C:\WINDOWS\System32\shcore.dll
0x00007ffe1c5d0000 - 0x00007ffe1cd50000 	C:\WINDOWS\System32\windows.storage.dll
0x00007ffe1be60000 - 0x00007ffe1be83000 	C:\WINDOWS\System32\profapi.dll
0x00007ffe1bdf0000 - 0x00007ffe1be3a000 	C:\WINDOWS\System32\powrprof.dll
0x00007ffe1bde0000 - 0x00007ffe1bdf0000 	C:\WINDOWS\System32\UMPDC.dll
0x00007ffe1cfd0000 - 0x00007ffe1d022000 	C:\WINDOWS\System32\shlwapi.dll
0x00007ffe1be40000 - 0x00007ffe1be51000 	C:\WINDOWS\System32\kernel.appcore.dll
0x00007ffe1c410000 - 0x00007ffe1c427000 	C:\WINDOWS\System32\cryptsp.dll
0x00007ffdf1540000 - 0x00007ffdf162f000 	C:\Program Files\Java\jdk1.8.0_144\jre\bin\msvcr120.dll
0x00007ffdefc10000 - 0x00007ffdefcb6000 	C:\Program Files\Java\jdk1.8.0_144\jre\bin\msvcp120.dll
0x0000000061f80000 - 0x0000000061fa2000 	C:\Program Files\Java\jdk1.8.0_144\jre\bin\prism_d3d.dll
0x00007ffdeee60000 - 0x00007ffdef027000 	C:\WINDOWS\system32\d3d9.dll
0x00007ffe1a580000 - 0x00007ffe1a5ad000 	C:\WINDOWS\SYSTEM32\dwmapi.dll
0x00007ffe1aac0000 - 0x00007ffe1aae0000 	C:\WINDOWS\SYSTEM32\dxcore.dll
0x00007ffe1a160000 - 0x00007ffe1a1f9000 	C:\WINDOWS\system32\uxtheme.dll
0x00007ffdefa50000 - 0x00007ffdefc10000 	C:\WINDOWS\System32\DriverStore\FileRepository\igdlh64.inf_amd64_d03105a152ac7ed4\igdumdim64.dll
0x00007ffe116e0000 - 0x00007ffe11832000 	C:\WINDOWS\System32\DriverStore\FileRepository\igdlh64.inf_amd64_d03105a152ac7ed4\igdgmm64.dll
0x0000000061f30000 - 0x0000000061f73000 	C:\Program Files\Java\jdk1.8.0_144\jre\bin\glass.dll
0x00007ffe1e150000 - 0x00007ffe1e220000 	C:\WINDOWS\System32\COMDLG32.dll
0x00007ffe1d910000 - 0x00007ffe1da67000 	C:\WINDOWS\System32\ole32.dll
0x00007ffe1e290000 - 0x00007ffe1e354000 	C:\WINDOWS\System32\OLEAUT32.dll
0x00007ffe1ed90000 - 0x00007ffe1eec6000 	C:\WINDOWS\System32\MSCTF.dll
0x00007ffdae050000 - 0x00007ffdb1c2b000 	C:\WINDOWS\System32\DriverStore\FileRepository\igdlh64.inf_amd64_d03105a152ac7ed4\igd9dxva64.dll
0x00007ffe05e50000 - 0x00007ffe05e72000 	C:\WINDOWS\System32\DriverStore\FileRepository\igdlh64.inf_amd64_d03105a152ac7ed4\igdinfo64.dll
0x00007ffe0f1d0000 - 0x00007ffe11526000 	C:\WINDOWS\System32\DriverStore\FileRepository\igdlh64.inf_amd64_d03105a152ac7ed4\igc64.dll
0x0000000061f10000 - 0x0000000061f24000 	C:\Program Files\Java\jdk1.8.0_144\jre\bin\javafx_font.dll
0x00007ffe09090000 - 0x00007ffe0938e000 	C:\WINDOWS\SYSTEM32\dwrite.dll
0x0000000062680000 - 0x000000006269a000 	C:\Program Files\Java\jdk1.8.0_144\jre\bin\net.dll
0x00007ffe1b5f0000 - 0x00007ffe1b657000 	C:\WINDOWS\system32\mswsock.dll
0x0000000062660000 - 0x0000000062671000 	C:\Program Files\Java\jdk1.8.0_144\jre\bin\nio.dll
0x00007ffe0a3b0000 - 0x00007ffe0a3ed000 	C:\Users\user\AppData\Local\Temp\JOCL_2_0_0-windows-x86_64.dll
0x00007ffe1b7c0000 - 0x00007ffe1b7cc000 	C:\WINDOWS\SYSTEM32\CRYPTBASE.DLL
0x00007ffdf0af0000 - 0x00007ffdf0b0d000 	C:\WINDOWS\SYSTEM32\OpenCL.dll
0x00007ffdf6760000 - 0x00007ffdf68d2000 	C:\WINDOWS\System32\DriverStore\FileRepository\igdlh64.inf_amd64_d03105a152ac7ed4\IntelOpenCL64.dll
0x00007ffe1d3f0000 - 0x00007ffe1d860000 	C:\WINDOWS\System32\SETUPAPI.DLL
0x00007ffe1c390000 - 0x00007ffe1c3b6000 	C:\WINDOWS\System32\bcrypt.dll
0x00007ffe1aae0000 - 0x00007ffe1abcb000 	C:\WINDOWS\SYSTEM32\dxgi.dll
0x00007ffdf6510000 - 0x00007ffdf6666000 	C:\WINDOWS\System32\DriverStore\FileRepository\igdlh64.inf_amd64_d03105a152ac7ed4\ocl\bin\x64\intelocl64.dll
0x00007ffe064c0000 - 0x00007ffe0652f000 	C:\WINDOWS\System32\DriverStore\FileRepository\igdlh64.inf_amd64_d03105a152ac7ed4\ocl\bin\x64\task_executor64.dll
0x00007ffdf66d0000 - 0x00007ffdf6758000 	C:\WINDOWS\System32\DriverStore\FileRepository\igdlh64.inf_amd64_d03105a152ac7ed4\ocl\bin\x64\cpu_device64.dll
0x00007ffddf010000 - 0x00007ffddf417000 	C:\WINDOWS\System32\DriverStore\FileRepository\igdlh64.inf_amd64_d03105a152ac7ed4\igdrcl64.dll
0x00007ffdf6440000 - 0x00007ffdf6502000 	C:\WINDOWS\System32\DriverStore\FileRepository\igdlh64.inf_amd64_d03105a152ac7ed4\igdfcl64.dll
0x00007ffdc2810000 - 0x00007ffdc5f2b000 	C:\WINDOWS\System32\DriverStore\FileRepository\c0346830.inf_amd64_f723e13ffb3b2652\B345901\amdocl64.dll
0x00007ffe05bc0000 - 0x00007ffe05d16000 	C:\WINDOWS\SYSTEM32\OPENGL32.dll
0x00007ffe0eee0000 - 0x00007ffe0ef0c000 	C:\WINDOWS\SYSTEM32\GLU32.dll
0x00007ffdf6290000 - 0x00007ffdf6438000 	C:\WINDOWS\System32\DriverStore\FileRepository\c0346830.inf_amd64_f723e13ffb3b2652\B345901\atiadlxx.dll
0x00007ffe187a0000 - 0x00007ffe1888f000 	C:\WINDOWS\SYSTEM32\PROPSYS.dll
0x00007ffe1bbe0000 - 0x00007ffe1bc0a000 	C:\WINDOWS\SYSTEM32\DEVOBJ.dll
0x00007ffe1cf70000 - 0x00007ffe1cfcc000 	C:\WINDOWS\System32\WINTRUST.dll
0x00007ffe1be90000 - 0x00007ffe1bea2000 	C:\WINDOWS\System32\MSASN1.dll
0x00007ffe1c240000 - 0x00007ffe1c389000 	C:\WINDOWS\System32\CRYPT32.dll
0x00007ffe09f20000 - 0x00007ffe09f59000 	C:\WINDOWS\SYSTEM32\atig6txx.dll
0x00007ffdd6510000 - 0x00007ffdd7fb9000 	C:\WINDOWS\System32\DriverStore\FileRepository\c0346830.inf_amd64_f723e13ffb3b2652\B345901\amdocl12cl64.dll
0x00007ffe0e9a0000 - 0x00007ffe0eb94000 	C:\WINDOWS\SYSTEM32\dbghelp.dll

VM Arguments:
jvm_args: -Dfile.encoding=UTF-8 -Xmx5120m 
java_command: cl.main.Main
java_class_path (initial): C:\Users\user\Documents\Java\JOCL\JOCL-structs-0.0.1a-alpha.jar;C:\Users\user\Documents\Java\JOCL\jocl-2.0.0.jar;C:\Users\user\Documents\GitHub\Coordinate\build\classes;C:\Users\user\Documents\GitHub\JOCLWrapper\build\classes;C:\Users\user\Documents\GitHub\FileSystem\build\classes;C:\Users\user\Documents\GitHub\MultiThreadLibrary\build\classes;C:\Users\user\Documents\GitHub\Bitmap\build\classes;C:\Users\user\Documents\GitHub\MambaTracer\build\classes
Launcher Type: SUN_STANDARD

Environment Variables:
PATH=C:\Program Files (x86)\Common Files\Oracle\Java\javapath;C:\ProgramData\Oracle\Java\javapath;C:\WINDOWS\system32;C:\WINDOWS;C:\WINDOWS\System32\Wbem;C:\WINDOWS\System32\WindowsPowerShell\v1.0\;C:\Program Files\LuxRender;C:\WINDOWS\System32\OpenSSH\;C:\Users\user\AppData\Local\Microsoft\WindowsApps;C:\Users\user\AppData\Local\GitHubDesktop\bin;%USERPROFILE%\AppData\Local\Microsoft\WindowsApps;
USERNAME=user
OS=Windows_NT
PROCESSOR_IDENTIFIER=Intel64 Family 6 Model 94 Stepping 3, GenuineIntel



---------------  S Y S T E M  ---------------

OS: Windows 10.0 , 64 bit Build 18362 (10.0.18362.778)

CPU:total 4 (initial active 4) (4 cores per cpu, 1 threads per core) family 6 model 94 stepping 3, cmov, cx8, fxsr, mmx, sse, sse2, sse3, ssse3, sse4.1, sse4.2, popcnt, avx, avx2, aes, clmul, erms, 3dnowpref, lzcnt, tsc, tscinvbit, bmi1, bmi2, adx

Memory: 4k page, physical 16633860k(8346496k free), swap 19124228k(5841428k free)

vm_info: Java HotSpot(TM) 64-Bit Server VM (25.144-b01) for windows-amd64 JRE (1.8.0_144-b01), built on Jul 21 2017 21:57:33 by "java_re" with MS VC++ 10.0 (VS2010)

time: Tue May 05 21:40:57 2020
elapsed time: 3 seconds (0d 0h 0m 3s)

