#
# A fatal error has been detected by the Java Runtime Environment:
#
#  EXCEPTION_ACCESS_VIOLATION (0xc0000005) at pc=0x00007ffdc3790225, pid=14236, tid=0x0000000000004424
#
# JRE version: Java(TM) SE Runtime Environment (8.0_144-b01) (build 1.8.0_144-b01)
# Java VM: Java HotSpot(TM) 64-Bit Server VM (25.144-b01 mixed mode windows-amd64 compressed oops)
# Problematic frame:
# C  [amdocl64.dll+0xf80225]
#
# Failed to write core dump. Minidumps are not enabled by default on client versions of Windows
#
# If you would like to submit a bug report, please visit:
#   http://bugreport.java.com/bugreport/crash.jsp
# The crash happened outside the Java Virtual Machine in native code.
# See problematic frame for where to report the bug.
#

---------------  T H R E A D  ---------------

Current thread (0x000000002038e800):  JavaThread "JavaFX Application Thread" [_thread_in_native, id=17444, stack(0x0000000021150000,0x0000000021250000)]

siginfo: ExceptionCode=0xc0000005, reading address 0x0000000000000008

Registers:
RAX=0x000000002c078e70, RBX=0x000000002b588448, RCX=0x0000000000000000, RDX=0x0000000000000000
RSP=0x000000002124c2d0, RBP=0x000000002124c379, RSI=0x000000000000003f, RDI=0x000000000000003f
R8 =0xfffffffffffffff8, R9 =0x0000000000000002, R10=0x000000002c078a70, R11=0x000000002c078e70
R12=0x0000000000000000, R13=0x0000000000000000, R14=0x000000002b5883f8, R15=0x000000002b55b6e0
RIP=0x00007ffdc3790225, EFLAGS=0x0000000000010246

Top of Stack: (sp=0x000000002124c2d0)
0x000000002124c2d0:   000000002124c379 0000000000000000
0x000000002124c2e0:   000000002b5883f8 000000002b818120
0x000000002124c2f0:   000000002be23560 000000002be23820
0x000000002124c300:   000000002befad20 000000002b55b6e0
0x000000002124c310:   0000000000000000 000000002b650b38
0x000000002124c320:   0000000000000000 000000002be0ac38
0x000000002124c330:   000000002b588448 0000000000000000
0x000000002124c340:   0000000000000000 0000000000000000
0x000000002124c350:   000000002b588448 000000002befad40
0x000000002124c360:   fffffffffffffffe 00007ffdc378dd32
0x000000002124c370:   000000002c378a50 0000000000000000
0x000000002124c380:   fffffffffffffffe 0000000000000000
0x000000002124c390:   0000000000000000 000000002c378a50
0x000000002124c3a0:   0000000000000000 000000002b650aa0
0x000000002124c3b0:   0000000000000000 000000002b5883f8
0x000000002124c3c0:   000000002b650b80 000000002c09cca0 

Instructions: (pc=0x00007ffdc3790225)
0x00007ffdc3790205:   e0 04 49 03 c2 4c 8b 00 4d 3b f8 75 d4 eb 03 49
0x00007ffdc3790215:   8b c3 49 3b c3 74 06 48 8b 48 08 eb 03 49 8b cd
0x00007ffdc3790225:   48 8b 59 08 4d 85 e4 0f 84 f0 01 00 00 4c 3b e3
0x00007ffdc3790235:   0f 84 e7 01 00 00 4c 89 7d a7 49 8b 34 24 48 89 


Register to memory mapping:

RAX=0x000000002c078e70 is an unknown value
RBX=0x000000002b588448 is an unknown value
RCX=0x0000000000000000 is an unknown value
RDX=0x0000000000000000 is an unknown value
RSP=0x000000002124c2d0 is pointing into the stack for thread: 0x000000002038e800
RBP=0x000000002124c379 is pointing into the stack for thread: 0x000000002038e800
RSI=0x000000000000003f is an unknown value
RDI=0x000000000000003f is an unknown value
R8 =0xfffffffffffffff8 is an unknown value
R9 =0x0000000000000002 is an unknown value
R10=0x000000002c078a70 is an unknown value
R11=0x000000002c078e70 is an unknown value
R12=0x0000000000000000 is an unknown value
R13=0x0000000000000000 is an unknown value
R14=0x000000002b5883f8 is an unknown value
R15=0x000000002b55b6e0 is an unknown value


Stack: [0x0000000021150000,0x0000000021250000],  sp=0x000000002124c2d0,  free space=1008k
Native frames: (J=compiled Java code, j=interpreted, Vv=VM code, C=native code)
C  [amdocl64.dll+0xf80225]
C  [amdocl64.dll+0xf8461f]
C  [amdocl64.dll+0x18a4852]
C  [amdocl64.dll+0x18a3fb9]
C  [amdocl64.dll+0x4cb383]
C  [amdocl64.dll+0x4c9b9b]
C  [amdocl64.dll+0x4bbb78]
C  [amdocl64.dll+0x4bfa48]
C  [amdocl64.dll+0x4c12af]
C  [amdocl64.dll+0x49d179]
C  [amdocl64.dll+0x2ac607]
C  [amdocl64.dll+0x279d26]
C  [amdocl64.dll+0x26d4bc]
C  [amdocl64.dll+0x2475ce]
C  [JOCL_2_0_0-windows-x86_64.dll+0x3fc4]
C  0x0000000002807f74

Java frames: (J=compiled Java code, j=interpreted, Vv=VM code)
j  org.jocl.CL.clBuildProgramNative(Lorg/jocl/cl_program;I[Lorg/jocl/cl_device_id;Ljava/lang/String;Lorg/jocl/BuildProgramFunction;Ljava/lang/Object;)I+0
j  org.jocl.CL.clBuildProgram(Lorg/jocl/cl_program;I[Lorg/jocl/cl_device_id;Ljava/lang/String;Lorg/jocl/BuildProgramFunction;Ljava/lang/Object;)I+8
j  wrapper.core.CContext.createProgram([Ljava/lang/String;)Lwrapper/core/CProgram;+19
j  wrapper.core.OpenCLPlatform.getDefault([Ljava/lang/String;)Lwrapper/core/OpenCLPlatform;+57
j  cl.main.TracerAPI.initOpenCLConfiguration()V+12
j  cl.main.TracerAPI.<init>()V+47
j  cl.main.Main.start(Ljavafx/stage/Stage;)V+29
j  com.sun.javafx.application.LauncherImpl.lambda$launchApplication1$162(Ljava/util/concurrent/atomic/AtomicBoolean;Ljavafx/application/Application;)V+20
j  com.sun.javafx.application.LauncherImpl$$Lambda$55.run()V+8
j  com.sun.javafx.application.PlatformImpl.lambda$runAndWait$175(Ljava/lang/Runnable;Ljava/util/concurrent/CountDownLatch;)V+1
j  com.sun.javafx.application.PlatformImpl$$Lambda$48.run()V+8
j  com.sun.javafx.application.PlatformImpl.lambda$null$173(Ljava/lang/Runnable;)Ljava/lang/Void;+1
j  com.sun.javafx.application.PlatformImpl$$Lambda$50.run()Ljava/lang/Object;+4
v  ~StubRoutines::call_stub
j  java.security.AccessController.doPrivileged(Ljava/security/PrivilegedAction;Ljava/security/AccessControlContext;)Ljava/lang/Object;+0
j  com.sun.javafx.application.PlatformImpl.lambda$runLater$174(Ljava/lang/Runnable;Ljava/security/AccessControlContext;)V+7
j  com.sun.javafx.application.PlatformImpl$$Lambda$49.run()V+8
j  com.sun.glass.ui.InvokeLaterDispatcher$Future.run()V+4
v  ~StubRoutines::call_stub
j  com.sun.glass.ui.win.WinApplication._runLoop(Ljava/lang/Runnable;)V+0
j  com.sun.glass.ui.win.WinApplication.lambda$null$148(ILjava/lang/Runnable;)V+8
j  com.sun.glass.ui.win.WinApplication$$Lambda$38.run()V+12
j  java.lang.Thread.run()V+11
v  ~StubRoutines::call_stub

---------------  P R O C E S S  ---------------

Java Threads: ( => current thread )
  0x000000002044a000 JavaThread "Thread-3" daemon [_thread_in_native, id=14488, stack(0x0000000027a20000,0x0000000027b20000)]
  0x0000000020405800 JavaThread "JavaFX-Launcher" [_thread_blocked, id=1436, stack(0x0000000027b20000,0x0000000027c20000)]
=>0x000000002038e800 JavaThread "JavaFX Application Thread" [_thread_in_native, id=17444, stack(0x0000000021150000,0x0000000021250000)]
  0x000000002037d800 JavaThread "Thread-1" daemon [_thread_blocked, id=1948, stack(0x0000000021050000,0x0000000021150000)]
  0x000000002015c000 JavaThread "QuantumRenderer-0" daemon [_thread_blocked, id=8008, stack(0x0000000020b60000,0x0000000020c60000)]
  0x000000001fd93000 JavaThread "Service Thread" daemon [_thread_blocked, id=14988, stack(0x0000000020160000,0x0000000020260000)]
  0x000000001e416000 JavaThread "C1 CompilerThread2" daemon [_thread_blocked, id=10304, stack(0x000000001fc60000,0x000000001fd60000)]
  0x000000001e410000 JavaThread "C2 CompilerThread1" daemon [_thread_blocked, id=5668, stack(0x000000001fb60000,0x000000001fc60000)]
  0x000000001e40c800 JavaThread "C2 CompilerThread0" daemon [_thread_blocked, id=18140, stack(0x000000001fa60000,0x000000001fb60000)]
  0x000000001e40a800 JavaThread "Attach Listener" daemon [_thread_blocked, id=18700, stack(0x000000001f960000,0x000000001fa60000)]
  0x000000001e409800 JavaThread "Signal Dispatcher" daemon [_thread_blocked, id=13172, stack(0x000000001f860000,0x000000001f960000)]
  0x00000000027ea800 JavaThread "Finalizer" daemon [_thread_blocked, id=3052, stack(0x000000001f660000,0x000000001f760000)]
  0x00000000027df800 JavaThread "Reference Handler" daemon [_thread_blocked, id=8872, stack(0x000000001f560000,0x000000001f660000)]
  0x00000000026f1000 JavaThread "main" [_thread_blocked, id=9816, stack(0x0000000002520000,0x0000000002620000)]

Other Threads:
  0x000000001e3d7800 VMThread [stack: 0x000000001f460000,0x000000001f560000] [id=6888]
  0x000000001fdb5800 WatcherThread [stack: 0x0000000020260000,0x0000000020360000] [id=1236]

VM state:not at safepoint (normal execution)

VM Mutex/Monitor currently owned by a thread: None

Heap:
 PSYoungGen      total 75776K, used 39656K [0x0000000755580000, 0x000000075aa00000, 0x00000007c0000000)
  eden space 65024K, 60% used [0x0000000755580000,0x0000000757c3a1f8,0x0000000759500000)
  from space 10752K, 0% used [0x0000000759f80000,0x0000000759f80000,0x000000075aa00000)
  to   space 10752K, 0% used [0x0000000759500000,0x0000000759500000,0x0000000759f80000)
 ParOldGen       total 173568K, used 0K [0x0000000680000000, 0x000000068a980000, 0x0000000755580000)
  object space 173568K, 0% used [0x0000000680000000,0x0000000680000000,0x000000068a980000)
 Metaspace       used 15651K, capacity 16304K, committed 16512K, reserved 1062912K
  class space    used 2281K, capacity 2427K, committed 2432K, reserved 1048576K

Card table byte_map: [0x0000000011bb0000,0x00000000125c0000] byte_map_base: 0x000000000e7b0000

Marking Bits: (ParMarkBitMap*) 0x000000006303d850
 Begin Bits: [0x0000000013070000, 0x0000000018070000)
 End Bits:   [0x0000000018070000, 0x000000001d070000)

Polling page: 0x0000000000c60000

CodeCache: size=245760Kb used=4509Kb max_used=4509Kb free=241250Kb
 bounds [0x00000000027f0000, 0x0000000002c60000, 0x00000000117f0000]
 total_blobs=1700 nmethods=1157 adapters=456
 compilation: enabled

Compilation events (10 events):
Event: 2.959 Thread 0x000000001e416000 1151       3       jdk.internal.org.objectweb.asm.Frame::pop (43 bytes)
Event: 2.959 Thread 0x000000001e416000 nmethod 1151 0x0000000002c53a50 code [0x0000000002c53bc0, 0x0000000002c53db0]
Event: 2.959 Thread 0x000000001e416000 1152       3       sun.reflect.NativeConstructorAccessorImpl::newInstance (89 bytes)
Event: 2.960 Thread 0x000000001e416000 nmethod 1152 0x0000000002c4fb90 code [0x0000000002c4fe00, 0x0000000002c51178]
Event: 2.962 Thread 0x000000001e416000 1155       3       java.lang.invoke.AbstractValidatingLambdaMetafactory::isAdaptableTo (126 bytes)
Event: 2.963 Thread 0x000000001e416000 nmethod 1155 0x0000000002c57c50 code [0x0000000002c57ec0, 0x0000000002c58dc8]
Event: 2.964 Thread 0x000000001e416000 1157       3       java.io.File::exists (43 bytes)
Event: 2.964 Thread 0x000000001e416000 nmethod 1157 0x0000000002c4f450 code [0x0000000002c4f5e0, 0x0000000002c4fa48]
Event: 2.964 Thread 0x000000001e416000 1156       3       java.io.File::<init> (113 bytes)
Event: 2.965 Thread 0x000000001e416000 nmethod 1156 0x0000000002c59390 code [0x0000000002c59600, 0x0000000002c5a328]

GC Heap History (0 events):
No events

Deoptimization events (10 events):
Event: 0.527 Thread 0x000000002038e800 Uncommon trap: reason=unstable_if action=reinterpret pc=0x0000000002a472fc method=java.util.HashMap.getNode(ILjava/lang/Object;)Ljava/util/HashMap$Node; @ 84
Event: 0.527 Thread 0x000000002038e800 Uncommon trap: reason=unstable_if action=reinterpret pc=0x0000000002a49114 method=java.util.HashMap.getNode(ILjava/lang/Object;)Ljava/util/HashMap$Node; @ 84
Event: 0.642 Thread 0x000000002038e800 Uncommon trap: reason=unstable_if action=reinterpret pc=0x0000000002addcec method=java.util.HashMap.hash(Ljava/lang/Object;)I @ 1
Event: 0.766 Thread 0x000000002038e800 Uncommon trap: reason=bimorphic action=maybe_recompile pc=0x0000000002b7a2b4 method=java.util.HashMap.putVal(ILjava/lang/Object;Ljava/lang/Object;ZZ)Ljava/lang/Object; @ 203
Event: 0.766 Thread 0x000000002038e800 Uncommon trap: reason=bimorphic action=maybe_recompile pc=0x0000000002b7a2b4 method=java.util.HashMap.putVal(ILjava/lang/Object;Ljava/lang/Object;ZZ)Ljava/lang/Object; @ 203
Event: 0.766 Thread 0x000000002038e800 Uncommon trap: reason=unstable_if action=reinterpret pc=0x0000000002b7a26c method=java.util.HashMap.putVal(ILjava/lang/Object;Ljava/lang/Object;ZZ)Ljava/lang/Object; @ 94
Event: 0.766 Thread 0x000000002038e800 Uncommon trap: reason=bimorphic action=maybe_recompile pc=0x0000000002b74124 method=java.util.HashMap.putVal(ILjava/lang/Object;Ljava/lang/Object;ZZ)Ljava/lang/Object; @ 203
Event: 0.766 Thread 0x000000002038e800 Uncommon trap: reason=unstable_if action=reinterpret pc=0x0000000002b740ac method=java.util.HashMap.putVal(ILjava/lang/Object;Ljava/lang/Object;ZZ)Ljava/lang/Object; @ 94
Event: 0.866 Thread 0x000000002038e800 Uncommon trap: reason=unstable_if action=reinterpret pc=0x0000000002a9cb5c method=sun.net.www.ParseUtil.encodePath(Ljava/lang/String;Z)Ljava/lang/String; @ 109
Event: 0.872 Thread 0x000000002038e800 Uncommon trap: reason=unstable_if action=reinterpret pc=0x0000000002adf2ec method=java.lang.String.indexOf([CII[CIII)I @ 3

Internal exceptions (10 events):
Event: 0.548 Thread 0x000000002038e800 Exception <a 'java/lang/ArrayIndexOutOfBoundsException'> (0x0000000756aefba8) thrown at [C:\re\workspace\8-2-build-windows-amd64-cygwin\jdk8u144\9417\hotspot\src\share\vm\runtime\sharedRuntime.cpp, line 605]
Event: 0.549 Thread 0x000000002038e800 Exception <a 'java/lang/ArrayIndexOutOfBoundsException'> (0x0000000756af06f0) thrown at [C:\re\workspace\8-2-build-windows-amd64-cygwin\jdk8u144\9417\hotspot\src\share\vm\runtime\sharedRuntime.cpp, line 605]
Event: 0.549 Thread 0x000000002038e800 Exception <a 'java/lang/ArrayIndexOutOfBoundsException'> (0x0000000756af1a98) thrown at [C:\re\workspace\8-2-build-windows-amd64-cygwin\jdk8u144\9417\hotspot\src\share\vm\runtime\sharedRuntime.cpp, line 605]
Event: 0.549 Thread 0x000000002038e800 Exception <a 'java/lang/ArrayIndexOutOfBoundsException'> (0x0000000756af3da8) thrown at [C:\re\workspace\8-2-build-windows-amd64-cygwin\jdk8u144\9417\hotspot\src\share\vm\runtime\sharedRuntime.cpp, line 605]
Event: 0.549 Thread 0x000000002038e800 Exception <a 'java/lang/ArrayIndexOutOfBoundsException'> (0x0000000756af4c40) thrown at [C:\re\workspace\8-2-build-windows-amd64-cygwin\jdk8u144\9417\hotspot\src\share\vm\runtime\sharedRuntime.cpp, line 605]
Event: 0.577 Thread 0x000000002038e800 Exception <a 'java/lang/ArrayIndexOutOfBoundsException'> (0x0000000756c0ad20) thrown at [C:\re\workspace\8-2-build-windows-amd64-cygwin\jdk8u144\9417\hotspot\src\share\vm\runtime\sharedRuntime.cpp, line 605]
Event: 0.642 Thread 0x000000002038e800 Implicit null exception at 0x0000000002addab5 to 0x0000000002addcdd
Event: 0.663 Thread 0x000000002038e800 Exception <a 'java/lang/ArrayIndexOutOfBoundsException'> (0x0000000756fcb3f0) thrown at [C:\re\workspace\8-2-build-windows-amd64-cygwin\jdk8u144\9417\hotspot\src\share\vm\runtime\sharedRuntime.cpp, line 605]
Event: 0.683 Thread 0x000000002038e800 Exception <a 'java/lang/ArrayIndexOutOfBoundsException'> (0x0000000757082f78) thrown at [C:\re\workspace\8-2-build-windows-amd64-cygwin\jdk8u144\9417\hotspot\src\share\vm\runtime\sharedRuntime.cpp, line 605]
Event: 0.685 Thread 0x000000002038e800 Exception <a 'java/lang/ArrayIndexOutOfBoundsException'> (0x0000000757094c00) thrown at [C:\re\workspace\8-2-build-windows-amd64-cygwin\jdk8u144\9417\hotspot\src\share\vm\runtime\sharedRuntime.cpp, line 605]

Events (10 events):
Event: 2.963 loading class java/nio/HeapLongBuffer
Event: 2.963 loading class java/nio/HeapLongBuffer done
Event: 2.963 loading class org/jocl/cl_context_properties
Event: 2.963 loading class org/jocl/cl_context_properties done
Event: 2.963 loading class org/jocl/cl_abstract_properties
Event: 2.963 loading class org/jocl/cl_abstract_properties done
Event: 2.964 loading class wrapper/core/CContext
Event: 2.964 loading class wrapper/core/CContext done
Event: 2.964 loading class wrapper/core/CResourceFactory
Event: 2.964 loading class wrapper/core/CResourceFactory done


Dynamic libraries:
0x00007ff7d2080000 - 0x00007ff7d20b7000 	C:\Program Files\Java\jdk1.8.0_144\bin\java.exe
0x00007ffe1ef20000 - 0x00007ffe1f110000 	C:\WINDOWS\SYSTEM32\ntdll.dll
0x00007ffe1d320000 - 0x00007ffe1d3d2000 	C:\WINDOWS\System32\KERNEL32.DLL
0x00007ffe1bf90000 - 0x00007ffe1c233000 	C:\WINDOWS\System32\KERNELBASE.dll
0x00007ffe1daa0000 - 0x00007ffe1db43000 	C:\WINDOWS\System32\ADVAPI32.dll
0x00007ffe1d280000 - 0x00007ffe1d31e000 	C:\WINDOWS\System32\msvcrt.dll
0x00007ffe1d030000 - 0x00007ffe1d0c7000 	C:\WINDOWS\System32\sechost.dll
0x00007ffe1e500000 - 0x00007ffe1e620000 	C:\WINDOWS\System32\RPCRT4.dll
0x00007ffe1e360000 - 0x00007ffe1e4f4000 	C:\WINDOWS\System32\USER32.dll
0x00007ffe1bf60000 - 0x00007ffe1bf81000 	C:\WINDOWS\System32\win32u.dll
0x00007ffe1da70000 - 0x00007ffe1da96000 	C:\WINDOWS\System32\GDI32.dll
0x00007ffe1cd50000 - 0x00007ffe1cee4000 	C:\WINDOWS\System32\gdi32full.dll
0x00007ffe1c530000 - 0x00007ffe1c5ce000 	C:\WINDOWS\System32\msvcp_win.dll
0x00007ffe1c430000 - 0x00007ffe1c52a000 	C:\WINDOWS\System32\ucrtbase.dll
0x00007ffe0de90000 - 0x00007ffe0e115000 	C:\WINDOWS\WinSxS\amd64_microsoft.windows.common-controls_6595b64144ccf1df_6.0.18362.778_none_e6c6b761130d4fb8\COMCTL32.dll
0x00007ffe1de10000 - 0x00007ffe1e146000 	C:\WINDOWS\System32\combase.dll
0x00007ffe1cef0000 - 0x00007ffe1cf70000 	C:\WINDOWS\System32\bcryptPrimitives.dll
0x00007ffe1dd60000 - 0x00007ffe1dd8e000 	C:\WINDOWS\System32\IMM32.DLL
0x0000000062740000 - 0x0000000062812000 	C:\Program Files\Java\jdk1.8.0_144\jre\bin\msvcr100.dll
0x0000000062820000 - 0x00000000630bd000 	C:\Program Files\Java\jdk1.8.0_144\jre\bin\server\jvm.dll
0x00007ffe1d3e0000 - 0x00007ffe1d3e8000 	C:\WINDOWS\System32\PSAPI.DLL
0x00007ffe16ea0000 - 0x00007ffe16ea9000 	C:\WINDOWS\SYSTEM32\WSOCK32.dll
0x00007ffe19d60000 - 0x00007ffe19d84000 	C:\WINDOWS\SYSTEM32\WINMM.dll
0x00007ffe0e820000 - 0x00007ffe0e82a000 	C:\WINDOWS\SYSTEM32\VERSION.dll
0x00007ffe1e220000 - 0x00007ffe1e28f000 	C:\WINDOWS\System32\WS2_32.dll
0x00007ffe19d30000 - 0x00007ffe19d5d000 	C:\WINDOWS\SYSTEM32\winmmbase.dll
0x00007ffe1c3c0000 - 0x00007ffe1c40a000 	C:\WINDOWS\System32\cfgmgr32.dll
0x00000000626f0000 - 0x00000000626ff000 	C:\Program Files\Java\jdk1.8.0_144\jre\bin\verify.dll
0x00000000626c0000 - 0x00000000626e9000 	C:\Program Files\Java\jdk1.8.0_144\jre\bin\java.dll
0x00000000626a0000 - 0x00000000626b6000 	C:\Program Files\Java\jdk1.8.0_144\jre\bin\zip.dll
0x00007ffe1e6a0000 - 0x00007ffe1ed85000 	C:\WINDOWS\System32\SHELL32.dll
0x00007ffe1d860000 - 0x00007ffe1d909000 	C:\WINDOWS\System32\shcore.dll
0x00007ffe1c5d0000 - 0x00007ffe1cd50000 	C:\WINDOWS\System32\windows.storage.dll
0x00007ffe1be60000 - 0x00007ffe1be83000 	C:\WINDOWS\System32\profapi.dll
0x00007ffe1bdf0000 - 0x00007ffe1be3a000 	C:\WINDOWS\System32\powrprof.dll
0x00007ffe1bde0000 - 0x00007ffe1bdf0000 	C:\WINDOWS\System32\UMPDC.dll
0x00007ffe1cfd0000 - 0x00007ffe1d022000 	C:\WINDOWS\System32\shlwapi.dll
0x00007ffe1be40000 - 0x00007ffe1be51000 	C:\WINDOWS\System32\kernel.appcore.dll
0x00007ffe1c410000 - 0x00007ffe1c427000 	C:\WINDOWS\System32\cryptsp.dll
0x00007ffdf1840000 - 0x00007ffdf192f000 	C:\Program Files\Java\jdk1.8.0_144\jre\bin\msvcr120.dll
0x00007ffdf1790000 - 0x00007ffdf1836000 	C:\Program Files\Java\jdk1.8.0_144\jre\bin\msvcp120.dll
0x0000000061f80000 - 0x0000000061fa2000 	C:\Program Files\Java\jdk1.8.0_144\jre\bin\prism_d3d.dll
0x00007ffdeee60000 - 0x00007ffdef027000 	C:\WINDOWS\system32\d3d9.dll
0x00007ffe1a580000 - 0x00007ffe1a5ad000 	C:\WINDOWS\SYSTEM32\dwmapi.dll
0x00007ffe1aac0000 - 0x00007ffe1aae0000 	C:\WINDOWS\SYSTEM32\dxcore.dll
0x00007ffe1a160000 - 0x00007ffe1a1f9000 	C:\WINDOWS\system32\uxtheme.dll
0x00007ffdf15d0000 - 0x00007ffdf1790000 	C:\WINDOWS\System32\DriverStore\FileRepository\igdlh64.inf_amd64_d03105a152ac7ed4\igdumdim64.dll
0x00007ffe116e0000 - 0x00007ffe11832000 	C:\WINDOWS\System32\DriverStore\FileRepository\igdlh64.inf_amd64_d03105a152ac7ed4\igdgmm64.dll
0x0000000061f30000 - 0x0000000061f73000 	C:\Program Files\Java\jdk1.8.0_144\jre\bin\glass.dll
0x00007ffe1e150000 - 0x00007ffe1e220000 	C:\WINDOWS\System32\COMDLG32.dll
0x00007ffe1d910000 - 0x00007ffe1da67000 	C:\WINDOWS\System32\ole32.dll
0x00007ffe1e290000 - 0x00007ffe1e354000 	C:\WINDOWS\System32\OLEAUT32.dll
0x00007ffe1ed90000 - 0x00007ffe1eec6000 	C:\WINDOWS\System32\MSCTF.dll
0x00007ffdae050000 - 0x00007ffdb1c2b000 	C:\WINDOWS\System32\DriverStore\FileRepository\igdlh64.inf_amd64_d03105a152ac7ed4\igd9dxva64.dll
0x00007ffe05e50000 - 0x00007ffe05e72000 	C:\WINDOWS\System32\DriverStore\FileRepository\igdlh64.inf_amd64_d03105a152ac7ed4\igdinfo64.dll
0x00007ffe0f1d0000 - 0x00007ffe11526000 	C:\WINDOWS\System32\DriverStore\FileRepository\igdlh64.inf_amd64_d03105a152ac7ed4\igc64.dll
0x0000000061f10000 - 0x0000000061f24000 	C:\Program Files\Java\jdk1.8.0_144\jre\bin\javafx_font.dll
0x00007ffe09090000 - 0x00007ffe0938e000 	C:\WINDOWS\SYSTEM32\dwrite.dll
0x0000000062680000 - 0x000000006269a000 	C:\Program Files\Java\jdk1.8.0_144\jre\bin\net.dll
0x00007ffe1b5f0000 - 0x00007ffe1b657000 	C:\WINDOWS\system32\mswsock.dll
0x0000000062660000 - 0x0000000062671000 	C:\Program Files\Java\jdk1.8.0_144\jre\bin\nio.dll
0x00007ffe0a3b0000 - 0x00007ffe0a3ed000 	C:\Users\user\AppData\Local\Temp\JOCL_2_0_0-windows-x86_64.dll
0x00007ffe1b7c0000 - 0x00007ffe1b7cc000 	C:\WINDOWS\SYSTEM32\CRYPTBASE.DLL
0x00007ffdf0af0000 - 0x00007ffdf0b0d000 	C:\WINDOWS\SYSTEM32\OpenCL.dll
0x00007ffdf6760000 - 0x00007ffdf68d2000 	C:\WINDOWS\System32\DriverStore\FileRepository\igdlh64.inf_amd64_d03105a152ac7ed4\IntelOpenCL64.dll
0x00007ffe1d3f0000 - 0x00007ffe1d860000 	C:\WINDOWS\System32\SETUPAPI.DLL
0x00007ffe1c390000 - 0x00007ffe1c3b6000 	C:\WINDOWS\System32\bcrypt.dll
0x00007ffe1aae0000 - 0x00007ffe1abcb000 	C:\WINDOWS\SYSTEM32\dxgi.dll
0x00007ffdf6510000 - 0x00007ffdf6666000 	C:\WINDOWS\System32\DriverStore\FileRepository\igdlh64.inf_amd64_d03105a152ac7ed4\ocl\bin\x64\intelocl64.dll
0x00007ffe064c0000 - 0x00007ffe0652f000 	C:\WINDOWS\System32\DriverStore\FileRepository\igdlh64.inf_amd64_d03105a152ac7ed4\ocl\bin\x64\task_executor64.dll
0x00007ffdf66d0000 - 0x00007ffdf6758000 	C:\WINDOWS\System32\DriverStore\FileRepository\igdlh64.inf_amd64_d03105a152ac7ed4\ocl\bin\x64\cpu_device64.dll
0x00007ffddf010000 - 0x00007ffddf417000 	C:\WINDOWS\System32\DriverStore\FileRepository\igdlh64.inf_amd64_d03105a152ac7ed4\igdrcl64.dll
0x00007ffdf6440000 - 0x00007ffdf6502000 	C:\WINDOWS\System32\DriverStore\FileRepository\igdlh64.inf_amd64_d03105a152ac7ed4\igdfcl64.dll
0x00007ffdc2810000 - 0x00007ffdc5f2b000 	C:\WINDOWS\System32\DriverStore\FileRepository\c0346830.inf_amd64_f723e13ffb3b2652\B345901\amdocl64.dll
0x00007ffe05bc0000 - 0x00007ffe05d16000 	C:\WINDOWS\SYSTEM32\OPENGL32.dll
0x00007ffe0eee0000 - 0x00007ffe0ef0c000 	C:\WINDOWS\SYSTEM32\GLU32.dll
0x00007ffdf6290000 - 0x00007ffdf6438000 	C:\WINDOWS\System32\DriverStore\FileRepository\c0346830.inf_amd64_f723e13ffb3b2652\B345901\atiadlxx.dll
0x00007ffe187a0000 - 0x00007ffe1888f000 	C:\WINDOWS\SYSTEM32\PROPSYS.dll
0x00007ffe1bbe0000 - 0x00007ffe1bc0a000 	C:\WINDOWS\SYSTEM32\DEVOBJ.dll
0x00007ffe1cf70000 - 0x00007ffe1cfcc000 	C:\WINDOWS\System32\WINTRUST.dll
0x00007ffe1be90000 - 0x00007ffe1bea2000 	C:\WINDOWS\System32\MSASN1.dll
0x00007ffe1c240000 - 0x00007ffe1c389000 	C:\WINDOWS\System32\CRYPT32.dll
0x00007ffe09f20000 - 0x00007ffe09f59000 	C:\WINDOWS\SYSTEM32\atig6txx.dll
0x00007ffdd6510000 - 0x00007ffdd7fb9000 	C:\WINDOWS\System32\DriverStore\FileRepository\c0346830.inf_amd64_f723e13ffb3b2652\B345901\amdocl12cl64.dll
0x00007ffe0e9a0000 - 0x00007ffe0eb94000 	C:\WINDOWS\SYSTEM32\dbghelp.dll

VM Arguments:
jvm_args: -Dfile.encoding=UTF-8 -Xmx5120m 
java_command: cl.main.Main
java_class_path (initial): C:\Users\user\Documents\Java\JOCL\JOCL-structs-0.0.1a-alpha.jar;C:\Users\user\Documents\Java\JOCL\jocl-2.0.0.jar;C:\Users\user\Documents\GitHub\Coordinate\build\classes;C:\Users\user\Documents\GitHub\JOCLWrapper\build\classes;C:\Users\user\Documents\GitHub\FileSystem\build\classes;C:\Users\user\Documents\GitHub\MultiThreadLibrary\build\classes;C:\Users\user\Documents\GitHub\Bitmap\build\classes;C:\Users\user\Documents\GitHub\MambaTracer\build\classes
Launcher Type: SUN_STANDARD

Environment Variables:
PATH=C:\Program Files (x86)\Common Files\Oracle\Java\javapath;C:\ProgramData\Oracle\Java\javapath;C:\WINDOWS\system32;C:\WINDOWS;C:\WINDOWS\System32\Wbem;C:\WINDOWS\System32\WindowsPowerShell\v1.0\;C:\Program Files\LuxRender;C:\WINDOWS\System32\OpenSSH\;C:\Users\user\AppData\Local\Microsoft\WindowsApps;C:\Users\user\AppData\Local\GitHubDesktop\bin;%USERPROFILE%\AppData\Local\Microsoft\WindowsApps;
USERNAME=user
OS=Windows_NT
PROCESSOR_IDENTIFIER=Intel64 Family 6 Model 94 Stepping 3, GenuineIntel



---------------  S Y S T E M  ---------------

OS: Windows 10.0 , 64 bit Build 18362 (10.0.18362.778)

CPU:total 4 (initial active 4) (4 cores per cpu, 1 threads per core) family 6 model 94 stepping 3, cmov, cx8, fxsr, mmx, sse, sse2, sse3, ssse3, sse4.1, sse4.2, popcnt, avx, avx2, aes, clmul, erms, 3dnowpref, lzcnt, tsc, tscinvbit, bmi1, bmi2, adx

Memory: 4k page, physical 16633860k(8594784k free), swap 19124228k(6154052k free)

vm_info: Java HotSpot(TM) 64-Bit Server VM (25.144-b01) for windows-amd64 JRE (1.8.0_144-b01), built on Jul 21 2017 21:57:33 by "java_re" with MS VC++ 10.0 (VS2010)

time: Tue May 05 21:36:31 2020
elapsed time: 3 seconds (0d 0h 0m 3s)

