#
# A fatal error has been detected by the Java Runtime Environment:
#
#  EXCEPTION_ACCESS_VIOLATION (0xc0000005) at pc=0x00007ff8b0bb9e0c, pid=5040, tid=0x0000000000000954
#
# JRE version: Java(TM) SE Runtime Environment (8.0_144-b01) (build 1.8.0_144-b01)
# Java VM: Java HotSpot(TM) 64-Bit Server VM (25.144-b01 mixed mode windows-amd64 compressed oops)
# Problematic frame:
# C  [igdrcl64.dll+0x1d9e0c]
#
# Failed to write core dump. Minidumps are not enabled by default on client versions of Windows
#
# If you would like to submit a bug report, please visit:
#   http://bugreport.java.com/bugreport/crash.jsp
# The crash happened outside the Java Virtual Machine in native code.
# See problematic frame for where to report the bug.
#

---------------  T H R E A D  ---------------

Current thread (0x0000000018442800):  JavaThread "Thread-6" [_thread_in_native, id=2388, stack(0x000000002fb70000,0x000000002fc70000)]

siginfo: ExceptionCode=0xc0000005, reading address 0x000000002db00000

Registers:
RAX=0x00000000006acfc4, RBX=0x000000002fc6cd50, RCX=0x0000000000600004, RDX=0x00000000006acfc4
RSP=0x000000002fc6cc80, RBP=0x000000002fc6cd10, RSI=0x000000002db00000, RDI=0x0000000000600000
R8 =0x0000000000600000, R9 =0x0000000000000009, R10=0x0000000000000000, R11=0x0000000000000246
R12=0x0000000000000001, R13=0x0000000000000000, R14=0x00000000213ae9c0, R15=0x000000002fc6ea60
RIP=0x00007ff8b0bb9e0c, EFLAGS=0x0000000000010246

Top of Stack: (sp=0x000000002fc6cc80)
0x000000002fc6cc80:   000000000092c330 00007ff800000000
0x000000002fc6cc90:   0000000000000027 000000002daffff8
0x000000002fc6cca0:   0000000000000000 0000368889d4173d
0x000000002fc6ccb0:   00000000213ae9c0 0000000000000000
0x000000002fc6ccc0:   000000002fc6d730 00007ff8b0b8cc88
0x000000002fc6ccd0:   0000000000000000 00007ff800000000
0x000000002fc6cce0:   0000000021a69420 000000002fc6ce90
0x000000002fc6ccf0:   00000000206682c0 00000000213ae9c0
0x000000002fc6cd00:   fffffffffffffffe 000000002fc6d730
0x000000002fc6cd10:   00007ff8b0c65d68 00007ff8b0a5511d
0x000000002fc6cd20:   0000368889d4174d 0000000000000026
0x000000002fc6cd30:   00000000213ae9c0 000000002fc6ce80
0x000000002fc6cd40:   000000002fc6d700 000000002fc6cd10
0x000000002fc6cd50:   000000002d500000 00000000006acfc4
0x000000002fc6cd60:   00000000206682c0 0060000000000000
0x000000002fc6cd70:   0000368889d4176d 0000000000000000 

Instructions: (pc=0x00007ff8b0bb9e0c)
0x00007ff8b0bb9dec:   0f 87 a7 00 00 00 44 8b c7 8b c2 49 8d 48 04 48
0x00007ff8b0bb9dfc:   3b c8 77 69 48 8b 33 49 03 f0 40 f6 c6 03 75 08
0x00007ff8b0bb9e0c:   8b 06 89 44 24 20 eb 4e 2b d7 8b fa 48 85 f6 74
0x00007ff8b0bb9e1c:   0e 48 83 ff 04 72 08 8b 06 89 44 24 20 eb 37 4c 


Register to memory mapping:

RAX=0x00000000006acfc4 is an unknown value
RBX=0x000000002fc6cd50 is pointing into the stack for thread: 0x0000000018442800
RCX=0x0000000000600004 is an unknown value
RDX=0x00000000006acfc4 is an unknown value
RSP=0x000000002fc6cc80 is pointing into the stack for thread: 0x0000000018442800
RBP=0x000000002fc6cd10 is pointing into the stack for thread: 0x0000000018442800
RSI=0x000000002db00000 is an unknown value
RDI=0x0000000000600000 is an unknown value
R8 =0x0000000000600000 is an unknown value
R9 =0x0000000000000009 is an unknown value
R10=0x0000000000000000 is an unknown value
R11=0x0000000000000246 is an unknown value
R12=0x0000000000000001 is an unknown value
R13=0x0000000000000000 is an unknown value
R14=0x00000000213ae9c0 is an unknown value
R15=0x000000002fc6ea60 is pointing into the stack for thread: 0x0000000018442800


Stack: [0x000000002fb70000,0x000000002fc70000],  sp=0x000000002fc6cc80,  free space=1011k
Native frames: (J=compiled Java code, j=interpreted, Vv=VM code, C=native code)
C  [igdrcl64.dll+0x1d9e0c]
C  [igdrcl64.dll+0x1acc88]
C  [igdrcl64.dll+0xc942e]
C  [igdrcl64.dll+0xc846f]
C  [igdrcl64.dll+0xed8ce]
C  [igdrcl64.dll+0x23846]
C  [JOCL_2_0_0-windows-x86_64.dll+0x872f]
C  0x00000000027c7f74

Java frames: (J=compiled Java code, j=interpreted, Vv=VM code)
j  org.jocl.CL.clEnqueueNDRangeKernelNative(Lorg/jocl/cl_command_queue;Lorg/jocl/cl_kernel;I[J[J[JI[Lorg/jocl/cl_event;Lorg/jocl/cl_event;)I+0
j  org.jocl.CL.clEnqueueNDRangeKernel(Lorg/jocl/cl_command_queue;Lorg/jocl/cl_kernel;I[J[J[JI[Lorg/jocl/cl_event;Lorg/jocl/cl_event;)I+14
j  wrapper.core.CCommandQueue.put1DRangeKernel(Lwrapper/core/CKernel;JJ)Lwrapper/core/CCommandQueue;+28
j  wrapper.core.OpenCLPlatform.executeKernel1D(Lwrapper/core/CKernel;JJ)V+8
j  test.minimaltracer.SDeviceGI.updateImage()V+18
j  test.minimaltracer.SDeviceGI.loop()V+149
j  test.minimaltracer.SDeviceGI.lambda$start$0()V+1
j  test.minimaltracer.SDeviceGI$$Lambda$176.run()V+4
j  thread.model.LambdaThread.run()V+4
j  java.lang.Thread.run()V+11
v  ~StubRoutines::call_stub

---------------  P R O C E S S  ---------------

Java Threads: ( => current thread )
=>0x0000000018442800 JavaThread "Thread-6" [_thread_in_native, id=2388, stack(0x000000002fb70000,0x000000002fc70000)]
  0x00000000183ea000 JavaThread "Prism Font Disposer" daemon [_thread_blocked, id=9524, stack(0x000000002c260000,0x000000002c360000)]
  0x00000000183c6000 JavaThread "Thread-5" [_thread_blocked, id=8316, stack(0x0000000023f40000,0x0000000024040000)]
  0x0000000017fe1800 JavaThread "Thread-3" daemon [_thread_in_native, id=6840, stack(0x000000001f5e0000,0x000000001f6e0000)]
  0x0000000017fe0000 JavaThread "JavaFX-Launcher" [_thread_blocked, id=1704, stack(0x000000001f6e0000,0x000000001f7e0000)]
  0x0000000017f24000 JavaThread "JavaFX Application Thread" [_thread_in_native, id=3836, stack(0x0000000018d10000,0x0000000018e10000)]
  0x0000000017f23000 JavaThread "Thread-1" daemon [_thread_blocked, id=7116, stack(0x0000000018c10000,0x0000000018d10000)]
  0x0000000017cfe000 JavaThread "QuantumRenderer-0" daemon [_thread_blocked, id=4680, stack(0x0000000018720000,0x0000000018820000)]
  0x000000001602e800 JavaThread "Service Thread" daemon [_thread_blocked, id=5416, stack(0x0000000017d20000,0x0000000017e20000)]
  0x0000000015fd6800 JavaThread "C1 CompilerThread2" daemon [_thread_blocked, id=9692, stack(0x0000000017820000,0x0000000017920000)]
  0x0000000015fd1800 JavaThread "C2 CompilerThread1" daemon [_thread_blocked, id=2020, stack(0x0000000017720000,0x0000000017820000)]
  0x0000000015fce000 JavaThread "C2 CompilerThread0" daemon [_thread_blocked, id=2580, stack(0x0000000017620000,0x0000000017720000)]
  0x0000000015fcd000 JavaThread "Attach Listener" daemon [_thread_blocked, id=6084, stack(0x0000000017520000,0x0000000017620000)]
  0x0000000015fcb800 JavaThread "Signal Dispatcher" daemon [_thread_blocked, id=3300, stack(0x0000000017420000,0x0000000017520000)]
  0x0000000015fba800 JavaThread "Finalizer" daemon [_thread_blocked, id=7244, stack(0x0000000017220000,0x0000000017320000)]
  0x00000000027a1000 JavaThread "Reference Handler" daemon [_thread_blocked, id=9120, stack(0x0000000017120000,0x0000000017220000)]
  0x00000000026b0800 JavaThread "main" [_thread_blocked, id=7144, stack(0x0000000002540000,0x0000000002640000)]

Other Threads:
  0x0000000015f96800 VMThread [stack: 0x0000000017020000,0x0000000017120000] [id=3792]
  0x000000001796d800 WatcherThread [stack: 0x0000000017e20000,0x0000000017f20000] [id=5732]

VM state:not at safepoint (normal execution)

VM Mutex/Monitor currently owned by a thread: None

Heap:
 PSYoungGen      total 75776K, used 37418K [0x00000000e0c00000, 0x00000000e9c80000, 0x0000000100000000)
  eden space 65024K, 57% used [0x00000000e0c00000,0x00000000e308aba0,0x00000000e4b80000)
  from space 10752K, 0% used [0x00000000e4b80000,0x00000000e4b80000,0x00000000e5600000)
  to   space 10752K, 0% used [0x00000000e9200000,0x00000000e9200000,0x00000000e9c80000)
 ParOldGen       total 344064K, used 124423K [0x00000000a2400000, 0x00000000b7400000, 0x00000000e0c00000)
  object space 344064K, 36% used [0x00000000a2400000,0x00000000a9d81ff8,0x00000000b7400000)
 Metaspace       used 15806K, capacity 16510K, committed 16768K, reserved 1062912K
  class space    used 2132K, capacity 2316K, committed 2432K, reserved 1048576K

Card table byte_map: [0x0000000011b70000,0x0000000011e60000] byte_map_base: 0x000000001165e000

Marking Bits: (ParMarkBitMap*) 0x0000000067c2d850
 Begin Bits: [0x0000000012460000, 0x0000000013bd0000)
 End Bits:   [0x0000000013bd0000, 0x0000000015340000)

Polling page: 0x0000000000820000

CodeCache: size=245760Kb used=4813Kb max_used=4813Kb free=240946Kb
 bounds [0x00000000027b0000, 0x0000000002c70000, 0x00000000117b0000]
 total_blobs=2095 nmethods=1438 adapters=569
 compilation: enabled

Compilation events (10 events):
Event: 22.071 Thread 0x0000000015fd6800 1434       1       java.util.EventObject::getSource (5 bytes)
Event: 22.071 Thread 0x0000000015fd6800 nmethod 1434 0x0000000002c62690 code [0x0000000002c627e0, 0x0000000002c628f0]
Event: 23.604 Thread 0x0000000015fd6800 1435       3       com.sun.javafx.event.EventHandlerManager::dispatchCapturingEvent (23 bytes)
Event: 23.605 Thread 0x0000000015fd6800 nmethod 1435 0x0000000002c62950 code [0x0000000002c62b20, 0x0000000002c63478]
Event: 23.859 Thread 0x0000000015fd6800 1436       3       com.sun.javafx.geom.transform.Translate2D::inverseTransform (48 bytes)
Event: 23.860 Thread 0x0000000015fd6800 nmethod 1436 0x0000000002c637d0 code [0x0000000002c63940, 0x0000000002c63c30]
Event: 23.872 Thread 0x0000000015fd6800 1437       3       java.util.concurrent.atomic.AtomicBoolean::getAndSet (16 bytes)
Event: 23.872 Thread 0x0000000015fd6800 nmethod 1437 0x0000000002c63d90 code [0x0000000002c63f00, 0x0000000002c643d0]
Event: 23.934 Thread 0x0000000015fd6800 1438       3       java.util.concurrent.locks.ReentrantLock$Sync::isHeldExclusively (16 bytes)
Event: 23.934 Thread 0x0000000015fd6800 nmethod 1438 0x0000000002c64510 code [0x0000000002c64660, 0x0000000002c648b0]

GC Heap History (10 events):
Event: 1.857 GC heap before
{Heap before GC invocations=1 (full 0):
 PSYoungGen      total 75776K, used 46657K [0x00000000e0c00000, 0x00000000e6080000, 0x0000000100000000)
  eden space 65024K, 71% used [0x00000000e0c00000,0x00000000e3990648,0x00000000e4b80000)
  from space 10752K, 0% used [0x00000000e5600000,0x00000000e5600000,0x00000000e6080000)
  to   space 10752K, 0% used [0x00000000e4b80000,0x00000000e4b80000,0x00000000e5600000)
 ParOldGen       total 173568K, used 0K [0x00000000a2400000, 0x00000000acd80000, 0x00000000e0c00000)
  object space 173568K, 0% used [0x00000000a2400000,0x00000000a2400000,0x00000000acd80000)
 Metaspace       used 11629K, capacity 12068K, committed 12416K, reserved 1060864K
  class space    used 1472K, capacity 1601K, committed 1664K, reserved 1048576K
Event: 1.873 GC heap after
Heap after GC invocations=1 (full 0):
 PSYoungGen      total 75776K, used 5233K [0x00000000e0c00000, 0x00000000e6080000, 0x0000000100000000)
  eden space 65024K, 0% used [0x00000000e0c00000,0x00000000e0c00000,0x00000000e4b80000)
  from space 10752K, 48% used [0x00000000e4b80000,0x00000000e509c4d0,0x00000000e5600000)
  to   space 10752K, 0% used [0x00000000e5600000,0x00000000e5600000,0x00000000e6080000)
 ParOldGen       total 173568K, used 39142K [0x00000000a2400000, 0x00000000acd80000, 0x00000000e0c00000)
  object space 173568K, 22% used [0x00000000a2400000,0x00000000a4a39a30,0x00000000acd80000)
 Metaspace       used 11629K, capacity 12068K, committed 12416K, reserved 1060864K
  class space    used 1472K, capacity 1601K, committed 1664K, reserved 1048576K
}
Event: 1.948 GC heap before
{Heap before GC invocations=2 (full 0):
 PSYoungGen      total 75776K, used 56558K [0x00000000e0c00000, 0x00000000e6080000, 0x0000000100000000)
  eden space 65024K, 78% used [0x00000000e0c00000,0x00000000e3e1f388,0x00000000e4b80000)
  from space 10752K, 48% used [0x00000000e4b80000,0x00000000e509c4d0,0x00000000e5600000)
  to   space 10752K, 0% used [0x00000000e5600000,0x00000000e5600000,0x00000000e6080000)
 ParOldGen       total 173568K, used 39142K [0x00000000a2400000, 0x00000000acd80000, 0x00000000e0c00000)
  object space 173568K, 22% used [0x00000000a2400000,0x00000000a4a39a30,0x00000000acd80000)
 Metaspace       used 12125K, capacity 12682K, committed 12928K, reserved 1060864K
  class space    used 1521K, capacity 1660K, committed 1664K, reserved 1048576K
Event: 1.972 GC heap after
Heap after GC invocations=2 (full 0):
 PSYoungGen      total 75776K, used 10724K [0x00000000e0c00000, 0x00000000ea000000, 0x0000000100000000)
  eden space 65024K, 0% used [0x00000000e0c00000,0x00000000e0c00000,0x00000000e4b80000)
  from space 10752K, 99% used [0x00000000e5600000,0x00000000e6079290,0x00000000e6080000)
  to   space 10752K, 0% used [0x00000000e4b80000,0x00000000e4b80000,0x00000000e5600000)
 ParOldGen       total 173568K, used 119497K [0x00000000a2400000, 0x00000000acd80000, 0x00000000e0c00000)
  object space 173568K, 68% used [0x00000000a2400000,0x00000000a98b2718,0x00000000acd80000)
 Metaspace       used 12125K, capacity 12682K, committed 12928K, reserved 1060864K
  class space    used 1521K, capacity 1660K, committed 1664K, reserved 1048576K
}
Event: 1.972 GC heap before
{Heap before GC invocations=3 (full 1):
 PSYoungGen      total 75776K, used 10724K [0x00000000e0c00000, 0x00000000ea000000, 0x0000000100000000)
  eden space 65024K, 0% used [0x00000000e0c00000,0x00000000e0c00000,0x00000000e4b80000)
  from space 10752K, 99% used [0x00000000e5600000,0x00000000e6079290,0x00000000e6080000)
  to   space 10752K, 0% used [0x00000000e4b80000,0x00000000e4b80000,0x00000000e5600000)
 ParOldGen       total 173568K, used 119497K [0x00000000a2400000, 0x00000000acd80000, 0x00000000e0c00000)
  object space 173568K, 68% used [0x00000000a2400000,0x00000000a98b2718,0x00000000acd80000)
 Metaspace       used 12125K, capacity 12682K, committed 12928K, reserved 1060864K
  class space    used 1521K, capacity 1660K, committed 1664K, reserved 1048576K
Event: 1.992 GC heap after
Heap after GC invocations=3 (full 1):
 PSYoungGen      total 75776K, used 0K [0x00000000e0c00000, 0x00000000ea000000, 0x0000000100000000)
  eden space 65024K, 0% used [0x00000000e0c00000,0x00000000e0c00000,0x00000000e4b80000)
  from space 10752K, 0% used [0x00000000e5600000,0x00000000e5600000,0x00000000e6080000)
  to   space 10752K, 0% used [0x00000000e4b80000,0x00000000e4b80000,0x00000000e5600000)
 ParOldGen       total 232448K, used 71555K [0x00000000a2400000, 0x00000000b0700000, 0x00000000e0c00000)
  object space 232448K, 30% used [0x00000000a2400000,0x00000000a69e0cc8,0x00000000b0700000)
 Metaspace       used 12125K, capacity 12682K, committed 12928K, reserved 1060864K
  class space    used 1521K, capacity 1660K, committed 1664K, reserved 1048576K
}
Event: 2.021 GC heap before
{Heap before GC invocations=4 (full 1):
 PSYoungGen      total 75776K, used 53138K [0x00000000e0c00000, 0x00000000ea000000, 0x0000000100000000)
  eden space 65024K, 81% used [0x00000000e0c00000,0x00000000e3fe4838,0x00000000e4b80000)
  from space 10752K, 0% used [0x00000000e5600000,0x00000000e5600000,0x00000000e6080000)
  to   space 10752K, 0% used [0x00000000e4b80000,0x00000000e4b80000,0x00000000e5600000)
 ParOldGen       total 232448K, used 71555K [0x00000000a2400000, 0x00000000b0700000, 0x00000000e0c00000)
  object space 232448K, 30% used [0x00000000a2400000,0x00000000a69e0cc8,0x00000000b0700000)
 Metaspace       used 12147K, capacity 12712K, committed 13056K, reserved 1060864K
  class space    used 1526K, capacity 1669K, committed 1792K, reserved 1048576K
Event: 2.038 GC heap after
Heap after GC invocations=4 (full 1):
 PSYoungGen      total 75776K, used 2240K [0x00000000e0c00000, 0x00000000e9c80000, 0x0000000100000000)
  eden space 65024K, 0% used [0x00000000e0c00000,0x00000000e0c00000,0x00000000e4b80000)
  from space 10752K, 20% used [0x00000000e4b80000,0x00000000e4db0020,0x00000000e5600000)
  to   space 10752K, 0% used [0x00000000e9200000,0x00000000e9200000,0x00000000e9c80000)
 ParOldGen       total 232448K, used 173117K [0x00000000a2400000, 0x00000000b0700000, 0x00000000e0c00000)
  object space 232448K, 74% used [0x00000000a2400000,0x00000000acd0f708,0x00000000b0700000)
 Metaspace       used 12147K, capacity 12712K, committed 13056K, reserved 1060864K
  class space    used 1526K, capacity 1669K, committed 1792K, reserved 1048576K
}
Event: 2.038 GC heap before
{Heap before GC invocations=5 (full 2):
 PSYoungGen      total 75776K, used 2240K [0x00000000e0c00000, 0x00000000e9c80000, 0x0000000100000000)
  eden space 65024K, 0% used [0x00000000e0c00000,0x00000000e0c00000,0x00000000e4b80000)
  from space 10752K, 20% used [0x00000000e4b80000,0x00000000e4db0020,0x00000000e5600000)
  to   space 10752K, 0% used [0x00000000e9200000,0x00000000e9200000,0x00000000e9c80000)
 ParOldGen       total 232448K, used 173117K [0x00000000a2400000, 0x00000000b0700000, 0x00000000e0c00000)
  object space 232448K, 74% used [0x00000000a2400000,0x00000000acd0f708,0x00000000b0700000)
 Metaspace       used 12147K, capacity 12712K, committed 13056K, reserved 1060864K
  class space    used 1526K, capacity 1669K, committed 1792K, reserved 1048576K
Event: 2.050 GC heap after
Heap after GC invocations=5 (full 2):
 PSYoungGen      total 75776K, used 0K [0x00000000e0c00000, 0x00000000e9c80000, 0x0000000100000000)
  eden space 65024K, 0% used [0x00000000e0c00000,0x00000000e0c00000,0x00000000e4b80000)
  from space 10752K, 0% used [0x00000000e4b80000,0x00000000e4b80000,0x00000000e5600000)
  to   space 10752K, 0% used [0x00000000e9200000,0x00000000e9200000,0x00000000e9c80000)
 ParOldGen       total 344064K, used 124423K [0x00000000a2400000, 0x00000000b7400000, 0x00000000e0c00000)
  object space 344064K, 36% used [0x00000000a2400000,0x00000000a9d81ff8,0x00000000b7400000)
 Metaspace       used 12147K, capacity 12712K, committed 13056K, reserved 1060864K
  class space    used 1526K, capacity 1669K, committed 1792K, reserved 1048576K
}

Deoptimization events (10 events):
Event: 2.167 Thread 0x0000000017f24000 Uncommon trap: reason=class_check action=maybe_recompile pc=0x0000000002a43860 method=java.io.DataInputStream.readShort()S @ 4
Event: 2.167 Thread 0x0000000017f24000 Uncommon trap: reason=class_check action=maybe_recompile pc=0x0000000002a43860 method=java.io.DataInputStream.readShort()S @ 4
Event: 2.167 Thread 0x0000000017f24000 Uncommon trap: reason=class_check action=maybe_recompile pc=0x0000000002a43860 method=java.io.DataInputStream.readShort()S @ 4
Event: 2.172 Thread 0x0000000017f24000 Uncommon trap: reason=class_check action=maybe_recompile pc=0x00000000029475f0 method=java.lang.String.equals(Ljava/lang/Object;)Z @ 8
Event: 2.172 Thread 0x0000000017f24000 Uncommon trap: reason=class_check action=maybe_recompile pc=0x00000000029475f0 method=java.lang.String.equals(Ljava/lang/Object;)Z @ 8
Event: 2.172 Thread 0x0000000017f24000 Uncommon trap: reason=class_check action=maybe_recompile pc=0x00000000029475f0 method=java.lang.String.equals(Ljava/lang/Object;)Z @ 8
Event: 2.173 Thread 0x0000000017f24000 Uncommon trap: reason=class_check action=maybe_recompile pc=0x00000000029475f0 method=java.lang.String.equals(Ljava/lang/Object;)Z @ 8
Event: 2.190 Thread 0x0000000017f24000 Uncommon trap: reason=unstable_if action=reinterpret pc=0x0000000002b5fae8 method=java.lang.String.regionMatches(ZILjava/lang/String;II)Z @ 123
Event: 4.473 Thread 0x0000000017f24000 Uncommon trap: reason=unstable_if action=reinterpret pc=0x0000000002bab328 method=jdk.internal.org.objectweb.asm.Type.getArgumentsAndReturnSizes(Ljava/lang/String;)I @ 47
Event: 4.616 Thread 0x0000000017f24000 Uncommon trap: reason=unstable_if action=reinterpret pc=0x0000000002b8e514 method=com.sun.javafx.image.impl.IntArgb$ToByteBgraPreConv.doConvert([III[BIIII)V @ 29

Internal exceptions (10 events):
Event: 0.151 Thread 0x00000000026b0800 Exception <a 'java/security/PrivilegedActionException'> (0x00000000e0f5c908) thrown at [C:\re\workspace\8-2-build-windows-amd64-cygwin\jdk8u144\9417\hotspot\src\share\vm\prims\jvm.cpp, line 1390]
Event: 0.153 Thread 0x00000000026b0800 Exception <a 'java/security/PrivilegedActionException'> (0x00000000e0f60818) thrown at [C:\re\workspace\8-2-build-windows-amd64-cygwin\jdk8u144\9417\hotspot\src\share\vm\prims\jvm.cpp, line 1390]
Event: 0.153 Thread 0x00000000026b0800 Exception <a 'java/security/PrivilegedActionException'> (0x00000000e0f60a28) thrown at [C:\re\workspace\8-2-build-windows-amd64-cygwin\jdk8u144\9417\hotspot\src\share\vm\prims\jvm.cpp, line 1390]
Event: 0.153 Thread 0x00000000026b0800 Exception <a 'java/lang/NullPointerException'> (0x00000000e0f61000) thrown at [C:\re\workspace\8-2-build-windows-amd64-cygwin\jdk8u144\9417\hotspot\src\share\vm\interpreter\linkResolver.cpp, line 1197]
Event: 0.173 Thread 0x00000000026b0800 Implicit null exception at 0x00000000028d0495 to 0x00000000028d0661
Event: 0.500 Thread 0x0000000017f24000 Exception <a 'java/lang/NullPointerException'> (0x00000000e1bcab08) thrown at [C:\re\workspace\8-2-build-windows-amd64-cygwin\jdk8u144\9417\hotspot\src\share\vm\interpreter\linkResolver.cpp, line 1197]
Event: 0.500 Thread 0x0000000017f24000 Exception <a 'java/lang/NullPointerException'> (0x00000000e1bcab08) thrown at [C:\re\workspace\8-2-build-windows-amd64-cygwin\jdk8u144\9417\hotspot\src\share\vm\prims\jvm.cpp, line 1394]
Event: 0.596 Thread 0x0000000017f24000 Exception <a 'java/lang/ArrayIndexOutOfBoundsException'> (0x00000000e209e590) thrown at [C:\re\workspace\8-2-build-windows-amd64-cygwin\jdk8u144\9417\hotspot\src\share\vm\runtime\sharedRuntime.cpp, line 605]
Event: 0.596 Thread 0x0000000017f24000 Exception <a 'java/lang/ArrayIndexOutOfBoundsException'> (0x00000000e209f0a8) thrown at [C:\re\workspace\8-2-build-windows-amd64-cygwin\jdk8u144\9417\hotspot\src\share\vm\runtime\sharedRuntime.cpp, line 605]
Event: 0.596 Thread 0x0000000017f24000 Exception <a 'java/lang/ArrayIndexOutOfBoundsException'> (0x00000000e20a0450) thrown at [C:\re\workspace\8-2-build-windows-amd64-cygwin\jdk8u144\9417\hotspot\src\share\vm\runtime\sharedRuntime.cpp, line 605]

Events (10 events):
Event: 4.615 loading class coordinate/struct/StructByteArray done
Event: 4.615 Thread 0x0000000017f24000 DEOPT PACKING pc=0x0000000002b8f6b8 sp=0x0000000018e0d830
Event: 4.615 Thread 0x0000000017f24000 DEOPT UNPACKING pc=0x00000000027f787f sp=0x0000000018e0d540 mode 0
Event: 4.615 loading class test/minimaltracer/SDeviceGI
Event: 4.615 loading class test/minimaltracer/SDeviceGI done
Event: 4.616 Thread 0x0000000017f24000 Uncommon trap: trap_request=0xffffff65 fr.pc=0x0000000002b8e514
Event: 4.616 Thread 0x0000000017f24000 DEOPT PACKING pc=0x0000000002b8e514 sp=0x0000000018e0d7f0
Event: 4.616 Thread 0x0000000017f24000 DEOPT UNPACKING pc=0x00000000027f582a sp=0x0000000018e0d7c0 mode 2
Event: 4.617 loading class com/sun/javafx/scene/traversal/ContainerTabOrder$1
Event: 4.617 loading class com/sun/javafx/scene/traversal/ContainerTabOrder$1 done


Dynamic libraries:
0x00007ff6042f0000 - 0x00007ff604327000 	C:\Program Files\Java\jdk1.8.0_144\bin\java.exe
0x00007ff8dc7e0000 - 0x00007ff8dc9d0000 	C:\WINDOWS\SYSTEM32\ntdll.dll
0x00007ff8daa50000 - 0x00007ff8dab02000 	C:\WINDOWS\System32\KERNEL32.DLL
0x00007ff8d98c0000 - 0x00007ff8d9b63000 	C:\WINDOWS\System32\KERNELBASE.dll
0x00007ff8dc550000 - 0x00007ff8dc5f3000 	C:\WINDOWS\System32\ADVAPI32.dll
0x00007ff8dac50000 - 0x00007ff8dacee000 	C:\WINDOWS\System32\msvcrt.dll
0x00007ff8db8c0000 - 0x00007ff8db957000 	C:\WINDOWS\System32\sechost.dll
0x00007ff8dc610000 - 0x00007ff8dc730000 	C:\WINDOWS\System32\RPCRT4.dll
0x00007ff8dc3b0000 - 0x00007ff8dc544000 	C:\WINDOWS\System32\USER32.dll
0x00007ff8d9b70000 - 0x00007ff8d9b91000 	C:\WINDOWS\System32\win32u.dll
0x00007ff8db960000 - 0x00007ff8db986000 	C:\WINDOWS\System32\GDI32.dll
0x00007ff8d9e50000 - 0x00007ff8d9fe4000 	C:\WINDOWS\System32\gdi32full.dll
0x00007ff8d9ba0000 - 0x00007ff8d9c3e000 	C:\WINDOWS\System32\msvcp_win.dll
0x00007ff8d9cf0000 - 0x00007ff8d9dea000 	C:\WINDOWS\System32\ucrtbase.dll
0x00007ff8c7300000 - 0x00007ff8c7585000 	C:\WINDOWS\WinSxS\amd64_microsoft.windows.common-controls_6595b64144ccf1df_6.0.18362.592_none_e6c0b1911312be02\COMCTL32.dll
0x00007ff8dc070000 - 0x00007ff8dc3a6000 	C:\WINDOWS\System32\combase.dll
0x00007ff8da7a0000 - 0x00007ff8da820000 	C:\WINDOWS\System32\bcryptPrimitives.dll
0x00007ff8daa20000 - 0x00007ff8daa4e000 	C:\WINDOWS\System32\IMM32.DLL
0x0000000067330000 - 0x0000000067402000 	C:\Program Files\Java\jdk1.8.0_144\jre\bin\msvcr100.dll
0x0000000067410000 - 0x0000000067cad000 	C:\Program Files\Java\jdk1.8.0_144\jre\bin\server\jvm.dll
0x00007ff8dac20000 - 0x00007ff8dac28000 	C:\WINDOWS\System32\PSAPI.DLL
0x00007ff8ad960000 - 0x00007ff8ad969000 	C:\WINDOWS\SYSTEM32\WSOCK32.dll
0x00007ff8d7210000 - 0x00007ff8d7234000 	C:\WINDOWS\SYSTEM32\WINMM.dll
0x00007ff8ce930000 - 0x00007ff8ce93a000 	C:\WINDOWS\SYSTEM32\VERSION.dll
0x00007ff8dc730000 - 0x00007ff8dc79f000 	C:\WINDOWS\System32\WS2_32.dll
0x00007ff8d71e0000 - 0x00007ff8d720d000 	C:\WINDOWS\SYSTEM32\winmmbase.dll
0x00007ff8da820000 - 0x00007ff8da86a000 	C:\WINDOWS\System32\cfgmgr32.dll
0x00000000672e0000 - 0x00000000672ef000 	C:\Program Files\Java\jdk1.8.0_144\jre\bin\verify.dll
0x00000000672b0000 - 0x00000000672d9000 	C:\Program Files\Java\jdk1.8.0_144\jre\bin\java.dll
0x0000000067290000 - 0x00000000672a6000 	C:\Program Files\Java\jdk1.8.0_144\jre\bin\zip.dll
0x00007ff8daf20000 - 0x00007ff8db605000 	C:\WINDOWS\System32\SHELL32.dll
0x00007ff8dab10000 - 0x00007ff8dabb9000 	C:\WINDOWS\System32\shcore.dll
0x00007ff8d9ff0000 - 0x00007ff8da76f000 	C:\WINDOWS\System32\windows.storage.dll
0x00007ff8d9750000 - 0x00007ff8d976f000 	C:\WINDOWS\System32\profapi.dll
0x00007ff8d9700000 - 0x00007ff8d974a000 	C:\WINDOWS\System32\powrprof.dll
0x00007ff8d96b0000 - 0x00007ff8d96c0000 	C:\WINDOWS\System32\UMPDC.dll
0x00007ff8dbed0000 - 0x00007ff8dbf22000 	C:\WINDOWS\System32\shlwapi.dll
0x00007ff8d96e0000 - 0x00007ff8d96f1000 	C:\WINDOWS\System32\kernel.appcore.dll
0x00007ff8da870000 - 0x00007ff8da887000 	C:\WINDOWS\System32\cryptsp.dll
0x00007ff8af4b0000 - 0x00007ff8af59f000 	C:\Program Files\Java\jdk1.8.0_144\jre\bin\msvcr120.dll
0x00007ff8bfdc0000 - 0x00007ff8bfe66000 	C:\Program Files\Java\jdk1.8.0_144\jre\bin\msvcp120.dll
0x0000000066c00000 - 0x0000000066c22000 	C:\Program Files\Java\jdk1.8.0_144\jre\bin\prism_d3d.dll
0x00007ff8abeb0000 - 0x00007ff8ac077000 	C:\WINDOWS\system32\d3d9.dll
0x00007ff8d7e50000 - 0x00007ff8d7e7d000 	C:\WINDOWS\SYSTEM32\dwmapi.dll
0x00007ff8d8390000 - 0x00007ff8d83b0000 	C:\WINDOWS\SYSTEM32\dxcore.dll
0x00007ff8d7a30000 - 0x00007ff8d7ac9000 	C:\WINDOWS\system32\uxtheme.dll
0x00007ff8aecb0000 - 0x00007ff8aee70000 	C:\WINDOWS\System32\DriverStore\FileRepository\igdlh64.inf_amd64_d03105a152ac7ed4\igdumdim64.dll
0x00007ff8d1070000 - 0x00007ff8d11c2000 	C:\WINDOWS\System32\DriverStore\FileRepository\igdlh64.inf_amd64_d03105a152ac7ed4\igdgmm64.dll
0x0000000066bb0000 - 0x0000000066bf3000 	C:\Program Files\Java\jdk1.8.0_144\jre\bin\glass.dll
0x00007ff8da940000 - 0x00007ff8daa10000 	C:\WINDOWS\System32\COMDLG32.dll
0x00007ff8db6e0000 - 0x00007ff8db836000 	C:\WINDOWS\System32\ole32.dll
0x00007ff8db610000 - 0x00007ff8db6d4000 	C:\WINDOWS\System32\OLEAUT32.dll
0x00007ff8dbf30000 - 0x00007ff8dc065000 	C:\WINDOWS\System32\MSCTF.dll
0x00007ff870da0000 - 0x00007ff87497b000 	C:\WINDOWS\System32\DriverStore\FileRepository\igdlh64.inf_amd64_d03105a152ac7ed4\igd9dxva64.dll
0x00007ff8ce360000 - 0x00007ff8ce382000 	C:\WINDOWS\System32\DriverStore\FileRepository\igdlh64.inf_amd64_d03105a152ac7ed4\igdinfo64.dll
0x00007ff8cec80000 - 0x00007ff8d0fd6000 	C:\WINDOWS\System32\DriverStore\FileRepository\igdlh64.inf_amd64_d03105a152ac7ed4\igc64.dll
0x0000000066b90000 - 0x0000000066ba4000 	C:\Program Files\Java\jdk1.8.0_144\jre\bin\javafx_font.dll
0x00007ff8c7890000 - 0x00007ff8c78cd000 	C:\Users\user\AppData\Local\Temp\JOCL_2_0_0-windows-x86_64.dll
0x00007ff8d9090000 - 0x00007ff8d909c000 	C:\WINDOWS\SYSTEM32\CRYPTBASE.DLL
0x00007ff89dde0000 - 0x00007ff89ddfd000 	C:\WINDOWS\SYSTEM32\OpenCL.dll
0x00007ff8b4cb0000 - 0x00007ff8b4e22000 	C:\WINDOWS\System32\DriverStore\FileRepository\igdlh64.inf_amd64_d03105a152ac7ed4\IntelOpenCL64.dll
0x00007ff8db990000 - 0x00007ff8dbe00000 	C:\WINDOWS\System32\SETUPAPI.DLL
0x00007ff8da770000 - 0x00007ff8da796000 	C:\WINDOWS\System32\bcrypt.dll
0x00007ff8d83b0000 - 0x00007ff8d849b000 	C:\WINDOWS\SYSTEM32\dxgi.dll
0x00007ff8b0df0000 - 0x00007ff8b0f46000 	C:\WINDOWS\System32\DriverStore\FileRepository\igdlh64.inf_amd64_d03105a152ac7ed4\ocl\bin\x64\intelocl64.dll
0x00007ff8c5e30000 - 0x00007ff8c5e9f000 	C:\WINDOWS\System32\DriverStore\FileRepository\igdlh64.inf_amd64_d03105a152ac7ed4\ocl\bin\x64\task_executor64.dll
0x00007ff8b4c20000 - 0x00007ff8b4ca8000 	C:\WINDOWS\System32\DriverStore\FileRepository\igdlh64.inf_amd64_d03105a152ac7ed4\ocl\bin\x64\cpu_device64.dll
0x00007ff8b09e0000 - 0x00007ff8b0de7000 	C:\WINDOWS\System32\DriverStore\FileRepository\igdlh64.inf_amd64_d03105a152ac7ed4\igdrcl64.dll
0x00007ff8b3e70000 - 0x00007ff8b3f32000 	C:\WINDOWS\System32\DriverStore\FileRepository\igdlh64.inf_amd64_d03105a152ac7ed4\igdfcl64.dll
0x00007ff87e440000 - 0x00007ff881b5b000 	C:\WINDOWS\System32\DriverStore\FileRepository\c0346830.inf_amd64_f723e13ffb3b2652\B345901\amdocl64.dll
0x00007ff8c1ec0000 - 0x00007ff8c2016000 	C:\WINDOWS\SYSTEM32\OPENGL32.dll
0x00007ff8c3210000 - 0x00007ff8c323c000 	C:\WINDOWS\SYSTEM32\GLU32.dll
0x00007ff8b0830000 - 0x00007ff8b09d8000 	C:\WINDOWS\System32\DriverStore\FileRepository\c0346830.inf_amd64_f723e13ffb3b2652\B345901\atiadlxx.dll
0x00007ff8d6070000 - 0x00007ff8d615f000 	C:\WINDOWS\SYSTEM32\PROPSYS.dll
0x00007ff8d94b0000 - 0x00007ff8d94da000 	C:\WINDOWS\SYSTEM32\DEVOBJ.dll
0x00007ff8d9df0000 - 0x00007ff8d9e4c000 	C:\WINDOWS\System32\WINTRUST.dll
0x00007ff8d96c0000 - 0x00007ff8d96d2000 	C:\WINDOWS\System32\MSASN1.dll
0x00007ff8d9770000 - 0x00007ff8d98b9000 	C:\WINDOWS\System32\CRYPT32.dll
0x00007ff8ce3c0000 - 0x00007ff8ce3f9000 	C:\WINDOWS\SYSTEM32\atig6txx.dll
0x00007ff87c990000 - 0x00007ff87e439000 	C:\WINDOWS\System32\DriverStore\FileRepository\c0346830.inf_amd64_f723e13ffb3b2652\B345901\amdocl12cl64.dll
0x00007ff8c8360000 - 0x00007ff8c8554000 	C:\WINDOWS\SYSTEM32\dbghelp.dll
0x00007ff86c660000 - 0x00007ff870d94000 	C:\WINDOWS\System32\DriverStore\FileRepository\igdlh64.inf_amd64_d03105a152ac7ed4\opencl-clang64.dll
0x00007ff8cb120000 - 0x00007ff8cb41e000 	C:\WINDOWS\SYSTEM32\dwrite.dll
0x00007ff8da890000 - 0x00007ff8da932000 	C:\WINDOWS\System32\clbcatq.dll
0x00007ff8d4960000 - 0x00007ff8d4b0f000 	C:\WINDOWS\SYSTEM32\WindowsCodecs.dll
0x00007ff8bd250000 - 0x00007ff8bd28a000 	C:\WINDOWS\system32\dataexchange.dll
0x00007ff8d7000000 - 0x00007ff8d71db000 	C:\WINDOWS\system32\dcomp.dll
0x00007ff8d6940000 - 0x00007ff8d6b9b000 	C:\WINDOWS\system32\d3d11.dll
0x00007ff8d7b00000 - 0x00007ff8d7d5a000 	C:\WINDOWS\system32\twinapi.appcore.dll
0x00007ff8d7f60000 - 0x00007ff8d7f89000 	C:\WINDOWS\system32\RMCLIENT.dll
0x00007ff8c7850000 - 0x00007ff8c7883000 	C:\Program Files\Common Files\Microsoft Shared\Ink\rtscom.dll
0x0000000066b70000 - 0x0000000066b81000 	C:\Program Files\Java\jdk1.8.0_144\jre\bin\prism_common.dll
0x00007ff8cd140000 - 0x00007ff8cd1de000 	C:\WINDOWS\System32\TextInputFramework.dll
0x00007ff8d5320000 - 0x00007ff8d564a000 	C:\WINDOWS\System32\CoreUIComponents.dll
0x00007ff8d7290000 - 0x00007ff8d7364000 	C:\WINDOWS\System32\CoreMessaging.dll
0x00007ff8d8710000 - 0x00007ff8d8741000 	C:\WINDOWS\SYSTEM32\ntmarta.dll
0x00007ff8d5130000 - 0x00007ff8d5283000 	C:\WINDOWS\SYSTEM32\wintypes.dll
0x00007ff8cdda0000 - 0x00007ff8ce046000 	C:\WINDOWS\System32\iertutil.dll

VM Arguments:
jvm_args: -Dfile.encoding=UTF-8 -Xmx1500m 
java_command: test.minimaltracer.SimpleRaytracer
java_class_path (initial): C:\Users\user\Documents\Java\JOCL\JOCL-structs-0.0.1a-alpha.jar;C:\Users\user\Documents\Java\JOCL\jocl-2.0.0.jar;C:\Users\user\Documents\GitHub\Coordinate\build\classes;C:\Users\user\Documents\GitHub\JOCLWrapper\build\classes;C:\Users\user\Documents\GitHub\FileSystem\build\classes;C:\Users\user\Documents\GitHub\MultiThreadLibrary\build\classes;C:\Users\user\Documents\GitHub\Bitmap\build\classes;C:\Users\user\Documents\GitHub\MambaTracer\build\classes;C:\Users\user\Documents\GitHub\MambaTracer\build\test\classes
Launcher Type: SUN_STANDARD

Environment Variables:
PATH=C:\Program Files (x86)\Common Files\Oracle\Java\javapath;C:\ProgramData\Oracle\Java\javapath;C:\WINDOWS\system32;C:\WINDOWS;C:\WINDOWS\System32\Wbem;C:\WINDOWS\System32\WindowsPowerShell\v1.0\;C:\Program Files\LuxRender;C:\WINDOWS\System32\OpenSSH\;C:\Users\user\AppData\Local\Microsoft\WindowsApps;C:\Users\user\AppData\Local\GitHubDesktop\bin;%USERPROFILE%\AppData\Local\Microsoft\WindowsApps;
USERNAME=user
OS=Windows_NT
PROCESSOR_IDENTIFIER=Intel64 Family 6 Model 94 Stepping 3, GenuineIntel



---------------  S Y S T E M  ---------------

OS: Windows 10.0 , 64 bit Build 18362 (10.0.18362.329)

CPU:total 4 (initial active 4) (4 cores per cpu, 1 threads per core) family 6 model 94 stepping 3, cmov, cx8, fxsr, mmx, sse, sse2, sse3, ssse3, sse4.1, sse4.2, popcnt, avx, avx2, aes, clmul, erms, 3dnowpref, lzcnt, tsc, tscinvbit, bmi1, bmi2, adx

Memory: 4k page, physical 16633860k(9807328k free), swap 19124228k(9780444k free)

vm_info: Java HotSpot(TM) 64-Bit Server VM (25.144-b01) for windows-amd64 JRE (1.8.0_144-b01), built on Jul 21 2017 21:57:33 by "java_re" with MS VC++ 10.0 (VS2010)

time: Thu Jan 30 22:56:34 2020
elapsed time: 24 seconds (0d 0h 0m 24s)

