#
# A fatal error has been detected by the Java Runtime Environment:
#
#  EXCEPTION_ACCESS_VIOLATION (0xc0000005) at pc=0x000007fefe838b6d, pid=2004, tid=1036
#
# JRE version: Java(TM) SE Runtime Environment (8.0_45-b15) (build 1.8.0_45-b15)
# Java VM: Java HotSpot(TM) 64-Bit Server VM (25.45-b02 mixed mode windows-amd64 compressed oops)
# Problematic frame:
# C  [SHELL32.dll+0xa8b6d]
#
# Failed to write core dump. Minidumps are not enabled by default on client versions of Windows
#
# If you would like to submit a bug report, please visit:
#   http://bugreport.java.com/bugreport/crash.jsp
# The crash happened outside the Java Virtual Machine in native code.
# See problematic frame for where to report the bug.
#

---------------  T H R E A D  ---------------

Current thread (0x0000000058680800):  JavaThread "JavaFX Application Thread" [_thread_in_native, id=1036, stack(0x0000000058470000,0x0000000058570000)]

siginfo: ExceptionCode=0xc0000005, writing address 0x0000000000000000

Registers:
RAX=0x0000000000000000, RBX=0x000000008007007e, RCX=0x634fbd6e1f1d0000, RDX=0x000000005856ae70
RSP=0x000000005856b020, RBP=0x0000000000000000, RSI=0x0000000000000001, RDI=0x000000005f9216a0
R8 =0x0000000000000000, R9 =0x0000000000600001, R10=0xfffff00000000000, R11=0x00000fffff000000
R12=0x0000000000000002, R13=0x000007fefebc3cc8, R14=0x0000000000000000, R15=0x000000005856b400
RIP=0x000007fefe838b6d, EFLAGS=0x0000000000010286

Top of Stack: (sp=0x000000005856b020)
0x000000005856b020:   000000005f9216a0 0000000000000000
0x000000005856b030:   0000000000000401 000007fefebc3cc8
0x000000005856b040:   000000005856b400 000000005856b0c0
0x000000005856b050:   0000000000000001 0000000000000000
0x000000005856b060:   0000000000000000 000007fefd909790
0x000000005856b070:   003500310038007b 0045004600390033
0x000000005856b080:   00330033002d0036 0034002d00370043
0x000000005856b090:   002d003700450043 0037004300300039
0x000000005856b0a0:   003700430031002d 0032004600380042
0x000000005856b0b0:   0034004400320046 00000000007d0032
0x000000005856b0c0:   0050005c003a0043 00720067006f0072
0x000000005856b0d0:   00460020006d0061 00730065006c0069
0x000000005856b0e0:   006f006f0047005c 005c0065006c0067
0x000000005856b0f0:   0076006900720044 006f0067005c0065
0x000000005856b100:   0065006c0067006f 0076006900720064
0x000000005856b110:   006e007900730065 002e003400360063 

Instructions: (pc=0x000007fefe838b6d)
0x000007fefe838b4d:   00 00 00 00 00 00 00 00 00 00 00 00 00 00 00 00
0x000007fefe838b5d:   00 00 00 00 00 00 00 00 00 00 00 00 00 00 00 00
0x000007fefe838b6d:   00 00 00 00 00 00 00 00 00 00 00 00 00 00 00 00
0x000007fefe838b7d:   00 00 00 00 00 00 00 00 00 00 00 00 00 00 00 00 


Register to memory mapping:

RAX=0x0000000000000000 is an unknown value
RBX=0x000000008007007e is an unknown value
RCX=0x634fbd6e1f1d0000 is an unknown value
RDX=0x000000005856ae70 is pointing into the stack for thread: 0x0000000058680800
RSP=0x000000005856b020 is pointing into the stack for thread: 0x0000000058680800
RBP=0x0000000000000000 is an unknown value
RSI=0x0000000000000001 is an unknown value
RDI=0x000000005f9216a0 is an unknown value
R8 =0x0000000000000000 is an unknown value
R9 =0x0000000000600001 is an unknown value
R10=0xfffff00000000000 is an unknown value
R11=0x00000fffff000000 is an unknown value
R12=0x0000000000000002 is an unknown value
R13=0x000007fefebc3cc8 is an unknown value
R14=0x0000000000000000 is an unknown value
R15=0x000000005856b400 is pointing into the stack for thread: 0x0000000058680800


Stack: [0x0000000058470000,0x0000000058570000],  sp=0x000000005856b020,  free space=1004k
Native frames: (J=compiled Java code, j=interpreted, Vv=VM code, C=native code)

Java frames: (J=compiled Java code, j=interpreted, Vv=VM code)
j  com.sun.glass.ui.win.WinWindow._createWindow(JJI)J+0
j  com.sun.glass.ui.Window.<init>(Lcom/sun/glass/ui/Window;Lcom/sun/glass/ui/Screen;I)V+357
j  com.sun.glass.ui.win.WinWindow.<init>(Lcom/sun/glass/ui/Window;Lcom/sun/glass/ui/Screen;I)V+4
j  com.sun.glass.ui.win.WinApplication.createWindow(Lcom/sun/glass/ui/Window;Lcom/sun/glass/ui/Screen;I)Lcom/sun/glass/ui/Window;+7
j  com.sun.javafx.tk.quantum.WindowStage.initPlatformWindow()V+250
j  com.sun.javafx.tk.quantum.WindowStage.init(Lcom/sun/javafx/tk/quantum/GlassSystemMenu;)Lcom/sun/javafx/tk/quantum/WindowStage;+1
j  com.sun.javafx.tk.quantum.QuantumToolkit.createTKStage(Ljavafx/stage/Window;ZLjavafx/stage/StageStyle;ZLjavafx/stage/Modality;Lcom/sun/javafx/tk/TKStage;ZLjava/security/AccessControlContext;)Lcom/sun/javafx/tk/TKStage;+50
j  javafx.stage.Stage.impl_visibleChanging(Z)V+139
j  javafx.stage.Window$9.invalidated()V+80
J 1187 C1 javafx.beans.property.BooleanPropertyBase.set(Z)V (110 bytes) @ 0x0000000002c5f084 [0x0000000002c5e9a0+0x6e4]
j  javafx.stage.Window.setShowing(Z)V+11
j  javafx.stage.Window.show()V+2
j  javafx.stage.Stage.show()V+1
j  cl.main.Main.start(Ljavafx/stage/Stage;)V+149
j  com.sun.javafx.application.LauncherImpl.lambda$launchApplication1$159(Ljava/util/concurrent/atomic/AtomicBoolean;Ljavafx/application/Application;)V+20
j  com.sun.javafx.application.LauncherImpl$$Lambda$53.run()V+8
j  com.sun.javafx.application.PlatformImpl.lambda$runAndWait$172(Ljava/lang/Runnable;Ljava/util/concurrent/CountDownLatch;)V+1
j  com.sun.javafx.application.PlatformImpl$$Lambda$46.run()V+8
j  com.sun.javafx.application.PlatformImpl.lambda$null$170(Ljava/lang/Runnable;)Ljava/lang/Void;+1
j  com.sun.javafx.application.PlatformImpl$$Lambda$48.run()Ljava/lang/Object;+4
v  ~StubRoutines::call_stub
j  java.security.AccessController.doPrivileged(Ljava/security/PrivilegedAction;Ljava/security/AccessControlContext;)Ljava/lang/Object;+0
j  com.sun.javafx.application.PlatformImpl.lambda$runLater$171(Ljava/lang/Runnable;Ljava/security/AccessControlContext;)V+7
j  com.sun.javafx.application.PlatformImpl$$Lambda$47.run()V+8
j  com.sun.glass.ui.InvokeLaterDispatcher$Future.run()V+4
v  ~StubRoutines::call_stub
j  com.sun.glass.ui.win.WinApplication._runLoop(Ljava/lang/Runnable;)V+0
j  com.sun.glass.ui.win.WinApplication.lambda$null$145(Ljava/lang/Runnable;)V+7
j  com.sun.glass.ui.win.WinApplication$$Lambda$36.run()V+8
j  java.lang.Thread.run()V+11
v  ~StubRoutines::call_stub

---------------  P R O C E S S  ---------------

Java Threads: ( => current thread )
  0x000000005b0d8800 JavaThread "Thread-5" [_thread_in_native, id=7100, stack(0x000000006cd60000,0x000000006ce60000)]
  0x000000005b0d5000 JavaThread "memoryManagementThread" daemon [_thread_blocked, id=1188, stack(0x0000000062e40000,0x0000000062f40000)]
  0x00000000586b6800 JavaThread "Thread-3" daemon [_thread_in_native, id=332, stack(0x000000005a9f0000,0x000000005aaf0000)]
  0x00000000586b0800 JavaThread "JavaFX-Launcher" [_thread_blocked, id=1512, stack(0x000000005aaf0000,0x000000005abf0000)]
=>0x0000000058680800 JavaThread "JavaFX Application Thread" [_thread_in_native, id=1036, stack(0x0000000058470000,0x0000000058570000)]
  0x0000000057a81000 JavaThread "Thread-1" daemon [_thread_blocked, id=7608, stack(0x0000000059040000,0x0000000059140000)]
  0x0000000057a4e800 JavaThread "QuantumRenderer-0" daemon [_thread_blocked, id=5804, stack(0x0000000058580000,0x0000000058680000)]
  0x00000000576dc000 JavaThread "Service Thread" daemon [_thread_blocked, id=5012, stack(0x0000000058340000,0x0000000058440000)]
  0x00000000576ab000 JavaThread "C1 CompilerThread2" daemon [_thread_blocked, id=3144, stack(0x00000000581c0000,0x00000000582c0000)]
  0x00000000576a9800 JavaThread "C2 CompilerThread1" daemon [_thread_blocked, id=6692, stack(0x0000000058050000,0x0000000058150000)]
  0x000000005623e000 JavaThread "C2 CompilerThread0" daemon [_thread_blocked, id=6460, stack(0x0000000057e40000,0x0000000057f40000)]
  0x000000005623b000 JavaThread "Attach Listener" daemon [_thread_blocked, id=7436, stack(0x0000000057d10000,0x0000000057e10000)]
  0x000000005769a800 JavaThread "Signal Dispatcher" daemon [_thread_blocked, id=2328, stack(0x0000000057be0000,0x0000000057ce0000)]
  0x00000000561d7000 JavaThread "Finalizer" daemon [_thread_blocked, id=6468, stack(0x0000000057590000,0x0000000057690000)]
  0x00000000561d0000 JavaThread "Reference Handler" daemon [_thread_blocked, id=6116, stack(0x0000000057340000,0x0000000057440000)]
  0x00000000025ce000 JavaThread "main" [_thread_blocked, id=8032, stack(0x00000000026a0000,0x00000000027a0000)]

Other Threads:
  0x00000000561ca800 VMThread [stack: 0x0000000057210000,0x0000000057310000] [id=7748]
  0x000000005774b000 WatcherThread [stack: 0x0000000057440000,0x0000000057540000] [id=5732]

VM state:not at safepoint (normal execution)

VM Mutex/Monitor currently owned by a thread: None

Heap:
 PSYoungGen      total 345088K, used 225102K [0x00000000e0c00000, 0x0000000100000000, 0x0000000100000000)
  eden space 182272K, 34% used [0x00000000e0c00000,0x00000000e48db838,0x00000000ebe00000)
  from space 162816K, 99% used [0x00000000ebe00000,0x00000000f5cf8000,0x00000000f5d00000)
  to   space 166912K, 0% used [0x00000000f5d00000,0x00000000f5d00000,0x0000000100000000)
 ParOldGen       total 816640K, used 602509K [0x00000000a2400000, 0x00000000d4180000, 0x00000000e0c00000)
  object space 816640K, 73% used [0x00000000a2400000,0x00000000c7063498,0x00000000d4180000)
 Metaspace       used 16636K, capacity 17440K, committed 17536K, reserved 1064960K
  class space    used 2458K, capacity 2651K, committed 2688K, reserved 1048576K

Card table byte_map: [0x0000000011be0000,0x0000000011ed0000] byte_map_base: 0x00000000116ce000

Marking Bits: (ParMarkBitMap*) 0x000000006f214040
 Begin Bits: [0x0000000012670000, 0x0000000013de0000)
 End Bits:   [0x0000000013de0000, 0x0000000015550000)

Polling page: 0x0000000000240000

CodeCache: size=245760Kb used=5074Kb max_used=5074Kb free=240685Kb
 bounds [0x0000000002820000, 0x0000000002d20000, 0x0000000011820000]
 total_blobs=2045 nmethods=1462 adapters=495
 compilation: enabled

Compilation events (10 events):
Event: 21.494 Thread 0x00000000576ab000 1458       3       java.util.jar.JarFile$JarEntryIterator::nextElement (5 bytes)
Event: 21.494 Thread 0x00000000576ab000 nmethod 1458 0x0000000002d15010 code [0x0000000002d151a0, 0x0000000002d15678]
Event: 21.494 Thread 0x00000000576ab000 1459       3       java.util.jar.JarFile$JarEntryIterator::next (26 bytes)
Event: 21.494 Thread 0x00000000576ab000 nmethod 1459 0x0000000002d15890 code [0x0000000002d15a20, 0x0000000002d15e98]
Event: 21.494 Thread 0x00000000576ab000 1460       3       java.util.zip.ZipFile$ZipEntryIterator::nextElement (5 bytes)
Event: 21.494 Thread 0x00000000576ab000 nmethod 1460 0x0000000002d16050 code [0x0000000002d161c0, 0x0000000002d163c8]
Event: 21.494 Thread 0x00000000576ab000 1461       3       java.util.zip.ZipFile$ZipEntryIterator::nextElement (5 bytes)
Event: 21.494 Thread 0x00000000576ab000 nmethod 1461 0x0000000002d16490 code [0x0000000002d16600, 0x0000000002d167a8]
Event: 21.496 Thread 0x00000000576ab000 1462       3       java.util.Vector::elementData (7 bytes)
Event: 21.496 Thread 0x00000000576ab000 nmethod 1462 0x0000000002d17010 code [0x0000000002d17160, 0x0000000002d172d0]

GC Heap History (10 events):
Event: 14.718 GC heap before
{Heap before GC invocations=30 (full 6):
 PSYoungGen      total 259072K, used 259059K [0x00000000e0c00000, 0x00000000fb900000, 0x0000000100000000)
  eden space 154112K, 100% used [0x00000000e0c00000,0x00000000ea280000,0x00000000ea280000)
  from space 104960K, 99% used [0x00000000ea280000,0x00000000f08fcc10,0x00000000f0900000)
  to   space 126464K, 0% used [0x00000000f3d80000,0x00000000f3d80000,0x00000000fb900000)
 ParOldGen       total 602624K, used 444115K [0x00000000a2400000, 0x00000000c7080000, 0x00000000e0c00000)
  object space 602624K, 73% used [0x00000000a2400000,0x00000000bd5b4db8,0x00000000c7080000)
 Metaspace       used 16236K, capacity 16950K, committed 17280K, reserved 1064960K
  class space    used 2398K, capacity 2566K, committed 2688K, reserved 1048576K
Event: 14.900 GC heap after
Heap after GC invocations=30 (full 6):
 PSYoungGen      total 307712K, used 87904K [0x00000000e0c00000, 0x00000000fc600000, 0x0000000100000000)
  eden space 181248K, 0% used [0x00000000e0c00000,0x00000000e0c00000,0x00000000ebd00000)
  from space 126464K, 69% used [0x00000000f3d80000,0x00000000f9358000,0x00000000fb900000)
  to   space 131584K, 0% used [0x00000000ebd00000,0x00000000ebd00000,0x00000000f3d80000)
 ParOldGen       total 602624K, used 505382K [0x00000000a2400000, 0x00000000c7080000, 0x00000000e0c00000)
  object space 602624K, 83% used [0x00000000a2400000,0x00000000c11899c8,0x00000000c7080000)
 Metaspace       used 16236K, capacity 16950K, committed 17280K, reserved 1064960K
  class space    used 2398K, capacity 2566K, committed 2688K, reserved 1048576K
}
Event: 14.998 GC heap before
{Heap before GC invocations=31 (full 6):
 PSYoungGen      total 307712K, used 269152K [0x00000000e0c00000, 0x00000000fc600000, 0x0000000100000000)
  eden space 181248K, 100% used [0x00000000e0c00000,0x00000000ebd00000,0x00000000ebd00000)
  from space 126464K, 69% used [0x00000000f3d80000,0x00000000f9358000,0x00000000fb900000)
  to   space 131584K, 0% used [0x00000000ebd00000,0x00000000ebd00000,0x00000000f3d80000)
 ParOldGen       total 602624K, used 505382K [0x00000000a2400000, 0x00000000c7080000, 0x00000000e0c00000)
  object space 602624K, 83% used [0x00000000a2400000,0x00000000c11899c8,0x00000000c7080000)
 Metaspace       used 16236K, capacity 16950K, committed 17280K, reserved 1064960K
  class space    used 2398K, capacity 2566K, committed 2688K, reserved 1048576K
Event: 15.246 GC heap after
Heap after GC invocations=31 (full 6):
 PSYoungGen      total 312832K, used 131571K [0x00000000e0c00000, 0x0000000100000000, 0x0000000100000000)
  eden space 181248K, 0% used [0x00000000e0c00000,0x00000000e0c00000,0x00000000ebd00000)
  from space 131584K, 99% used [0x00000000ebd00000,0x00000000f3d7cc10,0x00000000f3d80000)
  to   space 156160K, 0% used [0x00000000f6780000,0x00000000f6780000,0x0000000100000000)
 ParOldGen       total 602624K, used 516774K [0x00000000a2400000, 0x00000000c7080000, 0x00000000e0c00000)
  object space 602624K, 85% used [0x00000000a2400000,0x00000000c1ca99c8,0x00000000c7080000)
 Metaspace       used 16236K, capacity 16950K, committed 17280K, reserved 1064960K
  class space    used 2398K, capacity 2566K, committed 2688K, reserved 1048576K
}
Event: 15.341 GC heap before
{Heap before GC invocations=32 (full 6):
 PSYoungGen      total 312832K, used 312819K [0x00000000e0c00000, 0x0000000100000000, 0x0000000100000000)
  eden space 181248K, 100% used [0x00000000e0c00000,0x00000000ebd00000,0x00000000ebd00000)
  from space 131584K, 99% used [0x00000000ebd00000,0x00000000f3d7cc10,0x00000000f3d80000)
  to   space 156160K, 0% used [0x00000000f6780000,0x00000000f6780000,0x0000000100000000)
 ParOldGen       total 602624K, used 516774K [0x00000000a2400000, 0x00000000c7080000, 0x00000000e0c00000)
  object space 602624K, 85% used [0x00000000a2400000,0x00000000c1ca99c8,0x00000000c7080000)
 Metaspace       used 16236K, capacity 16950K, committed 17280K, reserved 1064960K
  class space    used 2398K, capacity 2566K, committed 2688K, reserved 1048576K
Event: 15.620 GC heap after
Heap after GC invocations=32 (full 6):
 PSYoungGen      total 338432K, used 113683K [0x00000000e0c00000, 0x0000000100000000, 0x0000000100000000)
  eden space 182272K, 0% used [0x00000000e0c00000,0x00000000e0c00000,0x00000000ebe00000)
  from space 156160K, 72% used [0x00000000f6780000,0x00000000fd684c10,0x0000000100000000)
  to   space 164864K, 0% used [0x00000000ebe00000,0x00000000ebe00000,0x00000000f5f00000)
 ParOldGen       total 602624K, used 593438K [0x00000000a2400000, 0x00000000c7080000, 0x00000000e0c00000)
  object space 602624K, 98% used [0x00000000a2400000,0x00000000c67879c8,0x00000000c7080000)
 Metaspace       used 16236K, capacity 16950K, committed 17280K, reserved 1064960K
  class space    used 2398K, capacity 2566K, committed 2688K, reserved 1048576K
}
Event: 15.620 GC heap before
{Heap before GC invocations=33 (full 7):
 PSYoungGen      total 338432K, used 113683K [0x00000000e0c00000, 0x0000000100000000, 0x0000000100000000)
  eden space 182272K, 0% used [0x00000000e0c00000,0x00000000e0c00000,0x00000000ebe00000)
  from space 156160K, 72% used [0x00000000f6780000,0x00000000fd684c10,0x0000000100000000)
  to   space 164864K, 0% used [0x00000000ebe00000,0x00000000ebe00000,0x00000000f5f00000)
 ParOldGen       total 602624K, used 593438K [0x00000000a2400000, 0x00000000c7080000, 0x00000000e0c00000)
  object space 602624K, 98% used [0x00000000a2400000,0x00000000c67879c8,0x00000000c7080000)
 Metaspace       used 16236K, capacity 16950K, committed 17280K, reserved 1064960K
  class space    used 2398K, capacity 2566K, committed 2688K, reserved 1048576K
Event: 20.710 GC heap after
Heap after GC invocations=33 (full 7):
 PSYoungGen      total 338432K, used 103807K [0x00000000e0c00000, 0x0000000100000000, 0x0000000100000000)
  eden space 182272K, 0% used [0x00000000e0c00000,0x00000000e0c00000,0x00000000ebe00000)
  from space 156160K, 66% used [0x00000000f6780000,0x00000000fccdff98,0x0000000100000000)
  to   space 164864K, 0% used [0x00000000ebe00000,0x00000000ebe00000,0x00000000f5f00000)
 ParOldGen       total 816640K, used 602509K [0x00000000a2400000, 0x00000000d4180000, 0x00000000e0c00000)
  object space 816640K, 73% used [0x00000000a2400000,0x00000000c7063498,0x00000000d4180000)
 Metaspace       used 16236K, capacity 16950K, committed 17280K, reserved 1064960K
  class space    used 2398K, capacity 2566K, committed 2688K, reserved 1048576K
}
Event: 20.794 GC heap before
{Heap before GC invocations=34 (full 7):
 PSYoungGen      total 338432K, used 286079K [0x00000000e0c00000, 0x0000000100000000, 0x0000000100000000)
  eden space 182272K, 100% used [0x00000000e0c00000,0x00000000ebe00000,0x00000000ebe00000)
  from space 156160K, 66% used [0x00000000f6780000,0x00000000fccdff98,0x0000000100000000)
  to   space 164864K, 0% used [0x00000000ebe00000,0x00000000ebe00000,0x00000000f5f00000)
 ParOldGen       total 816640K, used 602509K [0x00000000a2400000, 0x00000000d4180000, 0x00000000e0c00000)
  object space 816640K, 73% used [0x00000000a2400000,0x00000000c7063498,0x00000000d4180000)
 Metaspace       used 16236K, capacity 16950K, committed 17280K, reserved 1064960K
  class space    used 2398K, capacity 2566K, committed 2688K, reserved 1048576K
Event: 21.267 GC heap after
Heap after GC invocations=34 (full 7):
 PSYoungGen      total 345088K, used 162784K [0x00000000e0c00000, 0x0000000100000000, 0x0000000100000000)
  eden space 182272K, 0% used [0x00000000e0c00000,0x00000000e0c00000,0x00000000ebe00000)
  from space 162816K, 99% used [0x00000000ebe00000,0x00000000f5cf8000,0x00000000f5d00000)
  to   space 166912K, 0% used [0x00000000f5d00000,0x00000000f5d00000,0x0000000100000000)
 ParOldGen       total 816640K, used 602509K [0x00000000a2400000, 0x00000000d4180000, 0x00000000e0c00000)
  object space 816640K, 73% used [0x00000000a2400000,0x00000000c7063498,0x00000000d4180000)
 Metaspace       used 16236K, capacity 16950K, committed 17280K, reserved 1064960K
  class space    used 2398K, capacity 2566K, committed 2688K, reserved 1048576K
}

Deoptimization events (10 events):
Event: 3.098 Thread 0x0000000058680800 Uncommon trap: reason=array_check action=maybe_recompile pc=0x0000000002caa4cc method=wrapper.core.CBufferFactory.allocStruct(Ljava/lang/String;Lwrapper/core/CContext;Ljava/lang/Class;IJ)Lwrapper/core/buffer/CStructBuffer; @ 44
Event: 5.459 Thread 0x0000000058680800 Uncommon trap: reason=unstable_if action=reinterpret pc=0x0000000002ca7848 method=wrapper.core.CBufferFactory.allocStruct(Ljava/lang/String;Lwrapper/core/CContext;Ljava/lang/Class;IJ)Lwrapper/core/buffer/CStructBuffer; @ 30
Event: 5.603 Thread 0x0000000058680800 Uncommon trap: reason=unstable_if action=reinterpret pc=0x0000000002c94a54 method=java.lang.Class.newInstance()Ljava/lang/Object; @ 19
Event: 5.604 Thread 0x0000000058680800 Uncommon trap: reason=unstable_if action=reinterpret pc=0x0000000002c98860 method=java.lang.reflect.Field.getFieldAccessor(Ljava/lang/Object;)Lsun/reflect/FieldAccessor; @ 22
Event: 10.032 Thread 0x0000000058680800 Uncommon trap: reason=null_check action=make_not_entrant pc=0x0000000002cc6138 method=java.lang.reflect.Array.newInstance(Ljava/lang/Class;I)Ljava/lang/Object; @ 2
Event: 14.161 Thread 0x0000000058680800 Uncommon trap: reason=unstable_if action=reinterpret pc=0x0000000002cbbf88 method=org.jocl.struct.Struct.initFields()V @ 84
Event: 14.161 Thread 0x0000000058680800 Uncommon trap: reason=unstable_if action=reinterpret pc=0x0000000002cbde88 method=org.jocl.struct.Struct.initFields()V @ 84
Event: 14.162 Thread 0x0000000058680800 Uncommon trap: reason=unstable_if action=reinterpret pc=0x0000000002cb87cc method=org.jocl.struct.Struct.initFields()V @ 84
Event: 21.305 Thread 0x0000000058680800 Uncommon trap: reason=unstable_if action=reinterpret pc=0x0000000002c9387c method=java.lang.Class.getConstructor0([Ljava/lang/Class;I)Ljava/lang/reflect/Constructor; @ 48
Event: 21.449 Thread 0x0000000058680800 Uncommon trap: reason=unstable_if action=reinterpret pc=0x0000000002b61314 method=sun.misc.URLClassPath$JarLoader.getResource(Ljava/lang/String;Z)Lsun/misc/Resource; @ 62

Internal exceptions (10 events):
Event: 0.650 Thread 0x0000000058680800 Exception <a 'java/lang/ArrayIndexOutOfBoundsException'> (0x00000000e0d6a970) thrown at [C:\re\workspace\8-2-build-windows-amd64-cygwin\jdk8u45\3627\hotspot\src\share\vm\runtime\sharedRuntime.cpp, line 605]
Event: 0.650 Thread 0x0000000058680800 Exception <a 'java/lang/ArrayIndexOutOfBoundsException'> (0x00000000e0d6b5f0) thrown at [C:\re\workspace\8-2-build-windows-amd64-cygwin\jdk8u45\3627\hotspot\src\share\vm\runtime\sharedRuntime.cpp, line 605]
Event: 0.650 Thread 0x0000000058680800 Exception <a 'java/lang/ArrayIndexOutOfBoundsException'> (0x00000000e0d6c8e8) thrown at [C:\re\workspace\8-2-build-windows-amd64-cygwin\jdk8u45\3627\hotspot\src\share\vm\runtime\sharedRuntime.cpp, line 605]
Event: 0.651 Thread 0x0000000058680800 Exception <a 'java/lang/ArrayIndexOutOfBoundsException'> (0x00000000e0d6eb48) thrown at [C:\re\workspace\8-2-build-windows-amd64-cygwin\jdk8u45\3627\hotspot\src\share\vm\runtime\sharedRuntime.cpp, line 605]
Event: 0.651 Thread 0x0000000058680800 Exception <a 'java/lang/ArrayIndexOutOfBoundsException'> (0x00000000e0d6fb18) thrown at [C:\re\workspace\8-2-build-windows-amd64-cygwin\jdk8u45\3627\hotspot\src\share\vm\runtime\sharedRuntime.cpp, line 605]
Event: 0.680 Thread 0x0000000058680800 Exception <a 'java/lang/ArrayIndexOutOfBoundsException'> (0x00000000e0e7fe08) thrown at [C:\re\workspace\8-2-build-windows-amd64-cygwin\jdk8u45\3627\hotspot\src\share\vm\runtime\sharedRuntime.cpp, line 605]
Event: 0.782 Thread 0x0000000058680800 Exception <a 'java/lang/ArrayIndexOutOfBoundsException'> (0x00000000e1254860) thrown at [C:\re\workspace\8-2-build-windows-amd64-cygwin\jdk8u45\3627\hotspot\src\share\vm\runtime\sharedRuntime.cpp, line 605]
Event: 0.803 Thread 0x0000000058680800 Exception <a 'java/lang/ArrayIndexOutOfBoundsException'> (0x00000000e12d4ea8) thrown at [C:\re\workspace\8-2-build-windows-amd64-cygwin\jdk8u45\3627\hotspot\src\share\vm\runtime\sharedRuntime.cpp, line 605]
Event: 0.807 Thread 0x0000000058680800 Exception <a 'java/lang/ArrayIndexOutOfBoundsException'> (0x00000000e12e6f00) thrown at [C:\re\workspace\8-2-build-windows-amd64-cygwin\jdk8u45\3627\hotspot\src\share\vm\runtime\sharedRuntime.cpp, line 605]
Event: 5.603 Thread 0x0000000058680800 Implicit null exception at 0x0000000002c985f3 to 0x0000000002c98845

Events (10 events):
Event: 21.484 loading class java/util/PropertyResourceBundle
Event: 21.484 loading class java/util/PropertyResourceBundle done
Event: 21.484 loading class com/sun/javafx/tk/quantum/QuantumMessagesBundle_en
Event: 21.484 loading class com/sun/javafx/tk/quantum/QuantumMessagesBundle_en done
Event: 21.492 loading class com/sun/javafx/tk/quantum/QuantumMessagesBundle_en_US
Event: 21.492 loading class com/sun/javafx/tk/quantum/QuantumMessagesBundle_en_US done
Event: 21.494 loading class com/sun/javafx/tk/quantum/WindowStage$1
Event: 21.494 loading class com/sun/javafx/tk/quantum/WindowStage$1 done
Event: 21.495 loading class com/sun/javafx/tk/FocusCause
Event: 21.495 loading class com/sun/javafx/tk/FocusCause done


Dynamic libraries:
0x000000013f410000 - 0x000000013f447000 	C:\Program Files\Java\jdk1.8.0_45\bin\java.exe
0x0000000077300000 - 0x00000000774a9000 	C:\Windows\SYSTEM32\ntdll.dll
0x00000000770e0000 - 0x00000000771ff000 	C:\Windows\system32\kernel32.dll
0x000007fefd120000 - 0x000007fefd18b000 	C:\Windows\system32\KERNELBASE.dll
0x000007fefd8d0000 - 0x000007fefd9ab000 	C:\Windows\system32\ADVAPI32.dll
0x000007fefe6f0000 - 0x000007fefe78f000 	C:\Windows\system32\msvcrt.dll
0x000007fefdc20000 - 0x000007fefdc3f000 	C:\Windows\SYSTEM32\sechost.dll
0x000007fefdc90000 - 0x000007fefddbd000 	C:\Windows\system32\RPCRT4.dll
0x0000000077200000 - 0x00000000772fa000 	C:\Windows\system32\USER32.dll
0x000007fefe1b0000 - 0x000007fefe217000 	C:\Windows\system32\GDI32.dll
0x000007fefe380000 - 0x000007fefe38e000 	C:\Windows\system32\LPK.dll
0x000007fefe620000 - 0x000007fefe6e9000 	C:\Windows\system32\USP10.dll
0x000007fefb5d0000 - 0x000007fefb7c4000 	C:\Windows\WinSxS\amd64_microsoft.windows.common-controls_6595b64144ccf1df_6.0.7601.17514_none_fa396087175ac9ac\COMCTL32.dll
0x000007fefe220000 - 0x000007fefe291000 	C:\Windows\system32\SHLWAPI.dll
0x000007fefdc60000 - 0x000007fefdc8e000 	C:\Windows\system32\IMM32.DLL
0x000007fefe390000 - 0x000007fefe499000 	C:\Windows\system32\MSCTF.dll
0x00000000730a0000 - 0x0000000073172000 	C:\Program Files\Java\jdk1.8.0_45\jre\bin\msvcr100.dll
0x000000006ea10000 - 0x000000006f293000 	C:\Program Files\Java\jdk1.8.0_45\jre\bin\server\jvm.dll
0x000007fef82c0000 - 0x000007fef82c9000 	C:\Windows\system32\WSOCK32.dll
0x000007feff520000 - 0x000007feff56d000 	C:\Windows\system32\WS2_32.dll
0x000007fefdc10000 - 0x000007fefdc18000 	C:\Windows\system32\NSI.dll
0x000007fef8f00000 - 0x000007fef8f3b000 	C:\Windows\system32\WINMM.dll
0x000007fefc1a0000 - 0x000007fefc1ac000 	C:\Windows\system32\VERSION.dll
0x00000000774c0000 - 0x00000000774c7000 	C:\Windows\system32\PSAPI.DLL
0x0000000074560000 - 0x000000007456f000 	C:\Program Files\Java\jdk1.8.0_45\jre\bin\verify.dll
0x0000000074110000 - 0x0000000074139000 	C:\Program Files\Java\jdk1.8.0_45\jre\bin\java.dll
0x0000000074280000 - 0x0000000074296000 	C:\Program Files\Java\jdk1.8.0_45\jre\bin\zip.dll
0x000007fefe790000 - 0x000007feff518000 	C:\Windows\system32\SHELL32.dll
0x000007fefddc0000 - 0x000007fefdfc3000 	C:\Windows\system32\ole32.dll
0x000007fefd0b0000 - 0x000007fefd0bf000 	C:\Windows\system32\profapi.dll
0x0000000073890000 - 0x00000000738bc000 	C:\Program Files\Java\jdk1.8.0_45\jre\bin\prism_d3d.dll
0x000007fedcf90000 - 0x000007fedd18f000 	C:\Windows\system32\d3d9.dll
0x000007fee6af0000 - 0x000007fee6af7000 	C:\Windows\system32\d3d8thk.dll
0x000007fef9870000 - 0x000007fef9888000 	C:\Windows\system32\dwmapi.dll
0x000007fefa640000 - 0x000007fefa696000 	C:\Windows\system32\uxtheme.dll
0x000007fecdc00000 - 0x000007fecf329000 	C:\Windows\system32\igdumdim64.dll
0x00000000733e0000 - 0x0000000073421000 	C:\Program Files\Java\jdk1.8.0_45\jre\bin\glass.dll
0x000007feff570000 - 0x000007feff607000 	C:\Windows\system32\COMDLG32.dll
0x000007fefe2a0000 - 0x000007fefe377000 	C:\Windows\system32\OLEAUT32.dll
0x000007fefcf50000 - 0x000007fefcf5f000 	C:\Windows\system32\CRYPTBASE.dll
0x000007feebfe0000 - 0x000007feec97f000 	C:\Windows\system32\igdusc64.dll
0x0000000073cc0000 - 0x0000000073cd5000 	C:\Program Files\Java\jdk1.8.0_45\jre\bin\javafx_font.dll
0x000007fedcb80000 - 0x000007fedcd16000 	C:\Windows\system32\dwrite.dll
0x0000000073bd0000 - 0x0000000073bea000 	C:\Program Files\Java\jdk1.8.0_45\jre\bin\net.dll
0x000007fefc890000 - 0x000007fefc8e5000 	C:\Windows\system32\mswsock.dll
0x000007fefc880000 - 0x000007fefc887000 	C:\Windows\System32\wship6.dll
0x0000000073b90000 - 0x0000000073ba1000 	C:\Program Files\Java\jdk1.8.0_45\jre\bin\nio.dll
0x000007feef190000 - 0x000007feef1cd000 	C:\Users\user\AppData\Local\Temp\JOCL_2_0_0-windows-x86_64.dll
0x000007feee9b0000 - 0x000007feee9b3000 	C:\Windows\system32\api-ms-win-core-synch-l1-2-0.DLL
0x000007fef8e40000 - 0x000007fef8e5a000 	C:\Windows\system32\OpenCL.dll
0x000007fee7340000 - 0x000007fee73a1000 	C:\Windows\system32\IntelOpenCL64.dll
0x000007fee2840000 - 0x000007fee29ce000 	C:\Program Files (x86)\Common Files\Intel\OpenCL\bin\x64\intelocl64.dll
0x000007fee2540000 - 0x000007fee25c8000 	C:\Program Files (x86)\Common Files\Intel\OpenCL\bin\x64\task_executor64.dll
0x000007fee73e0000 - 0x000007fee74fd000 	C:\Windows\system32\OPENGL32.dll
0x000007fee7660000 - 0x000007fee768d000 	C:\Windows\system32\GLU32.dll
0x000007fee69e0000 - 0x000007fee6ad1000 	C:\Windows\system32\DDRAW.dll
0x000007fee7650000 - 0x000007fee7658000 	C:\Windows\system32\DCIMAN32.dll
0x000007fefdfd0000 - 0x000007fefe1a7000 	C:\Windows\system32\SETUPAPI.dll
0x000007fefd1b0000 - 0x000007fefd1e6000 	C:\Windows\system32\CFGMGR32.dll
0x000007fefd440000 - 0x000007fefd45a000 	C:\Windows\system32\DEVOBJ.dll
0x000007fee2460000 - 0x000007fee2536000 	C:\Program Files (x86)\Common Files\Intel\OpenCL\bin\x64\cpu_device64.dll
0x000007fee0ac0000 - 0x000007fee12a0000 	C:\Windows\system32\igdrcl64.dll
0x000007feedc10000 - 0x000007feedc6d000 	C:\Windows\system32\dxgi.dll
0x000007fecf370000 - 0x000007fed0a5b000 	C:\Windows\system32\igdfcl64.dll
0x000007feee880000 - 0x000007feee9a5000 	C:\Windows\system32\dbghelp.dll
0x000007fee23c0000 - 0x000007fee2428000 	C:\Windows\system32\igdbcl64.dll
0x000007fee2350000 - 0x000007fee23bb000 	C:\Program Files (x86)\Common Files\Intel\OpenCL\bin\x64\tbb\tbb.dll
0x000007fee2e40000 - 0x000007fee2e9a000 	C:\Program Files (x86)\Common Files\Intel\OpenCL\bin\x64\tbb\tbbmalloc.dll
0x000007feda750000 - 0x000007fedb178000 	C:\Program Files (x86)\Common Files\Intel\OpenCL\bin\x64\OclCpuBackEnd64.dll
0x000007fedea10000 - 0x000007fedef95000 	C:\Program Files (x86)\Common Files\Intel\OpenCL\bin\x64\__ocl_svml_l9.dll
0x000007feddea0000 - 0x000007fede576000 	C:\Program Files (x86)\Common Files\Intel\OpenCL\bin\x64\clang_compiler64.dll
0x000007fefe4a0000 - 0x000007fefe539000 	C:\Windows\system32\CLBCatQ.DLL
0x000007fefcef0000 - 0x000007fefcf47000 	C:\Windows\system32\apphelp.dll

VM Arguments:
jvm_args: -Dfile.encoding=UTF-8 -Xmx1500m 
java_command: cl.main.Main
java_class_path (initial): C:\Users\user\Desktop\Temp\jocl-2.0.0.jar;C:\Users\user\Documents\NetBeansProjects\JOCLWrapper\build\classes;C:\Users\user\Documents\NetBeansProjects\JOCLWrapper\dist\lib\JOCL-structs-0.0.1a-alpha.jar;C:\Users\user\Documents\GitHub\MultiThreadLibrary\build\classes;C:\Users\user\Documents\GitHub\Bitmap\build\classes;C:\Users\user\Documents\GitHub\FileSystem\build\classes;C:\Users\user\Documents\GitHub\Coordinate\build\classes;C:\Users\user\Documents\GitHub\MambaTracer\build\classes
Launcher Type: SUN_STANDARD

Environment Variables:
CLASSPATH=.;C:\Program Files (x86)\Java\jre1.8.0_60\lib\ext\QTJava.zip
PATH=C:\Program Files (x86)\Common Files\Oracle\Java\javapath;C:\ProgramData\Oracle\Java\javapath;C:\Windows\system32;C:\Windows;C:\Windows\System32\Wbem;C:\Windows\System32\WindowsPowerShell\v1.0\;C:\Program Files\Intel\WiFi\bin\;C:\Program Files\Common Files\Intel\WirelessCommon\;C:\Program Files (x86)\QuickTime\QTSystem\;C:\Program Files\Java\jdk1.8.0_45\bin;%LUXRENDER_ROOT%;C:\Program Files\nodejs\;C:\Users\user\Documents\Java\JOCL-0.2.0-RC-bin;C:\Users\user\AppData\Local\GitHubDesktop\bin;C:\Users\user\AppData\Roaming\npm;C:\Users\user\AppData\Local\Programs\Microsoft VS Code\bin
USERNAME=user
OS=Windows_NT
PROCESSOR_IDENTIFIER=Intel64 Family 6 Model 61 Stepping 4, GenuineIntel



---------------  S Y S T E M  ---------------

OS: Windows 7 , 64 bit Build 7601 (6.1.7601.18015)

CPU:total 4 (2 cores per cpu, 2 threads per core) family 6 model 61 stepping 4, cmov, cx8, fxsr, mmx, sse, sse2, sse3, ssse3, sse4.1, sse4.2, popcnt, avx, avx2, aes, clmul, erms, 3dnowpref, lzcnt, ht, tsc, tscinvbit, bmi1, bmi2, adx

Memory: 4k page, physical 4108492k(864696k free), swap 8215120k(2160148k free)

vm_info: Java HotSpot(TM) 64-Bit Server VM (25.45-b02) for windows-amd64 JRE (1.8.0_45-b15), built on Apr 30 2015 12:40:44 by "java_re" with MS VC++ 10.0 (VS2010)

time: Wed Sep 04 21:30:10 2019
elapsed time: 21 seconds (0d 0h 0m 21s)

